<?xml version="1.0" encoding="UTF-8"?>
<testsuite name="com.ceiba.persona.controlador.ComandoControladorPersonaTest" tests="3" skipped="0" failures="0" errors="0" timestamp="2021-08-19T15:33:25" hostname="LUZP-ZAPATA" time="0.049">
  <properties/>
  <testcase name="actualizarPersonaTest" classname="com.ceiba.persona.controlador.ComandoControladorPersonaTest" time="0.023"/>
  <testcase name="eliminarPersonaTest" classname="com.ceiba.persona.controlador.ComandoControladorPersonaTest" time="0.01"/>
  <testcase name="crearPersonaTest" classname="com.ceiba.persona.controlador.ComandoControladorPersonaTest" time="0.014"/>
  <system-out><![CDATA[2021-08-19 10:33:23.629  INFO 10456 --- [    Test worker] o.s.t.c.support.AbstractContextLoader    : Could not detect default resource locations for test class [com.ceiba.persona.controlador.ComandoControladorPersonaTest]: no resource found for suffixes {-context.xml, Context.groovy}.
2021-08-19 10:33:23.634  INFO 10456 --- [    Test worker] .b.t.a.w.s.WebMvcTestContextBootstrapper : Loaded default TestExecutionListener class names from location [META-INF/spring.factories]: [org.springframework.boot.test.autoconfigure.restdocs.RestDocsTestExecutionListener, org.springframework.boot.test.autoconfigure.web.client.MockRestServiceServerResetTestExecutionListener, org.springframework.boot.test.autoconfigure.web.servlet.MockMvcPrintOnlyOnFailureTestExecutionListener, org.springframework.boot.test.autoconfigure.web.servlet.WebDriverTestExecutionListener, org.springframework.boot.test.autoconfigure.webservices.client.MockWebServiceServerTestExecutionListener, org.springframework.boot.test.mock.mockito.MockitoTestExecutionListener, org.springframework.boot.test.mock.mockito.ResetMocksTestExecutionListener, org.springframework.test.context.web.ServletTestExecutionListener, org.springframework.test.context.support.DirtiesContextBeforeModesTestExecutionListener, org.springframework.test.context.event.ApplicationEventsTestExecutionListener, org.springframework.test.context.support.DependencyInjectionTestExecutionListener, org.springframework.test.context.support.DirtiesContextTestExecutionListener, org.springframework.test.context.transaction.TransactionalTestExecutionListener, org.springframework.test.context.jdbc.SqlScriptsTestExecutionListener, org.springframework.test.context.event.EventPublishingTestExecutionListener]
2021-08-19 10:33:23.634  INFO 10456 --- [    Test worker] .b.t.a.w.s.WebMvcTestContextBootstrapper : Using TestExecutionListeners: [org.springframework.test.context.web.ServletTestExecutionListener@64b61767, org.springframework.test.context.support.DirtiesContextBeforeModesTestExecutionListener@6be9f122, org.springframework.test.context.event.ApplicationEventsTestExecutionListener@718f71f5, org.springframework.boot.test.mock.mockito.MockitoTestExecutionListener@2119080, org.springframework.boot.test.autoconfigure.SpringBootDependencyInjectionTestExecutionListener@5648b28a, org.springframework.test.context.support.DirtiesContextTestExecutionListener@728c3980, org.springframework.test.context.transaction.TransactionalTestExecutionListener@7806fefd, org.springframework.test.context.jdbc.SqlScriptsTestExecutionListener@761df4ed, org.springframework.test.context.event.EventPublishingTestExecutionListener@65d2d446, org.springframework.boot.test.autoconfigure.restdocs.RestDocsTestExecutionListener@7601b145, org.springframework.boot.test.autoconfigure.web.client.MockRestServiceServerResetTestExecutionListener@39bf586e, org.springframework.boot.test.autoconfigure.web.servlet.MockMvcPrintOnlyOnFailureTestExecutionListener@201c7928, org.springframework.boot.test.autoconfigure.web.servlet.WebDriverTestExecutionListener@531fe989, org.springframework.boot.test.autoconfigure.webservices.client.MockWebServiceServerTestExecutionListener@28eff136, org.springframework.boot.test.mock.mockito.ResetMocksTestExecutionListener@6b50a06d]

  .   ____          _            __ _ _
 /\\ / ___'_ __ _ _(_)_ __  __ _ \ \ \ \
( ( )\___ | '_ | '_| | '_ \/ _` | \ \ \ \
 \\/  ___)| |_)| | | | | || (_| |  ) ) ) )
  '  |____| .__|_| |_|_| |_\__, | / / / /
 =========|_|==============|___/=/_/_/_/
 :: Spring Boot ::                (v2.5.2)

2021-08-19 10:33:23.698  INFO 10456 --- [    Test worker] c.c.p.c.ComandoControladorPersonaTest    : Starting ComandoControladorPersonaTest using Java 11.0.10 on LUZP-ZAPATA with PID 10456 (started by luz.zapata in C:\marketplace\java-arquitectura-hexagonal\microservicio\infraestructura)
2021-08-19 10:33:23.699  INFO 10456 --- [    Test worker] c.c.p.c.ComandoControladorPersonaTest    : No active profile set, falling back to default profiles: default
2021-08-19 10:33:24.196  INFO 10456 --- [    Test worker] com.zaxxer.hikari.HikariDataSource       : pool - Starting...
2021-08-19 10:33:24.197  INFO 10456 --- [    Test worker] com.zaxxer.hikari.HikariDataSource       : pool - Start completed.
2021-08-19 10:33:24.911  INFO 10456 --- [    Test worker] pertySourcedRequestMappingHandlerMapping : Mapped URL path [/v2/api-docs] onto method [springfox.documentation.swagger2.web.Swagger2Controller#getDocumentation(String, HttpServletRequest)]
2021-08-19 10:33:24.915  INFO 10456 --- [    Test worker] o.s.j.d.e.EmbeddedDatabaseFactory        : Starting embedded database: url='jdbc:h2:mem:testdb;DB_CLOSE_DELAY=-1;DB_CLOSE_ON_EXIT=false', username='sa'
2021-08-19 10:33:24.924  INFO 10456 --- [    Test worker] o.f.c.internal.database.DatabaseFactory  : Database: jdbc:h2:mem:testdb (H2 1.4)
2021-08-19 10:33:24.939  INFO 10456 --- [    Test worker] o.f.core.internal.command.DbValidate     : Successfully validated 2 migrations (execution time 00:00.005s)
2021-08-19 10:33:24.943  INFO 10456 --- [    Test worker] o.f.core.internal.command.DbMigrate      : Current version of schema "PUBLIC": 1.1
2021-08-19 10:33:24.944  INFO 10456 --- [    Test worker] o.f.core.internal.command.DbMigrate      : Schema "PUBLIC" is up to date. No migration necessary.
2021-08-19 10:33:25.292  INFO 10456 --- [    Test worker] o.s.b.t.m.w.SpringBootMockServletContext : Initializing Spring TestDispatcherServlet ''
2021-08-19 10:33:25.293  INFO 10456 --- [    Test worker] o.s.t.web.servlet.TestDispatcherServlet  : Initializing Servlet ''
2021-08-19 10:33:25.296  INFO 10456 --- [    Test worker] o.s.t.web.servlet.TestDispatcherServlet  : Completed initialization in 2 ms
2021-08-19 10:33:25.320  INFO 10456 --- [    Test worker] d.s.w.p.DocumentationPluginsBootstrapper : Context refreshed
2021-08-19 10:33:25.321  INFO 10456 --- [    Test worker] d.s.w.p.DocumentationPluginsBootstrapper : Found 1 custom documentation plugin(s)
2021-08-19 10:33:25.338  INFO 10456 --- [    Test worker] s.d.s.w.s.ApiListingReferenceScanner     : Scanning for api listing references
2021-08-19 10:33:25.361  INFO 10456 --- [    Test worker] .d.s.w.r.o.CachingOperationNameGenerator : Generating unique operation named: actualizarUsingPUT_1
2021-08-19 10:33:25.364  INFO 10456 --- [    Test worker] .d.s.w.r.o.CachingOperationNameGenerator : Generating unique operation named: crearUsingPOST_1
2021-08-19 10:33:25.366  INFO 10456 --- [    Test worker] .d.s.w.r.o.CachingOperationNameGenerator : Generating unique operation named: eliminarUsingDELETE_1
2021-08-19 10:33:25.373  INFO 10456 --- [    Test worker] .d.s.w.r.o.CachingOperationNameGenerator : Generating unique operation named: actualizarUsingPUT_2
2021-08-19 10:33:25.375  INFO 10456 --- [    Test worker] .d.s.w.r.o.CachingOperationNameGenerator : Generating unique operation named: crearUsingPOST_2
2021-08-19 10:33:25.377  INFO 10456 --- [    Test worker] .d.s.w.r.o.CachingOperationNameGenerator : Generating unique operation named: eliminarUsingDELETE_2
2021-08-19 10:33:25.399  INFO 10456 --- [    Test worker] .d.s.w.r.o.CachingOperationNameGenerator : Generating unique operation named: listarUsingGET_1
2021-08-19 10:33:25.404  INFO 10456 --- [    Test worker] .d.s.w.r.o.CachingOperationNameGenerator : Generating unique operation named: listarUsingGET_2
2021-08-19 10:33:25.408  INFO 10456 --- [    Test worker] .d.s.w.r.o.CachingOperationNameGenerator : Generating unique operation named: listarUsingGET_3
2021-08-19 10:33:25.417  INFO 10456 --- [    Test worker] .d.s.w.r.o.CachingOperationNameGenerator : Generating unique operation named: listarUsingGET_4
2021-08-19 10:33:25.421  INFO 10456 --- [    Test worker] .d.s.w.r.o.CachingOperationNameGenerator : Generating unique operation named: listarUsingGET_5
2021-08-19 10:33:25.425  INFO 10456 --- [    Test worker] .d.s.w.r.o.CachingOperationNameGenerator : Generating unique operation named: listarUsingGET_6
2021-08-19 10:33:25.427  INFO 10456 --- [    Test worker] .d.s.w.r.o.CachingOperationNameGenerator : Generating unique operation named: listarUsingGET_7
2021-08-19 10:33:25.437  INFO 10456 --- [    Test worker] c.c.p.c.ComandoControladorPersonaTest    : Started ComandoControladorPersonaTest in 1.798 seconds (JVM running for 16.05)
]]></system-out>
  <system-err><![CDATA[]]></system-err>
</testsuite>
