<?xml version="1.0" encoding="UTF-8"?>
<testsuite name="com.ceiba.scotter.controlador.ComandoControladorScotterTest" tests="3" skipped="0" failures="0" errors="0" timestamp="2021-08-03T14:38:30" hostname="LUZP-ZAPATA" time="0.049">
  <properties/>
  <testcase name="eliminarScotterTest" classname="com.ceiba.scotter.controlador.ComandoControladorScotterTest" time="0.013"/>
  <testcase name="crearScotterTest" classname="com.ceiba.scotter.controlador.ComandoControladorScotterTest" time="0.018"/>
  <testcase name="actualizarScotterTest" classname="com.ceiba.scotter.controlador.ComandoControladorScotterTest" time="0.014"/>
  <system-out><![CDATA[2021-08-03 09:38:30.850  INFO 11948 --- [    Test worker] o.s.t.c.support.AbstractContextLoader    : Could not detect default resource locations for test class [com.ceiba.scotter.controlador.ComandoControladorScotterTest]: no resource found for suffixes {-context.xml, Context.groovy}.
2021-08-03 09:38:30.854  INFO 11948 --- [    Test worker] .b.t.a.w.s.WebMvcTestContextBootstrapper : Loaded default TestExecutionListener class names from location [META-INF/spring.factories]: [org.springframework.boot.test.autoconfigure.restdocs.RestDocsTestExecutionListener, org.springframework.boot.test.autoconfigure.web.client.MockRestServiceServerResetTestExecutionListener, org.springframework.boot.test.autoconfigure.web.servlet.MockMvcPrintOnlyOnFailureTestExecutionListener, org.springframework.boot.test.autoconfigure.web.servlet.WebDriverTestExecutionListener, org.springframework.boot.test.autoconfigure.webservices.client.MockWebServiceServerTestExecutionListener, org.springframework.boot.test.mock.mockito.MockitoTestExecutionListener, org.springframework.boot.test.mock.mockito.ResetMocksTestExecutionListener, org.springframework.test.context.web.ServletTestExecutionListener, org.springframework.test.context.support.DirtiesContextBeforeModesTestExecutionListener, org.springframework.test.context.event.ApplicationEventsTestExecutionListener, org.springframework.test.context.support.DependencyInjectionTestExecutionListener, org.springframework.test.context.support.DirtiesContextTestExecutionListener, org.springframework.test.context.transaction.TransactionalTestExecutionListener, org.springframework.test.context.jdbc.SqlScriptsTestExecutionListener, org.springframework.test.context.event.EventPublishingTestExecutionListener]
2021-08-03 09:38:30.855  INFO 11948 --- [    Test worker] .b.t.a.w.s.WebMvcTestContextBootstrapper : Using TestExecutionListeners: [org.springframework.test.context.web.ServletTestExecutionListener@31d6541c, org.springframework.test.context.support.DirtiesContextBeforeModesTestExecutionListener@478e0fe0, org.springframework.test.context.event.ApplicationEventsTestExecutionListener@6ee09307, org.springframework.boot.test.mock.mockito.MockitoTestExecutionListener@177df4cd, org.springframework.boot.test.autoconfigure.SpringBootDependencyInjectionTestExecutionListener@1408248a, org.springframework.test.context.support.DirtiesContextTestExecutionListener@234ec8e4, org.springframework.test.context.transaction.TransactionalTestExecutionListener@49dc1f21, org.springframework.test.context.jdbc.SqlScriptsTestExecutionListener@317f414b, org.springframework.test.context.event.EventPublishingTestExecutionListener@64860f9a, org.springframework.boot.test.autoconfigure.restdocs.RestDocsTestExecutionListener@31dae206, org.springframework.boot.test.autoconfigure.web.client.MockRestServiceServerResetTestExecutionListener@18d6d60b, org.springframework.boot.test.autoconfigure.web.servlet.MockMvcPrintOnlyOnFailureTestExecutionListener@53e8b943, org.springframework.boot.test.autoconfigure.web.servlet.WebDriverTestExecutionListener@746967b, org.springframework.boot.test.autoconfigure.webservices.client.MockWebServiceServerTestExecutionListener@616a8e47, org.springframework.boot.test.mock.mockito.ResetMocksTestExecutionListener@4fa27aef]
]]></system-out>
  <system-err><![CDATA[]]></system-err>
</testsuite>
