<?xml version="1.0" encoding="UTF-8"?>
<testsuite name="com.ceiba.persona.controlador.ComandoControladorPersonaTest" tests="3" skipped="0" failures="0" errors="0" timestamp="2021-08-18T13:35:08" hostname="LUZP-ZAPATA" time="0.052">
  <properties/>
  <testcase name="actualizarPersonaTest" classname="com.ceiba.persona.controlador.ComandoControladorPersonaTest" time="0.025"/>
  <testcase name="eliminarPersonaTest" classname="com.ceiba.persona.controlador.ComandoControladorPersonaTest" time="0.01"/>
  <testcase name="crearPersonaTest" classname="com.ceiba.persona.controlador.ComandoControladorPersonaTest" time="0.015"/>
  <system-out><![CDATA[2021-08-18 08:35:06.938  INFO 15364 --- [    Test worker] o.s.t.c.support.AbstractContextLoader    : Could not detect default resource locations for test class [com.ceiba.persona.controlador.ComandoControladorPersonaTest]: no resource found for suffixes {-context.xml, Context.groovy}.
2021-08-18 08:35:06.943  INFO 15364 --- [    Test worker] .b.t.a.w.s.WebMvcTestContextBootstrapper : Loaded default TestExecutionListener class names from location [META-INF/spring.factories]: [org.springframework.boot.test.autoconfigure.restdocs.RestDocsTestExecutionListener, org.springframework.boot.test.autoconfigure.web.client.MockRestServiceServerResetTestExecutionListener, org.springframework.boot.test.autoconfigure.web.servlet.MockMvcPrintOnlyOnFailureTestExecutionListener, org.springframework.boot.test.autoconfigure.web.servlet.WebDriverTestExecutionListener, org.springframework.boot.test.autoconfigure.webservices.client.MockWebServiceServerTestExecutionListener, org.springframework.boot.test.mock.mockito.MockitoTestExecutionListener, org.springframework.boot.test.mock.mockito.ResetMocksTestExecutionListener, org.springframework.test.context.web.ServletTestExecutionListener, org.springframework.test.context.support.DirtiesContextBeforeModesTestExecutionListener, org.springframework.test.context.event.ApplicationEventsTestExecutionListener, org.springframework.test.context.support.DependencyInjectionTestExecutionListener, org.springframework.test.context.support.DirtiesContextTestExecutionListener, org.springframework.test.context.transaction.TransactionalTestExecutionListener, org.springframework.test.context.jdbc.SqlScriptsTestExecutionListener, org.springframework.test.context.event.EventPublishingTestExecutionListener]
2021-08-18 08:35:06.943  INFO 15364 --- [    Test worker] .b.t.a.w.s.WebMvcTestContextBootstrapper : Using TestExecutionListeners: [org.springframework.test.context.web.ServletTestExecutionListener@4c498ea0, org.springframework.test.context.support.DirtiesContextBeforeModesTestExecutionListener@76b54dd1, org.springframework.test.context.event.ApplicationEventsTestExecutionListener@20020cb2, org.springframework.boot.test.mock.mockito.MockitoTestExecutionListener@5cfef8ca, org.springframework.boot.test.autoconfigure.SpringBootDependencyInjectionTestExecutionListener@5cc2417b, org.springframework.test.context.support.DirtiesContextTestExecutionListener@4554f7, org.springframework.test.context.transaction.TransactionalTestExecutionListener@3012afd1, org.springframework.test.context.jdbc.SqlScriptsTestExecutionListener@1b8139b1, org.springframework.test.context.event.EventPublishingTestExecutionListener@55067a23, org.springframework.boot.test.autoconfigure.restdocs.RestDocsTestExecutionListener@7fce6e98, org.springframework.boot.test.autoconfigure.web.client.MockRestServiceServerResetTestExecutionListener@5a073a97, org.springframework.boot.test.autoconfigure.web.servlet.MockMvcPrintOnlyOnFailureTestExecutionListener@48d9ccd7, org.springframework.boot.test.autoconfigure.web.servlet.WebDriverTestExecutionListener@2ee8608d, org.springframework.boot.test.autoconfigure.webservices.client.MockWebServiceServerTestExecutionListener@22de7166, org.springframework.boot.test.mock.mockito.ResetMocksTestExecutionListener@416e3428]

  .   ____          _            __ _ _
 /\\ / ___'_ __ _ _(_)_ __  __ _ \ \ \ \
( ( )\___ | '_ | '_| | '_ \/ _` | \ \ \ \
 \\/  ___)| |_)| | | | | || (_| |  ) ) ) )
  '  |____| .__|_| |_|_| |_\__, | / / / /
 =========|_|==============|___/=/_/_/_/
 :: Spring Boot ::                (v2.5.2)

2021-08-18 08:35:07.001  INFO 15364 --- [    Test worker] c.c.p.c.ComandoControladorPersonaTest    : Starting ComandoControladorPersonaTest using Java 11.0.10 on LUZP-ZAPATA with PID 15364 (started by luz.zapata in C:\marketplace\java-arquitectura-hexagonal\microservicio\infraestructura)
2021-08-18 08:35:07.002  INFO 15364 --- [    Test worker] c.c.p.c.ComandoControladorPersonaTest    : No active profile set, falling back to default profiles: default
2021-08-18 08:35:07.509  INFO 15364 --- [    Test worker] com.zaxxer.hikari.HikariDataSource       : pool - Starting...
2021-08-18 08:35:07.512  INFO 15364 --- [    Test worker] com.zaxxer.hikari.HikariDataSource       : pool - Start completed.
2021-08-18 08:35:08.222  INFO 15364 --- [    Test worker] pertySourcedRequestMappingHandlerMapping : Mapped URL path [/v2/api-docs] onto method [springfox.documentation.swagger2.web.Swagger2Controller#getDocumentation(String, HttpServletRequest)]
2021-08-18 08:35:08.227  INFO 15364 --- [    Test worker] o.s.j.d.e.EmbeddedDatabaseFactory        : Starting embedded database: url='jdbc:h2:mem:testdb;DB_CLOSE_DELAY=-1;DB_CLOSE_ON_EXIT=false', username='sa'
2021-08-18 08:35:08.235  INFO 15364 --- [    Test worker] o.f.c.internal.database.DatabaseFactory  : Database: jdbc:h2:mem:testdb (H2 1.4)
2021-08-18 08:35:08.250  INFO 15364 --- [    Test worker] o.f.core.internal.command.DbValidate     : Successfully validated 2 migrations (execution time 00:00.005s)
2021-08-18 08:35:08.255  INFO 15364 --- [    Test worker] o.f.core.internal.command.DbMigrate      : Current version of schema "PUBLIC": 1.1
2021-08-18 08:35:08.256  INFO 15364 --- [    Test worker] o.f.core.internal.command.DbMigrate      : Schema "PUBLIC" is up to date. No migration necessary.
2021-08-18 08:35:08.603  INFO 15364 --- [    Test worker] o.s.b.t.m.w.SpringBootMockServletContext : Initializing Spring TestDispatcherServlet ''
2021-08-18 08:35:08.603  INFO 15364 --- [    Test worker] o.s.t.web.servlet.TestDispatcherServlet  : Initializing Servlet ''
2021-08-18 08:35:08.604  INFO 15364 --- [    Test worker] o.s.t.web.servlet.TestDispatcherServlet  : Completed initialization in 1 ms
2021-08-18 08:35:08.629  INFO 15364 --- [    Test worker] d.s.w.p.DocumentationPluginsBootstrapper : Context refreshed
2021-08-18 08:35:08.630  INFO 15364 --- [    Test worker] d.s.w.p.DocumentationPluginsBootstrapper : Found 1 custom documentation plugin(s)
2021-08-18 08:35:08.647  INFO 15364 --- [    Test worker] s.d.s.w.s.ApiListingReferenceScanner     : Scanning for api listing references
2021-08-18 08:35:08.672  INFO 15364 --- [    Test worker] .d.s.w.r.o.CachingOperationNameGenerator : Generating unique operation named: actualizarUsingPUT_1
2021-08-18 08:35:08.675  INFO 15364 --- [    Test worker] .d.s.w.r.o.CachingOperationNameGenerator : Generating unique operation named: crearUsingPOST_1
2021-08-18 08:35:08.678  INFO 15364 --- [    Test worker] .d.s.w.r.o.CachingOperationNameGenerator : Generating unique operation named: eliminarUsingDELETE_1
2021-08-18 08:35:08.684  INFO 15364 --- [    Test worker] .d.s.w.r.o.CachingOperationNameGenerator : Generating unique operation named: actualizarUsingPUT_2
2021-08-18 08:35:08.686  INFO 15364 --- [    Test worker] .d.s.w.r.o.CachingOperationNameGenerator : Generating unique operation named: crearUsingPOST_2
2021-08-18 08:35:08.688  INFO 15364 --- [    Test worker] .d.s.w.r.o.CachingOperationNameGenerator : Generating unique operation named: eliminarUsingDELETE_2
2021-08-18 08:35:08.701  INFO 15364 --- [    Test worker] .d.s.w.r.o.CachingOperationNameGenerator : Generating unique operation named: listarUsingGET_1
2021-08-18 08:35:08.705  INFO 15364 --- [    Test worker] .d.s.w.r.o.CachingOperationNameGenerator : Generating unique operation named: listarUsingGET_2
2021-08-18 08:35:08.708  INFO 15364 --- [    Test worker] .d.s.w.r.o.CachingOperationNameGenerator : Generating unique operation named: listarUsingGET_3
2021-08-18 08:35:08.715  INFO 15364 --- [    Test worker] .d.s.w.r.o.CachingOperationNameGenerator : Generating unique operation named: listarUsingGET_4
2021-08-18 08:35:08.718  INFO 15364 --- [    Test worker] .d.s.w.r.o.CachingOperationNameGenerator : Generating unique operation named: listarUsingGET_5
2021-08-18 08:35:08.721  INFO 15364 --- [    Test worker] .d.s.w.r.o.CachingOperationNameGenerator : Generating unique operation named: listarUsingGET_6
2021-08-18 08:35:08.723  INFO 15364 --- [    Test worker] .d.s.w.r.o.CachingOperationNameGenerator : Generating unique operation named: listarUsingGET_7
2021-08-18 08:35:08.732  INFO 15364 --- [    Test worker] c.c.p.c.ComandoControladorPersonaTest    : Started ComandoControladorPersonaTest in 1.784 seconds (JVM running for 18.654)
]]></system-out>
  <system-err><![CDATA[]]></system-err>
</testsuite>
