<?xml version="1.0" encoding="UTF-8"?>
<testsuite name="com.ceiba.scotter.controlador.ComandoControladorScotterTest" tests="3" skipped="0" failures="0" errors="0" timestamp="2021-08-19T19:34:51" hostname="LUZP-ZAPATA" time="0.043">
  <properties/>
  <testcase name="eliminarScotterTest" classname="com.ceiba.scotter.controlador.ComandoControladorScotterTest" time="0.012"/>
  <testcase name="crearScotterTest" classname="com.ceiba.scotter.controlador.ComandoControladorScotterTest" time="0.017"/>
  <testcase name="actualizarScotterTest" classname="com.ceiba.scotter.controlador.ComandoControladorScotterTest" time="0.011"/>
  <system-out><![CDATA[2021-08-19 14:34:51.598  INFO 13996 --- [    Test worker] o.s.t.c.support.AbstractContextLoader    : Could not detect default resource locations for test class [com.ceiba.scotter.controlador.ComandoControladorScotterTest]: no resource found for suffixes {-context.xml, Context.groovy}.
2021-08-19 14:34:51.603  INFO 13996 --- [    Test worker] .b.t.a.w.s.WebMvcTestContextBootstrapper : Loaded default TestExecutionListener class names from location [META-INF/spring.factories]: [org.springframework.boot.test.autoconfigure.restdocs.RestDocsTestExecutionListener, org.springframework.boot.test.autoconfigure.web.client.MockRestServiceServerResetTestExecutionListener, org.springframework.boot.test.autoconfigure.web.servlet.MockMvcPrintOnlyOnFailureTestExecutionListener, org.springframework.boot.test.autoconfigure.web.servlet.WebDriverTestExecutionListener, org.springframework.boot.test.autoconfigure.webservices.client.MockWebServiceServerTestExecutionListener, org.springframework.boot.test.mock.mockito.MockitoTestExecutionListener, org.springframework.boot.test.mock.mockito.ResetMocksTestExecutionListener, org.springframework.test.context.web.ServletTestExecutionListener, org.springframework.test.context.support.DirtiesContextBeforeModesTestExecutionListener, org.springframework.test.context.event.ApplicationEventsTestExecutionListener, org.springframework.test.context.support.DependencyInjectionTestExecutionListener, org.springframework.test.context.support.DirtiesContextTestExecutionListener, org.springframework.test.context.transaction.TransactionalTestExecutionListener, org.springframework.test.context.jdbc.SqlScriptsTestExecutionListener, org.springframework.test.context.event.EventPublishingTestExecutionListener]
2021-08-19 14:34:51.604  INFO 13996 --- [    Test worker] .b.t.a.w.s.WebMvcTestContextBootstrapper : Using TestExecutionListeners: [org.springframework.test.context.web.ServletTestExecutionListener@3c872a88, org.springframework.test.context.support.DirtiesContextBeforeModesTestExecutionListener@5dbc2689, org.springframework.test.context.event.ApplicationEventsTestExecutionListener@76d2bce3, org.springframework.boot.test.mock.mockito.MockitoTestExecutionListener@35d9c68c, org.springframework.boot.test.autoconfigure.SpringBootDependencyInjectionTestExecutionListener@308f69d5, org.springframework.test.context.support.DirtiesContextTestExecutionListener@cbb8923, org.springframework.test.context.transaction.TransactionalTestExecutionListener@6fed09f3, org.springframework.test.context.jdbc.SqlScriptsTestExecutionListener@147b5f24, org.springframework.test.context.event.EventPublishingTestExecutionListener@5ff14dbf, org.springframework.boot.test.autoconfigure.restdocs.RestDocsTestExecutionListener@f5335f3, org.springframework.boot.test.autoconfigure.web.client.MockRestServiceServerResetTestExecutionListener@876177b, org.springframework.boot.test.autoconfigure.web.servlet.MockMvcPrintOnlyOnFailureTestExecutionListener@46baeb2e, org.springframework.boot.test.autoconfigure.web.servlet.WebDriverTestExecutionListener@1373caf3, org.springframework.boot.test.autoconfigure.webservices.client.MockWebServiceServerTestExecutionListener@59999c3, org.springframework.boot.test.mock.mockito.ResetMocksTestExecutionListener@3dec9bc4]
]]></system-out>
  <system-err><![CDATA[]]></system-err>
</testsuite>
