<?xml version="1.0" encoding="UTF-8"?>
<testsuite name="com.ceiba.compra.controlador.ComandoControladorCompraTest" tests="2" skipped="0" failures="0" errors="0" timestamp="2021-09-13T01:40:10" hostname="LUZP-ZAPATA" time="0.201">
  <properties/>
  <testcase name="crearCompraTest" classname="com.ceiba.compra.controlador.ComandoControladorCompraTest" time="0.187"/>
  <testcase name="eliminarCompraTest" classname="com.ceiba.compra.controlador.ComandoControladorCompraTest" time="0.013"/>
  <system-out><![CDATA[2021-09-12 20:40:08.242  INFO 15592 --- [    Test worker] o.s.t.c.support.AbstractContextLoader    : Could not detect default resource locations for test class [com.ceiba.compra.controlador.ComandoControladorCompraTest]: no resource found for suffixes {-context.xml, Context.groovy}.
2021-09-12 20:40:08.250  INFO 15592 --- [    Test worker] .b.t.a.w.s.WebMvcTestContextBootstrapper : Loaded default TestExecutionListener class names from location [META-INF/spring.factories]: [org.springframework.boot.test.autoconfigure.restdocs.RestDocsTestExecutionListener, org.springframework.boot.test.autoconfigure.web.client.MockRestServiceServerResetTestExecutionListener, org.springframework.boot.test.autoconfigure.web.servlet.MockMvcPrintOnlyOnFailureTestExecutionListener, org.springframework.boot.test.autoconfigure.web.servlet.WebDriverTestExecutionListener, org.springframework.boot.test.autoconfigure.webservices.client.MockWebServiceServerTestExecutionListener, org.springframework.boot.test.mock.mockito.MockitoTestExecutionListener, org.springframework.boot.test.mock.mockito.ResetMocksTestExecutionListener, org.springframework.test.context.web.ServletTestExecutionListener, org.springframework.test.context.support.DirtiesContextBeforeModesTestExecutionListener, org.springframework.test.context.event.ApplicationEventsTestExecutionListener, org.springframework.test.context.support.DependencyInjectionTestExecutionListener, org.springframework.test.context.support.DirtiesContextTestExecutionListener, org.springframework.test.context.transaction.TransactionalTestExecutionListener, org.springframework.test.context.jdbc.SqlScriptsTestExecutionListener, org.springframework.test.context.event.EventPublishingTestExecutionListener]
2021-09-12 20:40:08.251  INFO 15592 --- [    Test worker] .b.t.a.w.s.WebMvcTestContextBootstrapper : Using TestExecutionListeners: [org.springframework.test.context.web.ServletTestExecutionListener@7f6ab53e, org.springframework.test.context.support.DirtiesContextBeforeModesTestExecutionListener@21951be8, org.springframework.test.context.event.ApplicationEventsTestExecutionListener@5a399d1f, org.springframework.boot.test.mock.mockito.MockitoTestExecutionListener@6073d215, org.springframework.boot.test.autoconfigure.SpringBootDependencyInjectionTestExecutionListener@4a1a4860, org.springframework.test.context.support.DirtiesContextTestExecutionListener@43595090, org.springframework.test.context.transaction.TransactionalTestExecutionListener@559eec81, org.springframework.test.context.jdbc.SqlScriptsTestExecutionListener@2b037f5d, org.springframework.test.context.event.EventPublishingTestExecutionListener@33c26b15, org.springframework.boot.test.autoconfigure.restdocs.RestDocsTestExecutionListener@3a96702d, org.springframework.boot.test.autoconfigure.web.client.MockRestServiceServerResetTestExecutionListener@18ce691a, org.springframework.boot.test.autoconfigure.web.servlet.MockMvcPrintOnlyOnFailureTestExecutionListener@280714c9, org.springframework.boot.test.autoconfigure.web.servlet.WebDriverTestExecutionListener@83d581f, org.springframework.boot.test.autoconfigure.webservices.client.MockWebServiceServerTestExecutionListener@1a3562d, org.springframework.boot.test.mock.mockito.ResetMocksTestExecutionListener@6ace79ba]

  .   ____          _            __ _ _
 /\\ / ___'_ __ _ _(_)_ __  __ _ \ \ \ \
( ( )\___ | '_ | '_| | '_ \/ _` | \ \ \ \
 \\/  ___)| |_)| | | | | || (_| |  ) ) ) )
  '  |____| .__|_| |_|_| |_\__, | / / / /
 =========|_|==============|___/=/_/_/_/
 :: Spring Boot ::                (v2.5.2)

2021-09-12 20:40:08.326  INFO 15592 --- [    Test worker] c.c.c.c.ComandoControladorCompraTest     : Starting ComandoControladorCompraTest using Java 11.0.10 on LUZP-ZAPATA with PID 15592 (started by luz.zapata in C:\marketplace\java-arquitectura-hexagonal\microservicio\infraestructura)
2021-09-12 20:40:08.328  INFO 15592 --- [    Test worker] c.c.c.c.ComandoControladorCompraTest     : No active profile set, falling back to default profiles: default
2021-09-12 20:40:08.927  INFO 15592 --- [    Test worker] com.zaxxer.hikari.HikariDataSource       : pool - Starting...
2021-09-12 20:40:08.929  INFO 15592 --- [    Test worker] com.zaxxer.hikari.HikariDataSource       : pool - Start completed.
2021-09-12 20:40:09.732  INFO 15592 --- [    Test worker] pertySourcedRequestMappingHandlerMapping : Mapped URL path [/v2/api-docs] onto method [springfox.documentation.swagger2.web.Swagger2Controller#getDocumentation(String, HttpServletRequest)]
2021-09-12 20:40:09.738  INFO 15592 --- [    Test worker] o.s.j.d.e.EmbeddedDatabaseFactory        : Starting embedded database: url='jdbc:h2:mem:testdb;DB_CLOSE_DELAY=-1;DB_CLOSE_ON_EXIT=false', username='sa'
2021-09-12 20:40:09.751  INFO 15592 --- [    Test worker] o.f.c.internal.database.DatabaseFactory  : Database: jdbc:h2:mem:testdb (H2 1.4)
2021-09-12 20:40:09.775  INFO 15592 --- [    Test worker] o.f.core.internal.command.DbValidate     : Successfully validated 2 migrations (execution time 00:00.012s)
2021-09-12 20:40:09.780  INFO 15592 --- [    Test worker] o.f.core.internal.command.DbMigrate      : Current version of schema "PUBLIC": 1.1
2021-09-12 20:40:09.781  INFO 15592 --- [    Test worker] o.f.core.internal.command.DbMigrate      : Schema "PUBLIC" is up to date. No migration necessary.
2021-09-12 20:40:10.213  INFO 15592 --- [    Test worker] o.s.b.t.m.w.SpringBootMockServletContext : Initializing Spring TestDispatcherServlet ''
2021-09-12 20:40:10.215  INFO 15592 --- [    Test worker] o.s.t.web.servlet.TestDispatcherServlet  : Initializing Servlet ''
2021-09-12 20:40:10.216  INFO 15592 --- [    Test worker] o.s.t.web.servlet.TestDispatcherServlet  : Completed initialization in 1 ms
2021-09-12 20:40:10.244  INFO 15592 --- [    Test worker] d.s.w.p.DocumentationPluginsBootstrapper : Context refreshed
2021-09-12 20:40:10.245  INFO 15592 --- [    Test worker] d.s.w.p.DocumentationPluginsBootstrapper : Found 1 custom documentation plugin(s)
2021-09-12 20:40:10.263  INFO 15592 --- [    Test worker] s.d.s.w.s.ApiListingReferenceScanner     : Scanning for api listing references
2021-09-12 20:40:10.292  INFO 15592 --- [    Test worker] .d.s.w.r.o.CachingOperationNameGenerator : Generating unique operation named: crearUsingPOST_1
2021-09-12 20:40:10.298  INFO 15592 --- [    Test worker] .d.s.w.r.o.CachingOperationNameGenerator : Generating unique operation named: eliminarUsingDELETE_1
2021-09-12 20:40:10.308  INFO 15592 --- [    Test worker] .d.s.w.r.o.CachingOperationNameGenerator : Generating unique operation named: actualizarUsingPUT_1
2021-09-12 20:40:10.312  INFO 15592 --- [    Test worker] .d.s.w.r.o.CachingOperationNameGenerator : Generating unique operation named: crearUsingPOST_2
2021-09-12 20:40:10.316  INFO 15592 --- [    Test worker] .d.s.w.r.o.CachingOperationNameGenerator : Generating unique operation named: eliminarUsingDELETE_2
2021-09-12 20:40:10.329  INFO 15592 --- [    Test worker] .d.s.w.r.o.CachingOperationNameGenerator : Generating unique operation named: listarUsingGET_1
2021-09-12 20:40:10.334  INFO 15592 --- [    Test worker] .d.s.w.r.o.CachingOperationNameGenerator : Generating unique operation named: listarUsingGET_2
2021-09-12 20:40:10.337  INFO 15592 --- [    Test worker] .d.s.w.r.o.CachingOperationNameGenerator : Generating unique operation named: listarUsingGET_3
2021-09-12 20:40:10.346  INFO 15592 --- [    Test worker] .d.s.w.r.o.CachingOperationNameGenerator : Generating unique operation named: listarUsingGET_4
2021-09-12 20:40:10.350  INFO 15592 --- [    Test worker] .d.s.w.r.o.CachingOperationNameGenerator : Generating unique operation named: listarUsingGET_5
2021-09-12 20:40:10.353  INFO 15592 --- [    Test worker] .d.s.w.r.o.CachingOperationNameGenerator : Generating unique operation named: listarUsingGET_6
2021-09-12 20:40:10.357  INFO 15592 --- [    Test worker] .d.s.w.r.o.CachingOperationNameGenerator : Generating unique operation named: listarUsingGET_7
2021-09-12 20:40:10.369  INFO 15592 --- [    Test worker] c.c.c.c.ComandoControladorCompraTest     : Started ComandoControladorCompraTest in 2.113 seconds (JVM running for 14.031)
]]></system-out>
  <system-err><![CDATA[]]></system-err>
</testsuite>
