<?xml version="1.0" encoding="UTF-8"?>
<testsuite name="com.ceiba.persona.controlador.ComandoControladorPersonaTest" tests="3" skipped="0" failures="0" errors="0" timestamp="2021-08-19T16:31:14" hostname="LUZP-ZAPATA" time="0.046">
  <properties/>
  <testcase name="actualizarPersonaTest" classname="com.ceiba.persona.controlador.ComandoControladorPersonaTest" time="0.02"/>
  <testcase name="eliminarPersonaTest" classname="com.ceiba.persona.controlador.ComandoControladorPersonaTest" time="0.01"/>
  <testcase name="crearPersonaTest" classname="com.ceiba.persona.controlador.ComandoControladorPersonaTest" time="0.013"/>
  <system-out><![CDATA[2021-08-19 11:31:13.048  INFO 11200 --- [    Test worker] o.s.t.c.support.AbstractContextLoader    : Could not detect default resource locations for test class [com.ceiba.persona.controlador.ComandoControladorPersonaTest]: no resource found for suffixes {-context.xml, Context.groovy}.
2021-08-19 11:31:13.052  INFO 11200 --- [    Test worker] .b.t.a.w.s.WebMvcTestContextBootstrapper : Loaded default TestExecutionListener class names from location [META-INF/spring.factories]: [org.springframework.boot.test.autoconfigure.restdocs.RestDocsTestExecutionListener, org.springframework.boot.test.autoconfigure.web.client.MockRestServiceServerResetTestExecutionListener, org.springframework.boot.test.autoconfigure.web.servlet.MockMvcPrintOnlyOnFailureTestExecutionListener, org.springframework.boot.test.autoconfigure.web.servlet.WebDriverTestExecutionListener, org.springframework.boot.test.autoconfigure.webservices.client.MockWebServiceServerTestExecutionListener, org.springframework.boot.test.mock.mockito.MockitoTestExecutionListener, org.springframework.boot.test.mock.mockito.ResetMocksTestExecutionListener, org.springframework.test.context.web.ServletTestExecutionListener, org.springframework.test.context.support.DirtiesContextBeforeModesTestExecutionListener, org.springframework.test.context.event.ApplicationEventsTestExecutionListener, org.springframework.test.context.support.DependencyInjectionTestExecutionListener, org.springframework.test.context.support.DirtiesContextTestExecutionListener, org.springframework.test.context.transaction.TransactionalTestExecutionListener, org.springframework.test.context.jdbc.SqlScriptsTestExecutionListener, org.springframework.test.context.event.EventPublishingTestExecutionListener]
2021-08-19 11:31:13.053  INFO 11200 --- [    Test worker] .b.t.a.w.s.WebMvcTestContextBootstrapper : Using TestExecutionListeners: [org.springframework.test.context.web.ServletTestExecutionListener@293cda3, org.springframework.test.context.support.DirtiesContextBeforeModesTestExecutionListener@345b3948, org.springframework.test.context.event.ApplicationEventsTestExecutionListener@6ae16a07, org.springframework.boot.test.mock.mockito.MockitoTestExecutionListener@d744bf6, org.springframework.boot.test.autoconfigure.SpringBootDependencyInjectionTestExecutionListener@1116612e, org.springframework.test.context.support.DirtiesContextTestExecutionListener@7cea9b3d, org.springframework.test.context.transaction.TransactionalTestExecutionListener@1dba67f5, org.springframework.test.context.jdbc.SqlScriptsTestExecutionListener@323eb44f, org.springframework.test.context.event.EventPublishingTestExecutionListener@1003ac37, org.springframework.boot.test.autoconfigure.restdocs.RestDocsTestExecutionListener@3898fe79, org.springframework.boot.test.autoconfigure.web.client.MockRestServiceServerResetTestExecutionListener@76d3b350, org.springframework.boot.test.autoconfigure.web.servlet.MockMvcPrintOnlyOnFailureTestExecutionListener@3108fd09, org.springframework.boot.test.autoconfigure.web.servlet.WebDriverTestExecutionListener@3ce79d0b, org.springframework.boot.test.autoconfigure.webservices.client.MockWebServiceServerTestExecutionListener@4373c7d8, org.springframework.boot.test.mock.mockito.ResetMocksTestExecutionListener@2851a5d5]

  .   ____          _            __ _ _
 /\\ / ___'_ __ _ _(_)_ __  __ _ \ \ \ \
( ( )\___ | '_ | '_| | '_ \/ _` | \ \ \ \
 \\/  ___)| |_)| | | | | || (_| |  ) ) ) )
  '  |____| .__|_| |_|_| |_\__, | / / / /
 =========|_|==============|___/=/_/_/_/
 :: Spring Boot ::                (v2.5.2)

2021-08-19 11:31:13.116  INFO 11200 --- [    Test worker] c.c.p.c.ComandoControladorPersonaTest    : Starting ComandoControladorPersonaTest using Java 11.0.10 on LUZP-ZAPATA with PID 11200 (started by luz.zapata in C:\marketplace\java-arquitectura-hexagonal\microservicio\infraestructura)
2021-08-19 11:31:13.117  INFO 11200 --- [    Test worker] c.c.p.c.ComandoControladorPersonaTest    : No active profile set, falling back to default profiles: default
2021-08-19 11:31:13.653  INFO 11200 --- [    Test worker] com.zaxxer.hikari.HikariDataSource       : pool - Starting...
2021-08-19 11:31:13.655  INFO 11200 --- [    Test worker] com.zaxxer.hikari.HikariDataSource       : pool - Start completed.
2021-08-19 11:31:14.346  INFO 11200 --- [    Test worker] pertySourcedRequestMappingHandlerMapping : Mapped URL path [/v2/api-docs] onto method [springfox.documentation.swagger2.web.Swagger2Controller#getDocumentation(String, HttpServletRequest)]
2021-08-19 11:31:14.350  INFO 11200 --- [    Test worker] o.s.j.d.e.EmbeddedDatabaseFactory        : Starting embedded database: url='jdbc:h2:mem:testdb;DB_CLOSE_DELAY=-1;DB_CLOSE_ON_EXIT=false', username='sa'
2021-08-19 11:31:14.359  INFO 11200 --- [    Test worker] o.f.c.internal.database.DatabaseFactory  : Database: jdbc:h2:mem:testdb (H2 1.4)
2021-08-19 11:31:14.374  INFO 11200 --- [    Test worker] o.f.core.internal.command.DbValidate     : Successfully validated 2 migrations (execution time 00:00.005s)
2021-08-19 11:31:14.380  INFO 11200 --- [    Test worker] o.f.core.internal.command.DbMigrate      : Current version of schema "PUBLIC": 1.1
2021-08-19 11:31:14.381  INFO 11200 --- [    Test worker] o.f.core.internal.command.DbMigrate      : Schema "PUBLIC" is up to date. No migration necessary.
2021-08-19 11:31:14.712  INFO 11200 --- [    Test worker] o.s.b.t.m.w.SpringBootMockServletContext : Initializing Spring TestDispatcherServlet ''
2021-08-19 11:31:14.713  INFO 11200 --- [    Test worker] o.s.t.web.servlet.TestDispatcherServlet  : Initializing Servlet ''
2021-08-19 11:31:14.714  INFO 11200 --- [    Test worker] o.s.t.web.servlet.TestDispatcherServlet  : Completed initialization in 1 ms
2021-08-19 11:31:14.735  INFO 11200 --- [    Test worker] d.s.w.p.DocumentationPluginsBootstrapper : Context refreshed
2021-08-19 11:31:14.736  INFO 11200 --- [    Test worker] d.s.w.p.DocumentationPluginsBootstrapper : Found 1 custom documentation plugin(s)
2021-08-19 11:31:14.753  INFO 11200 --- [    Test worker] s.d.s.w.s.ApiListingReferenceScanner     : Scanning for api listing references
2021-08-19 11:31:14.777  INFO 11200 --- [    Test worker] .d.s.w.r.o.CachingOperationNameGenerator : Generating unique operation named: actualizarUsingPUT_1
2021-08-19 11:31:14.780  INFO 11200 --- [    Test worker] .d.s.w.r.o.CachingOperationNameGenerator : Generating unique operation named: crearUsingPOST_1
2021-08-19 11:31:14.783  INFO 11200 --- [    Test worker] .d.s.w.r.o.CachingOperationNameGenerator : Generating unique operation named: eliminarUsingDELETE_1
2021-08-19 11:31:14.790  INFO 11200 --- [    Test worker] .d.s.w.r.o.CachingOperationNameGenerator : Generating unique operation named: actualizarUsingPUT_2
2021-08-19 11:31:14.793  INFO 11200 --- [    Test worker] .d.s.w.r.o.CachingOperationNameGenerator : Generating unique operation named: crearUsingPOST_2
2021-08-19 11:31:14.795  INFO 11200 --- [    Test worker] .d.s.w.r.o.CachingOperationNameGenerator : Generating unique operation named: eliminarUsingDELETE_2
2021-08-19 11:31:14.808  INFO 11200 --- [    Test worker] .d.s.w.r.o.CachingOperationNameGenerator : Generating unique operation named: listarUsingGET_1
2021-08-19 11:31:14.811  INFO 11200 --- [    Test worker] .d.s.w.r.o.CachingOperationNameGenerator : Generating unique operation named: listarUsingGET_2
2021-08-19 11:31:14.815  INFO 11200 --- [    Test worker] .d.s.w.r.o.CachingOperationNameGenerator : Generating unique operation named: listarUsingGET_3
2021-08-19 11:31:14.822  INFO 11200 --- [    Test worker] .d.s.w.r.o.CachingOperationNameGenerator : Generating unique operation named: listarUsingGET_4
2021-08-19 11:31:14.826  INFO 11200 --- [    Test worker] .d.s.w.r.o.CachingOperationNameGenerator : Generating unique operation named: listarUsingGET_5
2021-08-19 11:31:14.829  INFO 11200 --- [    Test worker] .d.s.w.r.o.CachingOperationNameGenerator : Generating unique operation named: listarUsingGET_6
2021-08-19 11:31:14.832  INFO 11200 --- [    Test worker] .d.s.w.r.o.CachingOperationNameGenerator : Generating unique operation named: listarUsingGET_7
2021-08-19 11:31:14.838  INFO 11200 --- [    Test worker] c.c.p.c.ComandoControladorPersonaTest    : Started ComandoControladorPersonaTest in 1.78 seconds (JVM running for 16.121)
]]></system-out>
  <system-err><![CDATA[]]></system-err>
</testsuite>
