<?xml version="1.0" encoding="UTF-8"?>
<testsuite name="com.ceiba.scotter.controlador.ComandoControladorScotterTest" tests="3" skipped="0" failures="0" errors="0" timestamp="2021-09-13T01:40:16" hostname="LUZP-ZAPATA" time="0.043">
  <properties/>
  <testcase name="eliminarScotterTest" classname="com.ceiba.scotter.controlador.ComandoControladorScotterTest" time="0.011"/>
  <testcase name="crearScotterTest" classname="com.ceiba.scotter.controlador.ComandoControladorScotterTest" time="0.017"/>
  <testcase name="actualizarScotterTest" classname="com.ceiba.scotter.controlador.ComandoControladorScotterTest" time="0.012"/>
  <system-out><![CDATA[2021-09-12 20:40:16.078  INFO 15592 --- [    Test worker] o.s.t.c.support.AbstractContextLoader    : Could not detect default resource locations for test class [com.ceiba.scotter.controlador.ComandoControladorScotterTest]: no resource found for suffixes {-context.xml, Context.groovy}.
2021-09-12 20:40:16.084  INFO 15592 --- [    Test worker] .b.t.a.w.s.WebMvcTestContextBootstrapper : Loaded default TestExecutionListener class names from location [META-INF/spring.factories]: [org.springframework.boot.test.autoconfigure.restdocs.RestDocsTestExecutionListener, org.springframework.boot.test.autoconfigure.web.client.MockRestServiceServerResetTestExecutionListener, org.springframework.boot.test.autoconfigure.web.servlet.MockMvcPrintOnlyOnFailureTestExecutionListener, org.springframework.boot.test.autoconfigure.web.servlet.WebDriverTestExecutionListener, org.springframework.boot.test.autoconfigure.webservices.client.MockWebServiceServerTestExecutionListener, org.springframework.boot.test.mock.mockito.MockitoTestExecutionListener, org.springframework.boot.test.mock.mockito.ResetMocksTestExecutionListener, org.springframework.test.context.web.ServletTestExecutionListener, org.springframework.test.context.support.DirtiesContextBeforeModesTestExecutionListener, org.springframework.test.context.event.ApplicationEventsTestExecutionListener, org.springframework.test.context.support.DependencyInjectionTestExecutionListener, org.springframework.test.context.support.DirtiesContextTestExecutionListener, org.springframework.test.context.transaction.TransactionalTestExecutionListener, org.springframework.test.context.jdbc.SqlScriptsTestExecutionListener, org.springframework.test.context.event.EventPublishingTestExecutionListener]
2021-09-12 20:40:16.085  INFO 15592 --- [    Test worker] .b.t.a.w.s.WebMvcTestContextBootstrapper : Using TestExecutionListeners: [org.springframework.test.context.web.ServletTestExecutionListener@7982eb08, org.springframework.test.context.support.DirtiesContextBeforeModesTestExecutionListener@528a5791, org.springframework.test.context.event.ApplicationEventsTestExecutionListener@56370e1d, org.springframework.boot.test.mock.mockito.MockitoTestExecutionListener@99831e9, org.springframework.boot.test.autoconfigure.SpringBootDependencyInjectionTestExecutionListener@672c5179, org.springframework.test.context.support.DirtiesContextTestExecutionListener@671aa4d2, org.springframework.test.context.transaction.TransactionalTestExecutionListener@93319ca, org.springframework.test.context.jdbc.SqlScriptsTestExecutionListener@416c667c, org.springframework.test.context.event.EventPublishingTestExecutionListener@444e40b1, org.springframework.boot.test.autoconfigure.restdocs.RestDocsTestExecutionListener@764040de, org.springframework.boot.test.autoconfigure.web.client.MockRestServiceServerResetTestExecutionListener@67acfa95, org.springframework.boot.test.autoconfigure.web.servlet.MockMvcPrintOnlyOnFailureTestExecutionListener@45512f9a, org.springframework.boot.test.autoconfigure.web.servlet.WebDriverTestExecutionListener@732cb449, org.springframework.boot.test.autoconfigure.webservices.client.MockWebServiceServerTestExecutionListener@71e5c42, org.springframework.boot.test.mock.mockito.ResetMocksTestExecutionListener@7666666]
]]></system-out>
  <system-err><![CDATA[]]></system-err>
</testsuite>
