<?xml version="1.0" encoding="UTF-8"?>
<testsuite name="com.ceiba.compra.controlador.ConsultaControladorCompraTest" tests="1" skipped="0" failures="0" errors="0" timestamp="2021-09-13T02:06:50" hostname="LUZP-ZAPATA" time="0.187">
  <properties/>
  <testcase name="listarCompraTest" classname="com.ceiba.compra.controlador.ConsultaControladorCompraTest" time="0.187"/>
  <system-out><![CDATA[2021-09-12 21:06:48.335  INFO 22988 --- [    Test worker] o.s.t.c.support.AbstractContextLoader    : Could not detect default resource locations for test class [com.ceiba.compra.controlador.ConsultaControladorCompraTest]: no resource found for suffixes {-context.xml, Context.groovy}.
2021-09-12 21:06:48.342  INFO 22988 --- [    Test worker] .b.t.a.w.s.WebMvcTestContextBootstrapper : Loaded default TestExecutionListener class names from location [META-INF/spring.factories]: [org.springframework.boot.test.autoconfigure.restdocs.RestDocsTestExecutionListener, org.springframework.boot.test.autoconfigure.web.client.MockRestServiceServerResetTestExecutionListener, org.springframework.boot.test.autoconfigure.web.servlet.MockMvcPrintOnlyOnFailureTestExecutionListener, org.springframework.boot.test.autoconfigure.web.servlet.WebDriverTestExecutionListener, org.springframework.boot.test.autoconfigure.webservices.client.MockWebServiceServerTestExecutionListener, org.springframework.boot.test.mock.mockito.MockitoTestExecutionListener, org.springframework.boot.test.mock.mockito.ResetMocksTestExecutionListener, org.springframework.test.context.web.ServletTestExecutionListener, org.springframework.test.context.support.DirtiesContextBeforeModesTestExecutionListener, org.springframework.test.context.event.ApplicationEventsTestExecutionListener, org.springframework.test.context.support.DependencyInjectionTestExecutionListener, org.springframework.test.context.support.DirtiesContextTestExecutionListener, org.springframework.test.context.transaction.TransactionalTestExecutionListener, org.springframework.test.context.jdbc.SqlScriptsTestExecutionListener, org.springframework.test.context.event.EventPublishingTestExecutionListener]
2021-09-12 21:06:48.343  INFO 22988 --- [    Test worker] .b.t.a.w.s.WebMvcTestContextBootstrapper : Using TestExecutionListeners: [org.springframework.test.context.web.ServletTestExecutionListener@4c50d44d, org.springframework.test.context.support.DirtiesContextBeforeModesTestExecutionListener@4aaad72, org.springframework.test.context.event.ApplicationEventsTestExecutionListener@4b85874c, org.springframework.boot.test.mock.mockito.MockitoTestExecutionListener@f8e2285, org.springframework.boot.test.autoconfigure.SpringBootDependencyInjectionTestExecutionListener@45366d85, org.springframework.test.context.support.DirtiesContextTestExecutionListener@14a6996c, org.springframework.test.context.transaction.TransactionalTestExecutionListener@737ec353, org.springframework.test.context.jdbc.SqlScriptsTestExecutionListener@d9a5db3, org.springframework.test.context.event.EventPublishingTestExecutionListener@7b3643c0, org.springframework.boot.test.autoconfigure.restdocs.RestDocsTestExecutionListener@5b7bc833, org.springframework.boot.test.autoconfigure.web.client.MockRestServiceServerResetTestExecutionListener@5e9aec54, org.springframework.boot.test.autoconfigure.web.servlet.MockMvcPrintOnlyOnFailureTestExecutionListener@13255f1, org.springframework.boot.test.autoconfigure.web.servlet.WebDriverTestExecutionListener@48532e54, org.springframework.boot.test.autoconfigure.webservices.client.MockWebServiceServerTestExecutionListener@4d6c5d3d, org.springframework.boot.test.mock.mockito.ResetMocksTestExecutionListener@441df088]

  .   ____          _            __ _ _
 /\\ / ___'_ __ _ _(_)_ __  __ _ \ \ \ \
( ( )\___ | '_ | '_| | '_ \/ _` | \ \ \ \
 \\/  ___)| |_)| | | | | || (_| |  ) ) ) )
  '  |____| .__|_| |_|_| |_\__, | / / / /
 =========|_|==============|___/=/_/_/_/
 :: Spring Boot ::                (v2.5.2)

2021-09-12 21:06:48.417  INFO 22988 --- [    Test worker] c.c.c.c.ConsultaControladorCompraTest    : Starting ConsultaControladorCompraTest using Java 11.0.10 on LUZP-ZAPATA with PID 22988 (started by luz.zapata in C:\marketplace\java-arquitectura-hexagonal\microservicio\infraestructura)
2021-09-12 21:06:48.419  INFO 22988 --- [    Test worker] c.c.c.c.ConsultaControladorCompraTest    : No active profile set, falling back to default profiles: default
2021-09-12 21:06:49.048  INFO 22988 --- [    Test worker] com.zaxxer.hikari.HikariDataSource       : pool - Starting...
2021-09-12 21:06:49.050  INFO 22988 --- [    Test worker] com.zaxxer.hikari.HikariDataSource       : pool - Start completed.
2021-09-12 21:06:49.879  INFO 22988 --- [    Test worker] pertySourcedRequestMappingHandlerMapping : Mapped URL path [/v2/api-docs] onto method [springfox.documentation.swagger2.web.Swagger2Controller#getDocumentation(String, HttpServletRequest)]
2021-09-12 21:06:49.885  INFO 22988 --- [    Test worker] o.s.j.d.e.EmbeddedDatabaseFactory        : Starting embedded database: url='jdbc:h2:mem:testdb;DB_CLOSE_DELAY=-1;DB_CLOSE_ON_EXIT=false', username='sa'
2021-09-12 21:06:49.895  INFO 22988 --- [    Test worker] o.f.c.internal.database.DatabaseFactory  : Database: jdbc:h2:mem:testdb (H2 1.4)
2021-09-12 21:06:49.916  INFO 22988 --- [    Test worker] o.f.core.internal.command.DbValidate     : Successfully validated 2 migrations (execution time 00:00.009s)
2021-09-12 21:06:49.921  INFO 22988 --- [    Test worker] o.f.core.internal.command.DbMigrate      : Current version of schema "PUBLIC": 1.1
2021-09-12 21:06:49.922  INFO 22988 --- [    Test worker] o.f.core.internal.command.DbMigrate      : Schema "PUBLIC" is up to date. No migration necessary.
2021-09-12 21:06:50.359  INFO 22988 --- [    Test worker] o.s.b.t.m.w.SpringBootMockServletContext : Initializing Spring TestDispatcherServlet ''
2021-09-12 21:06:50.360  INFO 22988 --- [    Test worker] o.s.t.web.servlet.TestDispatcherServlet  : Initializing Servlet ''
2021-09-12 21:06:50.362  INFO 22988 --- [    Test worker] o.s.t.web.servlet.TestDispatcherServlet  : Completed initialization in 2 ms
2021-09-12 21:06:50.391  INFO 22988 --- [    Test worker] d.s.w.p.DocumentationPluginsBootstrapper : Context refreshed
2021-09-12 21:06:50.392  INFO 22988 --- [    Test worker] d.s.w.p.DocumentationPluginsBootstrapper : Found 1 custom documentation plugin(s)
2021-09-12 21:06:50.407  INFO 22988 --- [    Test worker] s.d.s.w.s.ApiListingReferenceScanner     : Scanning for api listing references
2021-09-12 21:06:50.435  INFO 22988 --- [    Test worker] .d.s.w.r.o.CachingOperationNameGenerator : Generating unique operation named: crearUsingPOST_1
2021-09-12 21:06:50.439  INFO 22988 --- [    Test worker] .d.s.w.r.o.CachingOperationNameGenerator : Generating unique operation named: eliminarUsingDELETE_1
2021-09-12 21:06:50.447  INFO 22988 --- [    Test worker] .d.s.w.r.o.CachingOperationNameGenerator : Generating unique operation named: actualizarUsingPUT_1
2021-09-12 21:06:50.450  INFO 22988 --- [    Test worker] .d.s.w.r.o.CachingOperationNameGenerator : Generating unique operation named: crearUsingPOST_2
2021-09-12 21:06:50.455  INFO 22988 --- [    Test worker] .d.s.w.r.o.CachingOperationNameGenerator : Generating unique operation named: eliminarUsingDELETE_2
2021-09-12 21:06:50.469  INFO 22988 --- [    Test worker] .d.s.w.r.o.CachingOperationNameGenerator : Generating unique operation named: listarUsingGET_1
2021-09-12 21:06:50.473  INFO 22988 --- [    Test worker] .d.s.w.r.o.CachingOperationNameGenerator : Generating unique operation named: listarUsingGET_2
2021-09-12 21:06:50.478  INFO 22988 --- [    Test worker] .d.s.w.r.o.CachingOperationNameGenerator : Generating unique operation named: listarUsingGET_3
2021-09-12 21:06:50.488  INFO 22988 --- [    Test worker] .d.s.w.r.o.CachingOperationNameGenerator : Generating unique operation named: listarUsingGET_4
2021-09-12 21:06:50.495  INFO 22988 --- [    Test worker] .d.s.w.r.o.CachingOperationNameGenerator : Generating unique operation named: listarUsingGET_5
2021-09-12 21:06:50.504  INFO 22988 --- [    Test worker] .d.s.w.r.o.CachingOperationNameGenerator : Generating unique operation named: listarUsingGET_6
2021-09-12 21:06:50.511  INFO 22988 --- [    Test worker] .d.s.w.r.o.CachingOperationNameGenerator : Generating unique operation named: listarUsingGET_7
2021-09-12 21:06:50.522  INFO 22988 --- [    Test worker] c.c.c.c.ConsultaControladorCompraTest    : Started ConsultaControladorCompraTest in 2.172 seconds (JVM running for 15.085)
]]></system-out>
  <system-err><![CDATA[]]></system-err>
</testsuite>
