<?xml version="1.0" encoding="UTF-8"?>
<testsuite name="com.ceiba.compra.controlador.ConsultaControladorCompraTest" tests="1" skipped="0" failures="0" errors="0" timestamp="2021-08-19T16:31:12" hostname="LUZP-ZAPATA" time="0.163">
  <properties/>
  <testcase name="listarCompraTest" classname="com.ceiba.compra.controlador.ConsultaControladorCompraTest" time="0.163"/>
  <system-out><![CDATA[2021-08-19 11:31:10.881  INFO 11200 --- [    Test worker] o.s.t.c.support.AbstractContextLoader    : Could not detect default resource locations for test class [com.ceiba.compra.controlador.ConsultaControladorCompraTest]: no resource found for suffixes {-context.xml, Context.groovy}.
2021-08-19 11:31:10.889  INFO 11200 --- [    Test worker] .b.t.a.w.s.WebMvcTestContextBootstrapper : Loaded default TestExecutionListener class names from location [META-INF/spring.factories]: [org.springframework.boot.test.autoconfigure.restdocs.RestDocsTestExecutionListener, org.springframework.boot.test.autoconfigure.web.client.MockRestServiceServerResetTestExecutionListener, org.springframework.boot.test.autoconfigure.web.servlet.MockMvcPrintOnlyOnFailureTestExecutionListener, org.springframework.boot.test.autoconfigure.web.servlet.WebDriverTestExecutionListener, org.springframework.boot.test.autoconfigure.webservices.client.MockWebServiceServerTestExecutionListener, org.springframework.boot.test.mock.mockito.MockitoTestExecutionListener, org.springframework.boot.test.mock.mockito.ResetMocksTestExecutionListener, org.springframework.test.context.web.ServletTestExecutionListener, org.springframework.test.context.support.DirtiesContextBeforeModesTestExecutionListener, org.springframework.test.context.event.ApplicationEventsTestExecutionListener, org.springframework.test.context.support.DependencyInjectionTestExecutionListener, org.springframework.test.context.support.DirtiesContextTestExecutionListener, org.springframework.test.context.transaction.TransactionalTestExecutionListener, org.springframework.test.context.jdbc.SqlScriptsTestExecutionListener, org.springframework.test.context.event.EventPublishingTestExecutionListener]
2021-08-19 11:31:10.890  INFO 11200 --- [    Test worker] .b.t.a.w.s.WebMvcTestContextBootstrapper : Using TestExecutionListeners: [org.springframework.test.context.web.ServletTestExecutionListener@39292e36, org.springframework.test.context.support.DirtiesContextBeforeModesTestExecutionListener@20ec9361, org.springframework.test.context.event.ApplicationEventsTestExecutionListener@33b12116, org.springframework.boot.test.mock.mockito.MockitoTestExecutionListener@37e81e8f, org.springframework.boot.test.autoconfigure.SpringBootDependencyInjectionTestExecutionListener@4740ceda, org.springframework.test.context.support.DirtiesContextTestExecutionListener@3732ac8, org.springframework.test.context.transaction.TransactionalTestExecutionListener@39f00221, org.springframework.test.context.jdbc.SqlScriptsTestExecutionListener@4e1b7ff6, org.springframework.test.context.event.EventPublishingTestExecutionListener@f6c4ef1, org.springframework.boot.test.autoconfigure.restdocs.RestDocsTestExecutionListener@15d310be, org.springframework.boot.test.autoconfigure.web.client.MockRestServiceServerResetTestExecutionListener@2c8bf92f, org.springframework.boot.test.autoconfigure.web.servlet.MockMvcPrintOnlyOnFailureTestExecutionListener@397ac787, org.springframework.boot.test.autoconfigure.web.servlet.WebDriverTestExecutionListener@548c0d9f, org.springframework.boot.test.autoconfigure.webservices.client.MockWebServiceServerTestExecutionListener@5957b150, org.springframework.boot.test.mock.mockito.ResetMocksTestExecutionListener@2ae669d4]

  .   ____          _            __ _ _
 /\\ / ___'_ __ _ _(_)_ __  __ _ \ \ \ \
( ( )\___ | '_ | '_| | '_ \/ _` | \ \ \ \
 \\/  ___)| |_)| | | | | || (_| |  ) ) ) )
  '  |____| .__|_| |_|_| |_\__, | / / / /
 =========|_|==============|___/=/_/_/_/
 :: Spring Boot ::                (v2.5.2)

2021-08-19 11:31:10.954  INFO 11200 --- [    Test worker] c.c.c.c.ConsultaControladorCompraTest    : Starting ConsultaControladorCompraTest using Java 11.0.10 on LUZP-ZAPATA with PID 11200 (started by luz.zapata in C:\marketplace\java-arquitectura-hexagonal\microservicio\infraestructura)
2021-08-19 11:31:10.956  INFO 11200 --- [    Test worker] c.c.c.c.ConsultaControladorCompraTest    : No active profile set, falling back to default profiles: default
2021-08-19 11:31:11.570  INFO 11200 --- [    Test worker] com.zaxxer.hikari.HikariDataSource       : pool - Starting...
2021-08-19 11:31:11.572  INFO 11200 --- [    Test worker] com.zaxxer.hikari.HikariDataSource       : pool - Start completed.
2021-08-19 11:31:12.309  INFO 11200 --- [    Test worker] pertySourcedRequestMappingHandlerMapping : Mapped URL path [/v2/api-docs] onto method [springfox.documentation.swagger2.web.Swagger2Controller#getDocumentation(String, HttpServletRequest)]
2021-08-19 11:31:12.314  INFO 11200 --- [    Test worker] o.s.j.d.e.EmbeddedDatabaseFactory        : Starting embedded database: url='jdbc:h2:mem:testdb;DB_CLOSE_DELAY=-1;DB_CLOSE_ON_EXIT=false', username='sa'
2021-08-19 11:31:12.324  INFO 11200 --- [    Test worker] o.f.c.internal.database.DatabaseFactory  : Database: jdbc:h2:mem:testdb (H2 1.4)
2021-08-19 11:31:12.343  INFO 11200 --- [    Test worker] o.f.core.internal.command.DbValidate     : Successfully validated 2 migrations (execution time 00:00.009s)
2021-08-19 11:31:12.349  INFO 11200 --- [    Test worker] o.f.core.internal.command.DbMigrate      : Current version of schema "PUBLIC": 1.1
2021-08-19 11:31:12.349  INFO 11200 --- [    Test worker] o.f.core.internal.command.DbMigrate      : Schema "PUBLIC" is up to date. No migration necessary.
2021-08-19 11:31:12.723  INFO 11200 --- [    Test worker] o.s.b.t.m.w.SpringBootMockServletContext : Initializing Spring TestDispatcherServlet ''
2021-08-19 11:31:12.724  INFO 11200 --- [    Test worker] o.s.t.web.servlet.TestDispatcherServlet  : Initializing Servlet ''
2021-08-19 11:31:12.725  INFO 11200 --- [    Test worker] o.s.t.web.servlet.TestDispatcherServlet  : Completed initialization in 1 ms
2021-08-19 11:31:12.753  INFO 11200 --- [    Test worker] d.s.w.p.DocumentationPluginsBootstrapper : Context refreshed
2021-08-19 11:31:12.754  INFO 11200 --- [    Test worker] d.s.w.p.DocumentationPluginsBootstrapper : Found 1 custom documentation plugin(s)
2021-08-19 11:31:12.775  INFO 11200 --- [    Test worker] s.d.s.w.s.ApiListingReferenceScanner     : Scanning for api listing references
2021-08-19 11:31:12.802  INFO 11200 --- [    Test worker] .d.s.w.r.o.CachingOperationNameGenerator : Generating unique operation named: actualizarUsingPUT_1
2021-08-19 11:31:12.805  INFO 11200 --- [    Test worker] .d.s.w.r.o.CachingOperationNameGenerator : Generating unique operation named: crearUsingPOST_1
2021-08-19 11:31:12.808  INFO 11200 --- [    Test worker] .d.s.w.r.o.CachingOperationNameGenerator : Generating unique operation named: eliminarUsingDELETE_1
2021-08-19 11:31:12.815  INFO 11200 --- [    Test worker] .d.s.w.r.o.CachingOperationNameGenerator : Generating unique operation named: actualizarUsingPUT_2
2021-08-19 11:31:12.819  INFO 11200 --- [    Test worker] .d.s.w.r.o.CachingOperationNameGenerator : Generating unique operation named: crearUsingPOST_2
2021-08-19 11:31:12.822  INFO 11200 --- [    Test worker] .d.s.w.r.o.CachingOperationNameGenerator : Generating unique operation named: eliminarUsingDELETE_2
2021-08-19 11:31:12.835  INFO 11200 --- [    Test worker] .d.s.w.r.o.CachingOperationNameGenerator : Generating unique operation named: listarUsingGET_1
2021-08-19 11:31:12.838  INFO 11200 --- [    Test worker] .d.s.w.r.o.CachingOperationNameGenerator : Generating unique operation named: listarUsingGET_2
2021-08-19 11:31:12.842  INFO 11200 --- [    Test worker] .d.s.w.r.o.CachingOperationNameGenerator : Generating unique operation named: listarUsingGET_3
2021-08-19 11:31:12.853  INFO 11200 --- [    Test worker] .d.s.w.r.o.CachingOperationNameGenerator : Generating unique operation named: listarUsingGET_4
2021-08-19 11:31:12.858  INFO 11200 --- [    Test worker] .d.s.w.r.o.CachingOperationNameGenerator : Generating unique operation named: listarUsingGET_5
2021-08-19 11:31:12.862  INFO 11200 --- [    Test worker] .d.s.w.r.o.CachingOperationNameGenerator : Generating unique operation named: listarUsingGET_6
2021-08-19 11:31:12.865  INFO 11200 --- [    Test worker] .d.s.w.r.o.CachingOperationNameGenerator : Generating unique operation named: listarUsingGET_7
2021-08-19 11:31:12.872  INFO 11200 --- [    Test worker] c.c.c.c.ConsultaControladorCompraTest    : Started ConsultaControladorCompraTest in 1.977 seconds (JVM running for 14.156)
]]></system-out>
  <system-err><![CDATA[]]></system-err>
</testsuite>
