<?xml version="1.0" encoding="UTF-8"?>
<testsuite name="com.ceiba.scotter.controlador.ConsultaControladorScotterTest" tests="4" skipped="0" failures="0" errors="0" timestamp="2021-07-30T13:42:58" hostname="LUZP-ZAPATA" time="0.156">
  <properties/>
  <testcase name="buscarPrecioTest" classname="com.ceiba.scotter.controlador.ConsultaControladorScotterTest" time="0.034"/>
  <testcase name="buscarCiudadTest" classname="com.ceiba.scotter.controlador.ConsultaControladorScotterTest" time="0.021"/>
  <testcase name="listarTest" classname="com.ceiba.scotter.controlador.ConsultaControladorScotterTest" time="0.029"/>
  <testcase name="buscarIdTest" classname="com.ceiba.scotter.controlador.ConsultaControladorScotterTest" time="0.062"/>
  <system-out><![CDATA[2021-07-30 08:42:54.887  INFO 16704 --- [    Test worker] o.s.t.c.support.AbstractContextLoader    : Could not detect default resource locations for test class [com.ceiba.scotter.controlador.ConsultaControladorScotterTest]: no resource found for suffixes {-context.xml, Context.groovy}.
2021-07-30 08:42:54.905  INFO 16704 --- [    Test worker] .b.t.a.w.s.WebMvcTestContextBootstrapper : Loaded default TestExecutionListener class names from location [META-INF/spring.factories]: [org.springframework.boot.test.autoconfigure.restdocs.RestDocsTestExecutionListener, org.springframework.boot.test.autoconfigure.web.client.MockRestServiceServerResetTestExecutionListener, org.springframework.boot.test.autoconfigure.web.servlet.MockMvcPrintOnlyOnFailureTestExecutionListener, org.springframework.boot.test.autoconfigure.web.servlet.WebDriverTestExecutionListener, org.springframework.boot.test.autoconfigure.webservices.client.MockWebServiceServerTestExecutionListener, org.springframework.boot.test.mock.mockito.MockitoTestExecutionListener, org.springframework.boot.test.mock.mockito.ResetMocksTestExecutionListener, org.springframework.test.context.web.ServletTestExecutionListener, org.springframework.test.context.support.DirtiesContextBeforeModesTestExecutionListener, org.springframework.test.context.event.ApplicationEventsTestExecutionListener, org.springframework.test.context.support.DependencyInjectionTestExecutionListener, org.springframework.test.context.support.DirtiesContextTestExecutionListener, org.springframework.test.context.transaction.TransactionalTestExecutionListener, org.springframework.test.context.jdbc.SqlScriptsTestExecutionListener, org.springframework.test.context.event.EventPublishingTestExecutionListener]
2021-07-30 08:42:54.907  INFO 16704 --- [    Test worker] .b.t.a.w.s.WebMvcTestContextBootstrapper : Using TestExecutionListeners: [org.springframework.test.context.web.ServletTestExecutionListener@47a20476, org.springframework.test.context.support.DirtiesContextBeforeModesTestExecutionListener@720de263, org.springframework.test.context.event.ApplicationEventsTestExecutionListener@6ec7c0ca, org.springframework.boot.test.mock.mockito.MockitoTestExecutionListener@6362c70, org.springframework.boot.test.autoconfigure.SpringBootDependencyInjectionTestExecutionListener@51600974, org.springframework.test.context.support.DirtiesContextTestExecutionListener@4c63e7c1, org.springframework.test.context.transaction.TransactionalTestExecutionListener@1cf2bf17, org.springframework.test.context.jdbc.SqlScriptsTestExecutionListener@2b904555, org.springframework.test.context.event.EventPublishingTestExecutionListener@7aeac2fa, org.springframework.boot.test.autoconfigure.restdocs.RestDocsTestExecutionListener@29e47f89, org.springframework.boot.test.autoconfigure.web.client.MockRestServiceServerResetTestExecutionListener@206777a5, org.springframework.boot.test.autoconfigure.web.servlet.MockMvcPrintOnlyOnFailureTestExecutionListener@9743411, org.springframework.boot.test.autoconfigure.web.servlet.WebDriverTestExecutionListener@25a5dad7, org.springframework.boot.test.autoconfigure.webservices.client.MockWebServiceServerTestExecutionListener@2fb7f1dd, org.springframework.boot.test.mock.mockito.ResetMocksTestExecutionListener@34f671d1]

  .   ____          _            __ _ _
 /\\ / ___'_ __ _ _(_)_ __  __ _ \ \ \ \
( ( )\___ | '_ | '_| | '_ \/ _` | \ \ \ \
 \\/  ___)| |_)| | | | | || (_| |  ) ) ) )
  '  |____| .__|_| |_|_| |_\__, | / / / /
 =========|_|==============|___/=/_/_/_/
 :: Spring Boot ::                (v2.5.2)

2021-07-30 08:42:55.039  INFO 16704 --- [    Test worker] c.c.s.c.ConsultaControladorScotterTest   : Starting ConsultaControladorScotterTest using Java 11.0.10 on LUZP-ZAPATA with PID 16704 (started by luz.zapata in C:\marketplace\java-arquitectura-hexagonal\microservicio\infraestructura)
2021-07-30 08:42:55.040  INFO 16704 --- [    Test worker] c.c.s.c.ConsultaControladorScotterTest   : No active profile set, falling back to default profiles: default
2021-07-30 08:42:56.043  INFO 16704 --- [    Test worker] com.zaxxer.hikari.HikariDataSource       : pool - Starting...
2021-07-30 08:42:56.046  INFO 16704 --- [    Test worker] com.zaxxer.hikari.HikariDataSource       : pool - Start completed.
2021-07-30 08:42:57.583  INFO 16704 --- [    Test worker] pertySourcedRequestMappingHandlerMapping : Mapped URL path [/v2/api-docs] onto method [springfox.documentation.swagger2.web.Swagger2Controller#getDocumentation(String, HttpServletRequest)]
2021-07-30 08:42:57.609  INFO 16704 --- [    Test worker] o.s.j.d.e.EmbeddedDatabaseFactory        : Starting embedded database: url='jdbc:h2:mem:testdb;DB_CLOSE_DELAY=-1;DB_CLOSE_ON_EXIT=false', username='sa'
2021-07-30 08:42:57.629  INFO 16704 --- [    Test worker] o.f.c.internal.database.DatabaseFactory  : Database: jdbc:h2:mem:testdb (H2 1.4)
2021-07-30 08:42:57.669  INFO 16704 --- [    Test worker] o.f.core.internal.command.DbValidate     : Successfully validated 2 migrations (execution time 00:00.026s)
2021-07-30 08:42:57.709  INFO 16704 --- [    Test worker] o.f.core.internal.command.DbMigrate      : Current version of schema "PUBLIC": 1.1
2021-07-30 08:42:57.712  INFO 16704 --- [    Test worker] o.f.core.internal.command.DbMigrate      : Schema "PUBLIC" is up to date. No migration necessary.
2021-07-30 08:42:58.435  INFO 16704 --- [    Test worker] o.s.b.t.m.w.SpringBootMockServletContext : Initializing Spring TestDispatcherServlet ''
2021-07-30 08:42:58.436  INFO 16704 --- [    Test worker] o.s.t.web.servlet.TestDispatcherServlet  : Initializing Servlet ''
2021-07-30 08:42:58.438  INFO 16704 --- [    Test worker] o.s.t.web.servlet.TestDispatcherServlet  : Completed initialization in 2 ms
2021-07-30 08:42:58.493  INFO 16704 --- [    Test worker] d.s.w.p.DocumentationPluginsBootstrapper : Context refreshed
2021-07-30 08:42:58.494  INFO 16704 --- [    Test worker] d.s.w.p.DocumentationPluginsBootstrapper : Found 1 custom documentation plugin(s)
2021-07-30 08:42:58.579  INFO 16704 --- [    Test worker] s.d.s.w.s.ApiListingReferenceScanner     : Scanning for api listing references
2021-07-30 08:42:58.646  INFO 16704 --- [    Test worker] .d.s.w.r.o.CachingOperationNameGenerator : Generating unique operation named: actualizarUsingPUT_1
2021-07-30 08:42:58.651  INFO 16704 --- [    Test worker] .d.s.w.r.o.CachingOperationNameGenerator : Generating unique operation named: crearUsingPOST_1
2021-07-30 08:42:58.656  INFO 16704 --- [    Test worker] .d.s.w.r.o.CachingOperationNameGenerator : Generating unique operation named: eliminarUsingDELETE_1
2021-07-30 08:42:58.673  INFO 16704 --- [    Test worker] .d.s.w.r.o.CachingOperationNameGenerator : Generating unique operation named: actualizarUsingPUT_2
2021-07-30 08:42:58.706  INFO 16704 --- [    Test worker] .d.s.w.r.o.CachingOperationNameGenerator : Generating unique operation named: crearUsingPOST_2
2021-07-30 08:42:58.710  INFO 16704 --- [    Test worker] .d.s.w.r.o.CachingOperationNameGenerator : Generating unique operation named: eliminarUsingDELETE_2
2021-07-30 08:42:58.727  INFO 16704 --- [    Test worker] .d.s.w.r.o.CachingOperationNameGenerator : Generating unique operation named: listarUsingGET_1
2021-07-30 08:42:58.730  INFO 16704 --- [    Test worker] .d.s.w.r.o.CachingOperationNameGenerator : Generating unique operation named: listarUsingGET_2
2021-07-30 08:42:58.735  INFO 16704 --- [    Test worker] .d.s.w.r.o.CachingOperationNameGenerator : Generating unique operation named: listarUsingGET_3
2021-07-30 08:42:58.748  INFO 16704 --- [    Test worker] .d.s.w.r.o.CachingOperationNameGenerator : Generating unique operation named: listarUsingGET_4
2021-07-30 08:42:58.751  INFO 16704 --- [    Test worker] .d.s.w.r.o.CachingOperationNameGenerator : Generating unique operation named: listarUsingGET_5
2021-07-30 08:42:58.756  INFO 16704 --- [    Test worker] .d.s.w.r.o.CachingOperationNameGenerator : Generating unique operation named: listarUsingGET_6
2021-07-30 08:42:58.759  INFO 16704 --- [    Test worker] .d.s.w.r.o.CachingOperationNameGenerator : Generating unique operation named: listarUsingGET_7
2021-07-30 08:42:58.768  INFO 16704 --- [    Test worker] c.c.s.c.ConsultaControladorScotterTest   : Started ConsultaControladorScotterTest in 3.85 seconds (JVM running for 44.403)
]]></system-out>
  <system-err><![CDATA[]]></system-err>
</testsuite>
