<?xml version="1.0" encoding="UTF-8"?>
<testsuite name="com.ceiba.persona.controlador.ConsultaControladorPersonaTest" tests="3" skipped="0" failures="0" errors="0" timestamp="2021-07-29T21:40:47" hostname="LUZP-ZAPATA" time="0.071">
  <properties/>
  <testcase name="listarIdTest" classname="com.ceiba.persona.controlador.ConsultaControladorPersonaTest" time="0.025"/>
  <testcase name="listarUsernameTest" classname="com.ceiba.persona.controlador.ConsultaControladorPersonaTest" time="0.024"/>
  <testcase name="listarTest" classname="com.ceiba.persona.controlador.ConsultaControladorPersonaTest" time="0.014"/>
  <system-out><![CDATA[2021-07-29 16:40:44.036  INFO 15964 --- [    Test worker] o.s.t.c.support.AbstractContextLoader    : Could not detect default resource locations for test class [com.ceiba.persona.controlador.ConsultaControladorPersonaTest]: no resource found for suffixes {-context.xml, Context.groovy}.
2021-07-29 16:40:44.040  INFO 15964 --- [    Test worker] .b.t.a.w.s.WebMvcTestContextBootstrapper : Loaded default TestExecutionListener class names from location [META-INF/spring.factories]: [org.springframework.boot.test.autoconfigure.restdocs.RestDocsTestExecutionListener, org.springframework.boot.test.autoconfigure.web.client.MockRestServiceServerResetTestExecutionListener, org.springframework.boot.test.autoconfigure.web.servlet.MockMvcPrintOnlyOnFailureTestExecutionListener, org.springframework.boot.test.autoconfigure.web.servlet.WebDriverTestExecutionListener, org.springframework.boot.test.autoconfigure.webservices.client.MockWebServiceServerTestExecutionListener, org.springframework.boot.test.mock.mockito.MockitoTestExecutionListener, org.springframework.boot.test.mock.mockito.ResetMocksTestExecutionListener, org.springframework.test.context.web.ServletTestExecutionListener, org.springframework.test.context.support.DirtiesContextBeforeModesTestExecutionListener, org.springframework.test.context.event.ApplicationEventsTestExecutionListener, org.springframework.test.context.support.DependencyInjectionTestExecutionListener, org.springframework.test.context.support.DirtiesContextTestExecutionListener, org.springframework.test.context.transaction.TransactionalTestExecutionListener, org.springframework.test.context.jdbc.SqlScriptsTestExecutionListener, org.springframework.test.context.event.EventPublishingTestExecutionListener]
2021-07-29 16:40:44.041  INFO 15964 --- [    Test worker] .b.t.a.w.s.WebMvcTestContextBootstrapper : Using TestExecutionListeners: [org.springframework.test.context.web.ServletTestExecutionListener@4998010e, org.springframework.test.context.support.DirtiesContextBeforeModesTestExecutionListener@2f5cf5b8, org.springframework.test.context.event.ApplicationEventsTestExecutionListener@30faf1de, org.springframework.boot.test.mock.mockito.MockitoTestExecutionListener@1f39d120, org.springframework.boot.test.autoconfigure.SpringBootDependencyInjectionTestExecutionListener@16a023b8, org.springframework.test.context.support.DirtiesContextTestExecutionListener@5e19f5e1, org.springframework.test.context.transaction.TransactionalTestExecutionListener@390a9bfd, org.springframework.test.context.jdbc.SqlScriptsTestExecutionListener@68ebed2d, org.springframework.test.context.event.EventPublishingTestExecutionListener@7fc1ae6b, org.springframework.boot.test.autoconfigure.restdocs.RestDocsTestExecutionListener@6e66ea8f, org.springframework.boot.test.autoconfigure.web.client.MockRestServiceServerResetTestExecutionListener@35e41cd, org.springframework.boot.test.autoconfigure.web.servlet.MockMvcPrintOnlyOnFailureTestExecutionListener@346b560e, org.springframework.boot.test.autoconfigure.web.servlet.WebDriverTestExecutionListener@46ab141e, org.springframework.boot.test.autoconfigure.webservices.client.MockWebServiceServerTestExecutionListener@1fc0bcd6, org.springframework.boot.test.mock.mockito.ResetMocksTestExecutionListener@6ee1c6ca]

  .   ____          _            __ _ _
 /\\ / ___'_ __ _ _(_)_ __  __ _ \ \ \ \
( ( )\___ | '_ | '_| | '_ \/ _` | \ \ \ \
 \\/  ___)| |_)| | | | | || (_| |  ) ) ) )
  '  |____| .__|_| |_|_| |_\__, | / / / /
 =========|_|==============|___/=/_/_/_/
 :: Spring Boot ::                (v2.5.2)

2021-07-29 16:40:44.156  INFO 15964 --- [    Test worker] c.c.p.c.ConsultaControladorPersonaTest   : Starting ConsultaControladorPersonaTest using Java 11.0.10 on LUZP-ZAPATA with PID 15964 (started by luz.zapata in C:\marketplace\java-arquitectura-hexagonal\microservicio\infraestructura)
2021-07-29 16:40:44.157  INFO 15964 --- [    Test worker] c.c.p.c.ConsultaControladorPersonaTest   : No active profile set, falling back to default profiles: default
2021-07-29 16:40:45.140  INFO 15964 --- [    Test worker] com.zaxxer.hikari.HikariDataSource       : pool - Starting...
2021-07-29 16:40:45.142  INFO 15964 --- [    Test worker] com.zaxxer.hikari.HikariDataSource       : pool - Start completed.
2021-07-29 16:40:46.161  INFO 15964 --- [    Test worker] pertySourcedRequestMappingHandlerMapping : Mapped URL path [/v2/api-docs] onto method [springfox.documentation.swagger2.web.Swagger2Controller#getDocumentation(String, HttpServletRequest)]
2021-07-29 16:40:46.168  INFO 15964 --- [    Test worker] o.s.j.d.e.EmbeddedDatabaseFactory        : Starting embedded database: url='jdbc:h2:mem:testdb;DB_CLOSE_DELAY=-1;DB_CLOSE_ON_EXIT=false', username='sa'
2021-07-29 16:40:46.177  INFO 15964 --- [    Test worker] o.f.c.internal.database.DatabaseFactory  : Database: jdbc:h2:mem:testdb (H2 1.4)
2021-07-29 16:40:46.234  INFO 15964 --- [    Test worker] o.f.core.internal.command.DbValidate     : Successfully validated 2 migrations (execution time 00:00.031s)
2021-07-29 16:40:46.256  INFO 15964 --- [    Test worker] o.f.core.internal.command.DbMigrate      : Current version of schema "PUBLIC": 1.1
2021-07-29 16:40:46.257  INFO 15964 --- [    Test worker] o.f.core.internal.command.DbMigrate      : Schema "PUBLIC" is up to date. No migration necessary.
2021-07-29 16:40:46.898  INFO 15964 --- [    Test worker] o.s.b.t.m.w.SpringBootMockServletContext : Initializing Spring TestDispatcherServlet ''
2021-07-29 16:40:46.898  INFO 15964 --- [    Test worker] o.s.t.web.servlet.TestDispatcherServlet  : Initializing Servlet ''
2021-07-29 16:40:46.900  INFO 15964 --- [    Test worker] o.s.t.web.servlet.TestDispatcherServlet  : Completed initialization in 1 ms
2021-07-29 16:40:46.932  INFO 15964 --- [    Test worker] d.s.w.p.DocumentationPluginsBootstrapper : Context refreshed
2021-07-29 16:40:46.936  INFO 15964 --- [    Test worker] d.s.w.p.DocumentationPluginsBootstrapper : Found 1 custom documentation plugin(s)
2021-07-29 16:40:47.008  INFO 15964 --- [    Test worker] s.d.s.w.s.ApiListingReferenceScanner     : Scanning for api listing references
2021-07-29 16:40:47.059  INFO 15964 --- [    Test worker] .d.s.w.r.o.CachingOperationNameGenerator : Generating unique operation named: actualizarUsingPUT_1
2021-07-29 16:40:47.063  INFO 15964 --- [    Test worker] .d.s.w.r.o.CachingOperationNameGenerator : Generating unique operation named: crearUsingPOST_1
2021-07-29 16:40:47.066  INFO 15964 --- [    Test worker] .d.s.w.r.o.CachingOperationNameGenerator : Generating unique operation named: eliminarUsingDELETE_1
2021-07-29 16:40:47.089  INFO 15964 --- [    Test worker] .d.s.w.r.o.CachingOperationNameGenerator : Generating unique operation named: actualizarUsingPUT_2
2021-07-29 16:40:47.098  INFO 15964 --- [    Test worker] .d.s.w.r.o.CachingOperationNameGenerator : Generating unique operation named: crearUsingPOST_2
2021-07-29 16:40:47.105  INFO 15964 --- [    Test worker] .d.s.w.r.o.CachingOperationNameGenerator : Generating unique operation named: eliminarUsingDELETE_2
2021-07-29 16:40:47.132  INFO 15964 --- [    Test worker] .d.s.w.r.o.CachingOperationNameGenerator : Generating unique operation named: listarUsingGET_1
2021-07-29 16:40:47.136  INFO 15964 --- [    Test worker] .d.s.w.r.o.CachingOperationNameGenerator : Generating unique operation named: listarUsingGET_2
2021-07-29 16:40:47.142  INFO 15964 --- [    Test worker] .d.s.w.r.o.CachingOperationNameGenerator : Generating unique operation named: listarUsingGET_3
2021-07-29 16:40:47.166  INFO 15964 --- [    Test worker] .d.s.w.r.o.CachingOperationNameGenerator : Generating unique operation named: listarUsingGET_4
2021-07-29 16:40:47.183  INFO 15964 --- [    Test worker] .d.s.w.r.o.CachingOperationNameGenerator : Generating unique operation named: listarUsingGET_5
2021-07-29 16:40:47.192  INFO 15964 --- [    Test worker] .d.s.w.r.o.CachingOperationNameGenerator : Generating unique operation named: listarUsingGET_6
2021-07-29 16:40:47.198  INFO 15964 --- [    Test worker] .d.s.w.r.o.CachingOperationNameGenerator : Generating unique operation named: listarUsingGET_7
2021-07-29 16:40:47.217  INFO 15964 --- [    Test worker] c.c.p.c.ConsultaControladorPersonaTest   : Started ConsultaControladorPersonaTest in 3.17 seconds (JVM running for 37.19)
]]></system-out>
  <system-err><![CDATA[]]></system-err>
</testsuite>
