<?xml version="1.0" encoding="UTF-8"?>
<testsuite name="com.ceiba.scotter.controlador.ComandoControladorScotterTest" tests="3" skipped="0" failures="0" errors="0" timestamp="2021-08-19T15:33:27" hostname="LUZP-ZAPATA" time="0.044">
  <properties/>
  <testcase name="eliminarScotterTest" classname="com.ceiba.scotter.controlador.ComandoControladorScotterTest" time="0.013"/>
  <testcase name="crearScotterTest" classname="com.ceiba.scotter.controlador.ComandoControladorScotterTest" time="0.017"/>
  <testcase name="actualizarScotterTest" classname="com.ceiba.scotter.controlador.ComandoControladorScotterTest" time="0.012"/>
  <system-out><![CDATA[2021-08-19 10:33:27.228  INFO 10456 --- [    Test worker] o.s.t.c.support.AbstractContextLoader    : Could not detect default resource locations for test class [com.ceiba.scotter.controlador.ComandoControladorScotterTest]: no resource found for suffixes {-context.xml, Context.groovy}.
2021-08-19 10:33:27.231  INFO 10456 --- [    Test worker] .b.t.a.w.s.WebMvcTestContextBootstrapper : Loaded default TestExecutionListener class names from location [META-INF/spring.factories]: [org.springframework.boot.test.autoconfigure.restdocs.RestDocsTestExecutionListener, org.springframework.boot.test.autoconfigure.web.client.MockRestServiceServerResetTestExecutionListener, org.springframework.boot.test.autoconfigure.web.servlet.MockMvcPrintOnlyOnFailureTestExecutionListener, org.springframework.boot.test.autoconfigure.web.servlet.WebDriverTestExecutionListener, org.springframework.boot.test.autoconfigure.webservices.client.MockWebServiceServerTestExecutionListener, org.springframework.boot.test.mock.mockito.MockitoTestExecutionListener, org.springframework.boot.test.mock.mockito.ResetMocksTestExecutionListener, org.springframework.test.context.web.ServletTestExecutionListener, org.springframework.test.context.support.DirtiesContextBeforeModesTestExecutionListener, org.springframework.test.context.event.ApplicationEventsTestExecutionListener, org.springframework.test.context.support.DependencyInjectionTestExecutionListener, org.springframework.test.context.support.DirtiesContextTestExecutionListener, org.springframework.test.context.transaction.TransactionalTestExecutionListener, org.springframework.test.context.jdbc.SqlScriptsTestExecutionListener, org.springframework.test.context.event.EventPublishingTestExecutionListener]
2021-08-19 10:33:27.232  INFO 10456 --- [    Test worker] .b.t.a.w.s.WebMvcTestContextBootstrapper : Using TestExecutionListeners: [org.springframework.test.context.web.ServletTestExecutionListener@5bff2ea0, org.springframework.test.context.support.DirtiesContextBeforeModesTestExecutionListener@533df50b, org.springframework.test.context.event.ApplicationEventsTestExecutionListener@1d427fd5, org.springframework.boot.test.mock.mockito.MockitoTestExecutionListener@36cac1e7, org.springframework.boot.test.autoconfigure.SpringBootDependencyInjectionTestExecutionListener@146263b0, org.springframework.test.context.support.DirtiesContextTestExecutionListener@28cb599a, org.springframework.test.context.transaction.TransactionalTestExecutionListener@26793781, org.springframework.test.context.jdbc.SqlScriptsTestExecutionListener@46dc0f50, org.springframework.test.context.event.EventPublishingTestExecutionListener@41a49bd8, org.springframework.boot.test.autoconfigure.restdocs.RestDocsTestExecutionListener@33d11dff, org.springframework.boot.test.autoconfigure.web.client.MockRestServiceServerResetTestExecutionListener@5cfbe13b, org.springframework.boot.test.autoconfigure.web.servlet.MockMvcPrintOnlyOnFailureTestExecutionListener@7afbd37b, org.springframework.boot.test.autoconfigure.web.servlet.WebDriverTestExecutionListener@1fe4fda7, org.springframework.boot.test.autoconfigure.webservices.client.MockWebServiceServerTestExecutionListener@24612541, org.springframework.boot.test.mock.mockito.ResetMocksTestExecutionListener@2790facf]
]]></system-out>
  <system-err><![CDATA[]]></system-err>
</testsuite>
