<?xml version="1.0" encoding="UTF-8"?>
<testsuite name="com.ceiba.scotter.controlador.ComandoControladorScotterTest" tests="3" skipped="0" failures="0" errors="0" timestamp="2021-08-03T23:09:47" hostname="LUZP-ZAPATA" time="0.043">
  <properties/>
  <testcase name="eliminarScotterTest" classname="com.ceiba.scotter.controlador.ComandoControladorScotterTest" time="0.012"/>
  <testcase name="crearScotterTest" classname="com.ceiba.scotter.controlador.ComandoControladorScotterTest" time="0.016"/>
  <testcase name="actualizarScotterTest" classname="com.ceiba.scotter.controlador.ComandoControladorScotterTest" time="0.011"/>
  <system-out><![CDATA[2021-08-03 18:09:47.770  INFO 5012 --- [    Test worker] o.s.t.c.support.AbstractContextLoader    : Could not detect default resource locations for test class [com.ceiba.scotter.controlador.ComandoControladorScotterTest]: no resource found for suffixes {-context.xml, Context.groovy}.
2021-08-03 18:09:47.775  INFO 5012 --- [    Test worker] .b.t.a.w.s.WebMvcTestContextBootstrapper : Loaded default TestExecutionListener class names from location [META-INF/spring.factories]: [org.springframework.boot.test.autoconfigure.restdocs.RestDocsTestExecutionListener, org.springframework.boot.test.autoconfigure.web.client.MockRestServiceServerResetTestExecutionListener, org.springframework.boot.test.autoconfigure.web.servlet.MockMvcPrintOnlyOnFailureTestExecutionListener, org.springframework.boot.test.autoconfigure.web.servlet.WebDriverTestExecutionListener, org.springframework.boot.test.autoconfigure.webservices.client.MockWebServiceServerTestExecutionListener, org.springframework.boot.test.mock.mockito.MockitoTestExecutionListener, org.springframework.boot.test.mock.mockito.ResetMocksTestExecutionListener, org.springframework.test.context.web.ServletTestExecutionListener, org.springframework.test.context.support.DirtiesContextBeforeModesTestExecutionListener, org.springframework.test.context.event.ApplicationEventsTestExecutionListener, org.springframework.test.context.support.DependencyInjectionTestExecutionListener, org.springframework.test.context.support.DirtiesContextTestExecutionListener, org.springframework.test.context.transaction.TransactionalTestExecutionListener, org.springframework.test.context.jdbc.SqlScriptsTestExecutionListener, org.springframework.test.context.event.EventPublishingTestExecutionListener]
2021-08-03 18:09:47.776  INFO 5012 --- [    Test worker] .b.t.a.w.s.WebMvcTestContextBootstrapper : Using TestExecutionListeners: [org.springframework.test.context.web.ServletTestExecutionListener@2bed6346, org.springframework.test.context.support.DirtiesContextBeforeModesTestExecutionListener@29941917, org.springframework.test.context.event.ApplicationEventsTestExecutionListener@d48bb7, org.springframework.boot.test.mock.mockito.MockitoTestExecutionListener@35d4b671, org.springframework.boot.test.autoconfigure.SpringBootDependencyInjectionTestExecutionListener@756314de, org.springframework.test.context.support.DirtiesContextTestExecutionListener@7cb6e7c4, org.springframework.test.context.transaction.TransactionalTestExecutionListener@581b42d6, org.springframework.test.context.jdbc.SqlScriptsTestExecutionListener@48ec009a, org.springframework.test.context.event.EventPublishingTestExecutionListener@254428bd, org.springframework.boot.test.autoconfigure.restdocs.RestDocsTestExecutionListener@6e876316, org.springframework.boot.test.autoconfigure.web.client.MockRestServiceServerResetTestExecutionListener@6c8891e2, org.springframework.boot.test.autoconfigure.web.servlet.MockMvcPrintOnlyOnFailureTestExecutionListener@4448a439, org.springframework.boot.test.autoconfigure.web.servlet.WebDriverTestExecutionListener@404d6dcd, org.springframework.boot.test.autoconfigure.webservices.client.MockWebServiceServerTestExecutionListener@15872901, org.springframework.boot.test.mock.mockito.ResetMocksTestExecutionListener@3da8add2]
]]></system-out>
  <system-err><![CDATA[]]></system-err>
</testsuite>
