<?xml version="1.0" encoding="UTF-8"?>
<testsuite name="com.ceiba.scotter.controlador.ComandoControladorScotterTest" tests="3" skipped="0" failures="0" errors="0" timestamp="2021-09-13T02:06:54" hostname="LUZP-ZAPATA" time="0.046">
  <properties/>
  <testcase name="eliminarScotterTest" classname="com.ceiba.scotter.controlador.ComandoControladorScotterTest" time="0.014"/>
  <testcase name="crearScotterTest" classname="com.ceiba.scotter.controlador.ComandoControladorScotterTest" time="0.018"/>
  <testcase name="actualizarScotterTest" classname="com.ceiba.scotter.controlador.ComandoControladorScotterTest" time="0.011"/>
  <system-out><![CDATA[2021-09-12 21:06:54.664  INFO 22988 --- [    Test worker] o.s.t.c.support.AbstractContextLoader    : Could not detect default resource locations for test class [com.ceiba.scotter.controlador.ComandoControladorScotterTest]: no resource found for suffixes {-context.xml, Context.groovy}.
2021-09-12 21:06:54.669  INFO 22988 --- [    Test worker] .b.t.a.w.s.WebMvcTestContextBootstrapper : Loaded default TestExecutionListener class names from location [META-INF/spring.factories]: [org.springframework.boot.test.autoconfigure.restdocs.RestDocsTestExecutionListener, org.springframework.boot.test.autoconfigure.web.client.MockRestServiceServerResetTestExecutionListener, org.springframework.boot.test.autoconfigure.web.servlet.MockMvcPrintOnlyOnFailureTestExecutionListener, org.springframework.boot.test.autoconfigure.web.servlet.WebDriverTestExecutionListener, org.springframework.boot.test.autoconfigure.webservices.client.MockWebServiceServerTestExecutionListener, org.springframework.boot.test.mock.mockito.MockitoTestExecutionListener, org.springframework.boot.test.mock.mockito.ResetMocksTestExecutionListener, org.springframework.test.context.web.ServletTestExecutionListener, org.springframework.test.context.support.DirtiesContextBeforeModesTestExecutionListener, org.springframework.test.context.event.ApplicationEventsTestExecutionListener, org.springframework.test.context.support.DependencyInjectionTestExecutionListener, org.springframework.test.context.support.DirtiesContextTestExecutionListener, org.springframework.test.context.transaction.TransactionalTestExecutionListener, org.springframework.test.context.jdbc.SqlScriptsTestExecutionListener, org.springframework.test.context.event.EventPublishingTestExecutionListener]
2021-09-12 21:06:54.670  INFO 22988 --- [    Test worker] .b.t.a.w.s.WebMvcTestContextBootstrapper : Using TestExecutionListeners: [org.springframework.test.context.web.ServletTestExecutionListener@5bd2586e, org.springframework.test.context.support.DirtiesContextBeforeModesTestExecutionListener@7052d8f2, org.springframework.test.context.event.ApplicationEventsTestExecutionListener@78b23744, org.springframework.boot.test.mock.mockito.MockitoTestExecutionListener@4d2bca5b, org.springframework.boot.test.autoconfigure.SpringBootDependencyInjectionTestExecutionListener@4f3eab8, org.springframework.test.context.support.DirtiesContextTestExecutionListener@6200379c, org.springframework.test.context.transaction.TransactionalTestExecutionListener@be1248f, org.springframework.test.context.jdbc.SqlScriptsTestExecutionListener@180b5eba, org.springframework.test.context.event.EventPublishingTestExecutionListener@336d129, org.springframework.boot.test.autoconfigure.restdocs.RestDocsTestExecutionListener@60e9aa04, org.springframework.boot.test.autoconfigure.web.client.MockRestServiceServerResetTestExecutionListener@62ae2fca, org.springframework.boot.test.autoconfigure.web.servlet.MockMvcPrintOnlyOnFailureTestExecutionListener@201253ab, org.springframework.boot.test.autoconfigure.web.servlet.WebDriverTestExecutionListener@15987119, org.springframework.boot.test.autoconfigure.webservices.client.MockWebServiceServerTestExecutionListener@388c4024, org.springframework.boot.test.mock.mockito.ResetMocksTestExecutionListener@2b4ff880]
]]></system-out>
  <system-err><![CDATA[]]></system-err>
</testsuite>
