<?xml version="1.0" encoding="UTF-8"?>
<testsuite name="com.ceiba.pedido.controlador.ConsultaControladorPedidoTest" tests="1" skipped="0" failures="0" errors="0" timestamp="2021-08-03T15:35:37" hostname="LUZP-ZAPATA" time="0.158">
  <properties/>
  <testcase name="listarPedidoTest" classname="com.ceiba.pedido.controlador.ConsultaControladorPedidoTest" time="0.158"/>
  <system-out><![CDATA[2021-08-03 10:35:35.540  INFO 9996 --- [    Test worker] o.s.t.c.support.AbstractContextLoader    : Could not detect default resource locations for test class [com.ceiba.pedido.controlador.ConsultaControladorPedidoTest]: no resource found for suffixes {-context.xml, Context.groovy}.
2021-08-03 10:35:35.549  INFO 9996 --- [    Test worker] .b.t.a.w.s.WebMvcTestContextBootstrapper : Loaded default TestExecutionListener class names from location [META-INF/spring.factories]: [org.springframework.boot.test.autoconfigure.restdocs.RestDocsTestExecutionListener, org.springframework.boot.test.autoconfigure.web.client.MockRestServiceServerResetTestExecutionListener, org.springframework.boot.test.autoconfigure.web.servlet.MockMvcPrintOnlyOnFailureTestExecutionListener, org.springframework.boot.test.autoconfigure.web.servlet.WebDriverTestExecutionListener, org.springframework.boot.test.autoconfigure.webservices.client.MockWebServiceServerTestExecutionListener, org.springframework.boot.test.mock.mockito.MockitoTestExecutionListener, org.springframework.boot.test.mock.mockito.ResetMocksTestExecutionListener, org.springframework.test.context.web.ServletTestExecutionListener, org.springframework.test.context.support.DirtiesContextBeforeModesTestExecutionListener, org.springframework.test.context.event.ApplicationEventsTestExecutionListener, org.springframework.test.context.support.DependencyInjectionTestExecutionListener, org.springframework.test.context.support.DirtiesContextTestExecutionListener, org.springframework.test.context.transaction.TransactionalTestExecutionListener, org.springframework.test.context.jdbc.SqlScriptsTestExecutionListener, org.springframework.test.context.event.EventPublishingTestExecutionListener]
2021-08-03 10:35:35.551  INFO 9996 --- [    Test worker] .b.t.a.w.s.WebMvcTestContextBootstrapper : Using TestExecutionListeners: [org.springframework.test.context.web.ServletTestExecutionListener@5d75285f, org.springframework.test.context.support.DirtiesContextBeforeModesTestExecutionListener@7c28cfbc, org.springframework.test.context.event.ApplicationEventsTestExecutionListener@3e96de6, org.springframework.boot.test.mock.mockito.MockitoTestExecutionListener@20df0acb, org.springframework.boot.test.autoconfigure.SpringBootDependencyInjectionTestExecutionListener@549cf95f, org.springframework.test.context.support.DirtiesContextTestExecutionListener@6ef3995f, org.springframework.test.context.transaction.TransactionalTestExecutionListener@263d5f3a, org.springframework.test.context.jdbc.SqlScriptsTestExecutionListener@7eec9064, org.springframework.test.context.event.EventPublishingTestExecutionListener@4d89d8e7, org.springframework.boot.test.autoconfigure.restdocs.RestDocsTestExecutionListener@3fc29968, org.springframework.boot.test.autoconfigure.web.client.MockRestServiceServerResetTestExecutionListener@734ac525, org.springframework.boot.test.autoconfigure.web.servlet.MockMvcPrintOnlyOnFailureTestExecutionListener@69bf0498, org.springframework.boot.test.autoconfigure.web.servlet.WebDriverTestExecutionListener@6a72a7a8, org.springframework.boot.test.autoconfigure.webservices.client.MockWebServiceServerTestExecutionListener@41d06a57, org.springframework.boot.test.mock.mockito.ResetMocksTestExecutionListener@6416eca5]

  .   ____          _            __ _ _
 /\\ / ___'_ __ _ _(_)_ __  __ _ \ \ \ \
( ( )\___ | '_ | '_| | '_ \/ _` | \ \ \ \
 \\/  ___)| |_)| | | | | || (_| |  ) ) ) )
  '  |____| .__|_| |_|_| |_\__, | / / / /
 =========|_|==============|___/=/_/_/_/
 :: Spring Boot ::                (v2.5.2)

2021-08-03 10:35:35.620  INFO 9996 --- [    Test worker] c.c.p.c.ConsultaControladorPedidoTest    : Starting ConsultaControladorPedidoTest using Java 11.0.10 on LUZP-ZAPATA with PID 9996 (started by luz.zapata in C:\marketplace\java-arquitectura-hexagonal\microservicio\infraestructura)
2021-08-03 10:35:35.622  INFO 9996 --- [    Test worker] c.c.p.c.ConsultaControladorPedidoTest    : No active profile set, falling back to default profiles: default
2021-08-03 10:35:36.163  INFO 9996 --- [    Test worker] com.zaxxer.hikari.HikariDataSource       : pool - Starting...
2021-08-03 10:35:36.165  INFO 9996 --- [    Test worker] com.zaxxer.hikari.HikariDataSource       : pool - Start completed.
2021-08-03 10:35:36.886  INFO 9996 --- [    Test worker] pertySourcedRequestMappingHandlerMapping : Mapped URL path [/v2/api-docs] onto method [springfox.documentation.swagger2.web.Swagger2Controller#getDocumentation(String, HttpServletRequest)]
2021-08-03 10:35:36.891  INFO 9996 --- [    Test worker] o.s.j.d.e.EmbeddedDatabaseFactory        : Starting embedded database: url='jdbc:h2:mem:testdb;DB_CLOSE_DELAY=-1;DB_CLOSE_ON_EXIT=false', username='sa'
2021-08-03 10:35:36.903  INFO 9996 --- [    Test worker] o.f.c.internal.database.DatabaseFactory  : Database: jdbc:h2:mem:testdb (H2 1.4)
2021-08-03 10:35:36.921  INFO 9996 --- [    Test worker] o.f.core.internal.command.DbValidate     : Successfully validated 2 migrations (execution time 00:00.008s)
2021-08-03 10:35:36.925  INFO 9996 --- [    Test worker] o.f.core.internal.command.DbMigrate      : Current version of schema "PUBLIC": 1.1
2021-08-03 10:35:36.926  INFO 9996 --- [    Test worker] o.f.core.internal.command.DbMigrate      : Schema "PUBLIC" is up to date. No migration necessary.
2021-08-03 10:35:37.297  INFO 9996 --- [    Test worker] o.s.b.t.m.w.SpringBootMockServletContext : Initializing Spring TestDispatcherServlet ''
2021-08-03 10:35:37.298  INFO 9996 --- [    Test worker] o.s.t.web.servlet.TestDispatcherServlet  : Initializing Servlet ''
2021-08-03 10:35:37.299  INFO 9996 --- [    Test worker] o.s.t.web.servlet.TestDispatcherServlet  : Completed initialization in 1 ms
2021-08-03 10:35:37.326  INFO 9996 --- [    Test worker] d.s.w.p.DocumentationPluginsBootstrapper : Context refreshed
2021-08-03 10:35:37.327  INFO 9996 --- [    Test worker] d.s.w.p.DocumentationPluginsBootstrapper : Found 1 custom documentation plugin(s)
2021-08-03 10:35:37.347  INFO 9996 --- [    Test worker] s.d.s.w.s.ApiListingReferenceScanner     : Scanning for api listing references
2021-08-03 10:35:37.378  INFO 9996 --- [    Test worker] .d.s.w.r.o.CachingOperationNameGenerator : Generating unique operation named: actualizarUsingPUT_1
2021-08-03 10:35:37.381  INFO 9996 --- [    Test worker] .d.s.w.r.o.CachingOperationNameGenerator : Generating unique operation named: crearUsingPOST_1
2021-08-03 10:35:37.385  INFO 9996 --- [    Test worker] .d.s.w.r.o.CachingOperationNameGenerator : Generating unique operation named: eliminarUsingDELETE_1
2021-08-03 10:35:37.393  INFO 9996 --- [    Test worker] .d.s.w.r.o.CachingOperationNameGenerator : Generating unique operation named: actualizarUsingPUT_2
2021-08-03 10:35:37.397  INFO 9996 --- [    Test worker] .d.s.w.r.o.CachingOperationNameGenerator : Generating unique operation named: crearUsingPOST_2
2021-08-03 10:35:37.400  INFO 9996 --- [    Test worker] .d.s.w.r.o.CachingOperationNameGenerator : Generating unique operation named: eliminarUsingDELETE_2
2021-08-03 10:35:37.414  INFO 9996 --- [    Test worker] .d.s.w.r.o.CachingOperationNameGenerator : Generating unique operation named: listarUsingGET_1
2021-08-03 10:35:37.418  INFO 9996 --- [    Test worker] .d.s.w.r.o.CachingOperationNameGenerator : Generating unique operation named: listarUsingGET_2
2021-08-03 10:35:37.421  INFO 9996 --- [    Test worker] .d.s.w.r.o.CachingOperationNameGenerator : Generating unique operation named: listarUsingGET_3
2021-08-03 10:35:37.430  INFO 9996 --- [    Test worker] .d.s.w.r.o.CachingOperationNameGenerator : Generating unique operation named: listarUsingGET_4
2021-08-03 10:35:37.435  INFO 9996 --- [    Test worker] .d.s.w.r.o.CachingOperationNameGenerator : Generating unique operation named: listarUsingGET_5
2021-08-03 10:35:37.438  INFO 9996 --- [    Test worker] .d.s.w.r.o.CachingOperationNameGenerator : Generating unique operation named: listarUsingGET_6
2021-08-03 10:35:37.442  INFO 9996 --- [    Test worker] .d.s.w.r.o.CachingOperationNameGenerator : Generating unique operation named: listarUsingGET_7
2021-08-03 10:35:37.450  INFO 9996 --- [    Test worker] c.c.p.c.ConsultaControladorPedidoTest    : Started ConsultaControladorPedidoTest in 1.893 seconds (JVM running for 13.771)
]]></system-out>
  <system-err><![CDATA[]]></system-err>
</testsuite>
