<?xml version="1.0" encoding="UTF-8"?>
<testsuite name="com.ceiba.scotter.controlador.ComandoControladorScotterTest" tests="3" skipped="0" failures="0" errors="0" timestamp="2021-08-18T19:09:36" hostname="LUZP-ZAPATA" time="0.044">
  <properties/>
  <testcase name="eliminarScotterTest" classname="com.ceiba.scotter.controlador.ComandoControladorScotterTest" time="0.012"/>
  <testcase name="crearScotterTest" classname="com.ceiba.scotter.controlador.ComandoControladorScotterTest" time="0.018"/>
  <testcase name="actualizarScotterTest" classname="com.ceiba.scotter.controlador.ComandoControladorScotterTest" time="0.012"/>
  <system-out><![CDATA[2021-08-18 14:09:36.170  INFO 13552 --- [    Test worker] o.s.t.c.support.AbstractContextLoader    : Could not detect default resource locations for test class [com.ceiba.scotter.controlador.ComandoControladorScotterTest]: no resource found for suffixes {-context.xml, Context.groovy}.
2021-08-18 14:09:36.174  INFO 13552 --- [    Test worker] .b.t.a.w.s.WebMvcTestContextBootstrapper : Loaded default TestExecutionListener class names from location [META-INF/spring.factories]: [org.springframework.boot.test.autoconfigure.restdocs.RestDocsTestExecutionListener, org.springframework.boot.test.autoconfigure.web.client.MockRestServiceServerResetTestExecutionListener, org.springframework.boot.test.autoconfigure.web.servlet.MockMvcPrintOnlyOnFailureTestExecutionListener, org.springframework.boot.test.autoconfigure.web.servlet.WebDriverTestExecutionListener, org.springframework.boot.test.autoconfigure.webservices.client.MockWebServiceServerTestExecutionListener, org.springframework.boot.test.mock.mockito.MockitoTestExecutionListener, org.springframework.boot.test.mock.mockito.ResetMocksTestExecutionListener, org.springframework.test.context.web.ServletTestExecutionListener, org.springframework.test.context.support.DirtiesContextBeforeModesTestExecutionListener, org.springframework.test.context.event.ApplicationEventsTestExecutionListener, org.springframework.test.context.support.DependencyInjectionTestExecutionListener, org.springframework.test.context.support.DirtiesContextTestExecutionListener, org.springframework.test.context.transaction.TransactionalTestExecutionListener, org.springframework.test.context.jdbc.SqlScriptsTestExecutionListener, org.springframework.test.context.event.EventPublishingTestExecutionListener]
2021-08-18 14:09:36.175  INFO 13552 --- [    Test worker] .b.t.a.w.s.WebMvcTestContextBootstrapper : Using TestExecutionListeners: [org.springframework.test.context.web.ServletTestExecutionListener@66b0011d, org.springframework.test.context.support.DirtiesContextBeforeModesTestExecutionListener@51a6c518, org.springframework.test.context.event.ApplicationEventsTestExecutionListener@28e01d72, org.springframework.boot.test.mock.mockito.MockitoTestExecutionListener@18512533, org.springframework.boot.test.autoconfigure.SpringBootDependencyInjectionTestExecutionListener@7e8f67cd, org.springframework.test.context.support.DirtiesContextTestExecutionListener@1966f301, org.springframework.test.context.transaction.TransactionalTestExecutionListener@31c566d2, org.springframework.test.context.jdbc.SqlScriptsTestExecutionListener@20aca564, org.springframework.test.context.event.EventPublishingTestExecutionListener@25981fb3, org.springframework.boot.test.autoconfigure.restdocs.RestDocsTestExecutionListener@bc80efa, org.springframework.boot.test.autoconfigure.web.client.MockRestServiceServerResetTestExecutionListener@11210aa7, org.springframework.boot.test.autoconfigure.web.servlet.MockMvcPrintOnlyOnFailureTestExecutionListener@54e30a62, org.springframework.boot.test.autoconfigure.web.servlet.WebDriverTestExecutionListener@31e3e2ca, org.springframework.boot.test.autoconfigure.webservices.client.MockWebServiceServerTestExecutionListener@7a1785d2, org.springframework.boot.test.mock.mockito.ResetMocksTestExecutionListener@637acc05]
]]></system-out>
  <system-err><![CDATA[]]></system-err>
</testsuite>
