<?xml version="1.0" encoding="UTF-8"?>
<testsuite name="com.ceiba.pedido.controlador.ComandoControladorPedidoTest" tests="3" skipped="0" failures="0" errors="0" timestamp="2021-07-30T13:42:44" hostname="LUZP-ZAPATA" time="0.187">
  <properties/>
  <testcase name="eliminarPedidoTest" classname="com.ceiba.pedido.controlador.ComandoControladorPedidoTest" time="0.059"/>
  <testcase name="actualizarPedidoTest" classname="com.ceiba.pedido.controlador.ComandoControladorPedidoTest" time="0.093"/>
  <testcase name="crearPedidoTest" classname="com.ceiba.pedido.controlador.ComandoControladorPedidoTest" time="0.029"/>
  <system-out><![CDATA[2021-07-30 08:42:39.962  INFO 16704 --- [    Test worker] o.s.t.c.support.AbstractContextLoader    : Could not detect default resource locations for test class [com.ceiba.pedido.controlador.ComandoControladorPedidoTest]: no resource found for suffixes {-context.xml, Context.groovy}.
2021-07-30 08:42:39.970  INFO 16704 --- [    Test worker] .b.t.a.w.s.WebMvcTestContextBootstrapper : Loaded default TestExecutionListener class names from location [META-INF/spring.factories]: [org.springframework.boot.test.autoconfigure.restdocs.RestDocsTestExecutionListener, org.springframework.boot.test.autoconfigure.web.client.MockRestServiceServerResetTestExecutionListener, org.springframework.boot.test.autoconfigure.web.servlet.MockMvcPrintOnlyOnFailureTestExecutionListener, org.springframework.boot.test.autoconfigure.web.servlet.WebDriverTestExecutionListener, org.springframework.boot.test.autoconfigure.webservices.client.MockWebServiceServerTestExecutionListener, org.springframework.boot.test.mock.mockito.MockitoTestExecutionListener, org.springframework.boot.test.mock.mockito.ResetMocksTestExecutionListener, org.springframework.test.context.web.ServletTestExecutionListener, org.springframework.test.context.support.DirtiesContextBeforeModesTestExecutionListener, org.springframework.test.context.event.ApplicationEventsTestExecutionListener, org.springframework.test.context.support.DependencyInjectionTestExecutionListener, org.springframework.test.context.support.DirtiesContextTestExecutionListener, org.springframework.test.context.transaction.TransactionalTestExecutionListener, org.springframework.test.context.jdbc.SqlScriptsTestExecutionListener, org.springframework.test.context.event.EventPublishingTestExecutionListener]
2021-07-30 08:42:39.972  INFO 16704 --- [    Test worker] .b.t.a.w.s.WebMvcTestContextBootstrapper : Using TestExecutionListeners: [org.springframework.test.context.web.ServletTestExecutionListener@45eeecd3, org.springframework.test.context.support.DirtiesContextBeforeModesTestExecutionListener@78996f86, org.springframework.test.context.event.ApplicationEventsTestExecutionListener@5a003963, org.springframework.boot.test.mock.mockito.MockitoTestExecutionListener@feb68df, org.springframework.boot.test.autoconfigure.SpringBootDependencyInjectionTestExecutionListener@3d519585, org.springframework.test.context.support.DirtiesContextTestExecutionListener@e8728f6, org.springframework.test.context.transaction.TransactionalTestExecutionListener@5597c364, org.springframework.test.context.jdbc.SqlScriptsTestExecutionListener@16ee499, org.springframework.test.context.event.EventPublishingTestExecutionListener@3022b48c, org.springframework.boot.test.autoconfigure.restdocs.RestDocsTestExecutionListener@7d5eae6, org.springframework.boot.test.autoconfigure.web.client.MockRestServiceServerResetTestExecutionListener@6c32859b, org.springframework.boot.test.autoconfigure.web.servlet.MockMvcPrintOnlyOnFailureTestExecutionListener@1a8eeea8, org.springframework.boot.test.autoconfigure.web.servlet.WebDriverTestExecutionListener@3f2dafa1, org.springframework.boot.test.autoconfigure.webservices.client.MockWebServiceServerTestExecutionListener@1707e078, org.springframework.boot.test.mock.mockito.ResetMocksTestExecutionListener@6fe1a15e]

  .   ____          _            __ _ _
 /\\ / ___'_ __ _ _(_)_ __  __ _ \ \ \ \
( ( )\___ | '_ | '_| | '_ \/ _` | \ \ \ \
 \\/  ___)| |_)| | | | | || (_| |  ) ) ) )
  '  |____| .__|_| |_|_| |_\__, | / / / /
 =========|_|==============|___/=/_/_/_/
 :: Spring Boot ::                (v2.5.2)

2021-07-30 08:42:40.079  INFO 16704 --- [    Test worker] c.c.p.c.ComandoControladorPedidoTest     : Starting ComandoControladorPedidoTest using Java 11.0.10 on LUZP-ZAPATA with PID 16704 (started by luz.zapata in C:\marketplace\java-arquitectura-hexagonal\microservicio\infraestructura)
2021-07-30 08:42:40.085  INFO 16704 --- [    Test worker] c.c.p.c.ComandoControladorPedidoTest     : No active profile set, falling back to default profiles: default
2021-07-30 08:42:41.532  INFO 16704 --- [    Test worker] com.zaxxer.hikari.HikariDataSource       : pool - Starting...
2021-07-30 08:42:41.546  INFO 16704 --- [    Test worker] com.zaxxer.hikari.HikariDataSource       : pool - Start completed.
2021-07-30 08:42:43.451  INFO 16704 --- [    Test worker] pertySourcedRequestMappingHandlerMapping : Mapped URL path [/v2/api-docs] onto method [springfox.documentation.swagger2.web.Swagger2Controller#getDocumentation(String, HttpServletRequest)]
2021-07-30 08:42:43.467  INFO 16704 --- [    Test worker] o.s.j.d.e.EmbeddedDatabaseFactory        : Starting embedded database: url='jdbc:h2:mem:testdb;DB_CLOSE_DELAY=-1;DB_CLOSE_ON_EXIT=false', username='sa'
2021-07-30 08:42:43.512  INFO 16704 --- [    Test worker] o.f.c.internal.database.DatabaseFactory  : Database: jdbc:h2:mem:testdb (H2 1.4)
2021-07-30 08:42:43.619  INFO 16704 --- [    Test worker] o.f.core.internal.command.DbValidate     : Successfully validated 2 migrations (execution time 00:00.056s)
2021-07-30 08:42:43.648  INFO 16704 --- [    Test worker] o.f.core.internal.command.DbMigrate      : Current version of schema "PUBLIC": 1.1
2021-07-30 08:42:43.652  INFO 16704 --- [    Test worker] o.f.core.internal.command.DbMigrate      : Schema "PUBLIC" is up to date. No migration necessary.
2021-07-30 08:42:44.374  INFO 16704 --- [    Test worker] o.s.b.t.m.w.SpringBootMockServletContext : Initializing Spring TestDispatcherServlet ''
2021-07-30 08:42:44.375  INFO 16704 --- [    Test worker] o.s.t.web.servlet.TestDispatcherServlet  : Initializing Servlet ''
2021-07-30 08:42:44.377  INFO 16704 --- [    Test worker] o.s.t.web.servlet.TestDispatcherServlet  : Completed initialization in 2 ms
2021-07-30 08:42:44.436  INFO 16704 --- [    Test worker] d.s.w.p.DocumentationPluginsBootstrapper : Context refreshed
2021-07-30 08:42:44.438  INFO 16704 --- [    Test worker] d.s.w.p.DocumentationPluginsBootstrapper : Found 1 custom documentation plugin(s)
2021-07-30 08:42:44.476  INFO 16704 --- [    Test worker] s.d.s.w.s.ApiListingReferenceScanner     : Scanning for api listing references
2021-07-30 08:42:44.527  INFO 16704 --- [    Test worker] .d.s.w.r.o.CachingOperationNameGenerator : Generating unique operation named: actualizarUsingPUT_1
2021-07-30 08:42:44.532  INFO 16704 --- [    Test worker] .d.s.w.r.o.CachingOperationNameGenerator : Generating unique operation named: crearUsingPOST_1
2021-07-30 08:42:44.536  INFO 16704 --- [    Test worker] .d.s.w.r.o.CachingOperationNameGenerator : Generating unique operation named: eliminarUsingDELETE_1
2021-07-30 08:42:44.561  INFO 16704 --- [    Test worker] .d.s.w.r.o.CachingOperationNameGenerator : Generating unique operation named: actualizarUsingPUT_2
2021-07-30 08:42:44.576  INFO 16704 --- [    Test worker] .d.s.w.r.o.CachingOperationNameGenerator : Generating unique operation named: crearUsingPOST_2
2021-07-30 08:42:44.582  INFO 16704 --- [    Test worker] .d.s.w.r.o.CachingOperationNameGenerator : Generating unique operation named: eliminarUsingDELETE_2
2021-07-30 08:42:44.624  INFO 16704 --- [    Test worker] .d.s.w.r.o.CachingOperationNameGenerator : Generating unique operation named: listarUsingGET_1
2021-07-30 08:42:44.631  INFO 16704 --- [    Test worker] .d.s.w.r.o.CachingOperationNameGenerator : Generating unique operation named: listarUsingGET_2
2021-07-30 08:42:44.636  INFO 16704 --- [    Test worker] .d.s.w.r.o.CachingOperationNameGenerator : Generating unique operation named: listarUsingGET_3
2021-07-30 08:42:44.649  INFO 16704 --- [    Test worker] .d.s.w.r.o.CachingOperationNameGenerator : Generating unique operation named: listarUsingGET_4
2021-07-30 08:42:44.657  INFO 16704 --- [    Test worker] .d.s.w.r.o.CachingOperationNameGenerator : Generating unique operation named: listarUsingGET_5
2021-07-30 08:42:44.666  INFO 16704 --- [    Test worker] .d.s.w.r.o.CachingOperationNameGenerator : Generating unique operation named: listarUsingGET_6
2021-07-30 08:42:44.674  INFO 16704 --- [    Test worker] .d.s.w.r.o.CachingOperationNameGenerator : Generating unique operation named: listarUsingGET_7
2021-07-30 08:42:44.702  INFO 16704 --- [    Test worker] c.c.p.c.ComandoControladorPedidoTest     : Started ComandoControladorPedidoTest in 4.723 seconds (JVM running for 30.338)
]]></system-out>
  <system-err><![CDATA[]]></system-err>
</testsuite>
