<?xml version="1.0" encoding="UTF-8"?>
<testsuite name="com.ceiba.compra.controlador.ComandoControladorCompraTest" tests="4" skipped="0" failures="0" errors="0" timestamp="2021-08-03T23:09:42" hostname="LUZP-ZAPATA" time="0.214">
  <properties/>
  <testcase name="actualizarCompraTest" classname="com.ceiba.compra.controlador.ComandoControladorCompraTest" time="0.131"/>
  <testcase name="crearCompraScotterReservadaTest" classname="com.ceiba.compra.controlador.ComandoControladorCompraTest" time="0.024"/>
  <testcase name="crearCompraTest" classname="com.ceiba.compra.controlador.ComandoControladorCompraTest" time="0.044"/>
  <testcase name="eliminarCompraTest" classname="com.ceiba.compra.controlador.ComandoControladorCompraTest" time="0.011"/>
  <system-out><![CDATA[2021-08-03 18:09:40.404  INFO 5012 --- [    Test worker] o.s.t.c.support.AbstractContextLoader    : Could not detect default resource locations for test class [com.ceiba.compra.controlador.ComandoControladorCompraTest]: no resource found for suffixes {-context.xml, Context.groovy}.
2021-08-03 18:09:40.413  INFO 5012 --- [    Test worker] .b.t.a.w.s.WebMvcTestContextBootstrapper : Loaded default TestExecutionListener class names from location [META-INF/spring.factories]: [org.springframework.boot.test.autoconfigure.restdocs.RestDocsTestExecutionListener, org.springframework.boot.test.autoconfigure.web.client.MockRestServiceServerResetTestExecutionListener, org.springframework.boot.test.autoconfigure.web.servlet.MockMvcPrintOnlyOnFailureTestExecutionListener, org.springframework.boot.test.autoconfigure.web.servlet.WebDriverTestExecutionListener, org.springframework.boot.test.autoconfigure.webservices.client.MockWebServiceServerTestExecutionListener, org.springframework.boot.test.mock.mockito.MockitoTestExecutionListener, org.springframework.boot.test.mock.mockito.ResetMocksTestExecutionListener, org.springframework.test.context.web.ServletTestExecutionListener, org.springframework.test.context.support.DirtiesContextBeforeModesTestExecutionListener, org.springframework.test.context.event.ApplicationEventsTestExecutionListener, org.springframework.test.context.support.DependencyInjectionTestExecutionListener, org.springframework.test.context.support.DirtiesContextTestExecutionListener, org.springframework.test.context.transaction.TransactionalTestExecutionListener, org.springframework.test.context.jdbc.SqlScriptsTestExecutionListener, org.springframework.test.context.event.EventPublishingTestExecutionListener]
2021-08-03 18:09:40.414  INFO 5012 --- [    Test worker] .b.t.a.w.s.WebMvcTestContextBootstrapper : Using TestExecutionListeners: [org.springframework.test.context.web.ServletTestExecutionListener@176bcb66, org.springframework.test.context.support.DirtiesContextBeforeModesTestExecutionListener@4b9277e9, org.springframework.test.context.event.ApplicationEventsTestExecutionListener@3684ae11, org.springframework.boot.test.mock.mockito.MockitoTestExecutionListener@7f5cda5b, org.springframework.boot.test.autoconfigure.SpringBootDependencyInjectionTestExecutionListener@36251e2d, org.springframework.test.context.support.DirtiesContextTestExecutionListener@6ed00a3f, org.springframework.test.context.transaction.TransactionalTestExecutionListener@7db7c5d2, org.springframework.test.context.jdbc.SqlScriptsTestExecutionListener@64a0463d, org.springframework.test.context.event.EventPublishingTestExecutionListener@7a6af8f2, org.springframework.boot.test.autoconfigure.restdocs.RestDocsTestExecutionListener@14859472, org.springframework.boot.test.autoconfigure.web.client.MockRestServiceServerResetTestExecutionListener@57df4a65, org.springframework.boot.test.autoconfigure.web.servlet.MockMvcPrintOnlyOnFailureTestExecutionListener@31a87f0d, org.springframework.boot.test.autoconfigure.web.servlet.WebDriverTestExecutionListener@1ca8aca2, org.springframework.boot.test.autoconfigure.webservices.client.MockWebServiceServerTestExecutionListener@24368d41, org.springframework.boot.test.mock.mockito.ResetMocksTestExecutionListener@91777c0]

  .   ____          _            __ _ _
 /\\ / ___'_ __ _ _(_)_ __  __ _ \ \ \ \
( ( )\___ | '_ | '_| | '_ \/ _` | \ \ \ \
 \\/  ___)| |_)| | | | | || (_| |  ) ) ) )
  '  |____| .__|_| |_|_| |_\__, | / / / /
 =========|_|==============|___/=/_/_/_/
 :: Spring Boot ::                (v2.5.2)

2021-08-03 18:09:40.480  INFO 5012 --- [    Test worker] c.c.c.c.ComandoControladorCompraTest     : Starting ComandoControladorCompraTest using Java 11.0.10 on LUZP-ZAPATA with PID 5012 (started by luz.zapata in C:\marketplace\java-arquitectura-hexagonal\microservicio\infraestructura)
2021-08-03 18:09:40.481  INFO 5012 --- [    Test worker] c.c.c.c.ComandoControladorCompraTest     : No active profile set, falling back to default profiles: default
2021-08-03 18:09:41.035  INFO 5012 --- [    Test worker] com.zaxxer.hikari.HikariDataSource       : pool - Starting...
2021-08-03 18:09:41.036  INFO 5012 --- [    Test worker] com.zaxxer.hikari.HikariDataSource       : pool - Start completed.
2021-08-03 18:09:41.778  INFO 5012 --- [    Test worker] pertySourcedRequestMappingHandlerMapping : Mapped URL path [/v2/api-docs] onto method [springfox.documentation.swagger2.web.Swagger2Controller#getDocumentation(String, HttpServletRequest)]
2021-08-03 18:09:41.782  INFO 5012 --- [    Test worker] o.s.j.d.e.EmbeddedDatabaseFactory        : Starting embedded database: url='jdbc:h2:mem:testdb;DB_CLOSE_DELAY=-1;DB_CLOSE_ON_EXIT=false', username='sa'
2021-08-03 18:09:41.792  INFO 5012 --- [    Test worker] o.f.c.internal.database.DatabaseFactory  : Database: jdbc:h2:mem:testdb (H2 1.4)
2021-08-03 18:09:41.815  INFO 5012 --- [    Test worker] o.f.core.internal.command.DbValidate     : Successfully validated 2 migrations (execution time 00:00.012s)
2021-08-03 18:09:41.820  INFO 5012 --- [    Test worker] o.f.core.internal.command.DbMigrate      : Current version of schema "PUBLIC": 1.1
2021-08-03 18:09:41.821  INFO 5012 --- [    Test worker] o.f.core.internal.command.DbMigrate      : Schema "PUBLIC" is up to date. No migration necessary.
2021-08-03 18:09:42.192  INFO 5012 --- [    Test worker] o.s.b.t.m.w.SpringBootMockServletContext : Initializing Spring TestDispatcherServlet ''
2021-08-03 18:09:42.193  INFO 5012 --- [    Test worker] o.s.t.web.servlet.TestDispatcherServlet  : Initializing Servlet ''
2021-08-03 18:09:42.195  INFO 5012 --- [    Test worker] o.s.t.web.servlet.TestDispatcherServlet  : Completed initialization in 2 ms
2021-08-03 18:09:42.224  INFO 5012 --- [    Test worker] d.s.w.p.DocumentationPluginsBootstrapper : Context refreshed
2021-08-03 18:09:42.225  INFO 5012 --- [    Test worker] d.s.w.p.DocumentationPluginsBootstrapper : Found 1 custom documentation plugin(s)
2021-08-03 18:09:42.243  INFO 5012 --- [    Test worker] s.d.s.w.s.ApiListingReferenceScanner     : Scanning for api listing references
2021-08-03 18:09:42.271  INFO 5012 --- [    Test worker] .d.s.w.r.o.CachingOperationNameGenerator : Generating unique operation named: actualizarUsingPUT_1
2021-08-03 18:09:42.274  INFO 5012 --- [    Test worker] .d.s.w.r.o.CachingOperationNameGenerator : Generating unique operation named: crearUsingPOST_1
2021-08-03 18:09:42.277  INFO 5012 --- [    Test worker] .d.s.w.r.o.CachingOperationNameGenerator : Generating unique operation named: eliminarUsingDELETE_1
2021-08-03 18:09:42.284  INFO 5012 --- [    Test worker] .d.s.w.r.o.CachingOperationNameGenerator : Generating unique operation named: actualizarUsingPUT_2
2021-08-03 18:09:42.287  INFO 5012 --- [    Test worker] .d.s.w.r.o.CachingOperationNameGenerator : Generating unique operation named: crearUsingPOST_2
2021-08-03 18:09:42.290  INFO 5012 --- [    Test worker] .d.s.w.r.o.CachingOperationNameGenerator : Generating unique operation named: eliminarUsingDELETE_2
2021-08-03 18:09:42.305  INFO 5012 --- [    Test worker] .d.s.w.r.o.CachingOperationNameGenerator : Generating unique operation named: listarUsingGET_1
2021-08-03 18:09:42.308  INFO 5012 --- [    Test worker] .d.s.w.r.o.CachingOperationNameGenerator : Generating unique operation named: listarUsingGET_2
2021-08-03 18:09:42.312  INFO 5012 --- [    Test worker] .d.s.w.r.o.CachingOperationNameGenerator : Generating unique operation named: listarUsingGET_3
2021-08-03 18:09:42.321  INFO 5012 --- [    Test worker] .d.s.w.r.o.CachingOperationNameGenerator : Generating unique operation named: listarUsingGET_4
2021-08-03 18:09:42.328  INFO 5012 --- [    Test worker] .d.s.w.r.o.CachingOperationNameGenerator : Generating unique operation named: listarUsingGET_5
2021-08-03 18:09:42.333  INFO 5012 --- [    Test worker] .d.s.w.r.o.CachingOperationNameGenerator : Generating unique operation named: listarUsingGET_6
2021-08-03 18:09:42.336  INFO 5012 --- [    Test worker] .d.s.w.r.o.CachingOperationNameGenerator : Generating unique operation named: listarUsingGET_7
2021-08-03 18:09:42.345  INFO 5012 --- [    Test worker] c.c.c.c.ComandoControladorCompraTest     : Started ComandoControladorCompraTest in 1.926 seconds (JVM running for 13.532)
]]></system-out>
  <system-err><![CDATA[]]></system-err>
</testsuite>
