<?xml version="1.0" encoding="UTF-8"?>
<testsuite name="com.ceiba.scotter.controlador.ComandoControladorScotterTest" tests="3" skipped="0" failures="0" errors="0" timestamp="2021-08-02T17:01:33" hostname="LUZP-ZAPATA" time="0.04">
  <properties/>
  <testcase name="eliminarScotterTest" classname="com.ceiba.scotter.controlador.ComandoControladorScotterTest" time="0.012"/>
  <testcase name="crearScotterTest" classname="com.ceiba.scotter.controlador.ComandoControladorScotterTest" time="0.015"/>
  <testcase name="actualizarScotterTest" classname="com.ceiba.scotter.controlador.ComandoControladorScotterTest" time="0.011"/>
  <system-out><![CDATA[2021-08-02 12:01:33.249  INFO 10992 --- [    Test worker] o.s.t.c.support.AbstractContextLoader    : Could not detect default resource locations for test class [com.ceiba.scotter.controlador.ComandoControladorScotterTest]: no resource found for suffixes {-context.xml, Context.groovy}.
2021-08-02 12:01:33.253  INFO 10992 --- [    Test worker] .b.t.a.w.s.WebMvcTestContextBootstrapper : Loaded default TestExecutionListener class names from location [META-INF/spring.factories]: [org.springframework.boot.test.autoconfigure.restdocs.RestDocsTestExecutionListener, org.springframework.boot.test.autoconfigure.web.client.MockRestServiceServerResetTestExecutionListener, org.springframework.boot.test.autoconfigure.web.servlet.MockMvcPrintOnlyOnFailureTestExecutionListener, org.springframework.boot.test.autoconfigure.web.servlet.WebDriverTestExecutionListener, org.springframework.boot.test.autoconfigure.webservices.client.MockWebServiceServerTestExecutionListener, org.springframework.boot.test.mock.mockito.MockitoTestExecutionListener, org.springframework.boot.test.mock.mockito.ResetMocksTestExecutionListener, org.springframework.test.context.web.ServletTestExecutionListener, org.springframework.test.context.support.DirtiesContextBeforeModesTestExecutionListener, org.springframework.test.context.event.ApplicationEventsTestExecutionListener, org.springframework.test.context.support.DependencyInjectionTestExecutionListener, org.springframework.test.context.support.DirtiesContextTestExecutionListener, org.springframework.test.context.transaction.TransactionalTestExecutionListener, org.springframework.test.context.jdbc.SqlScriptsTestExecutionListener, org.springframework.test.context.event.EventPublishingTestExecutionListener]
2021-08-02 12:01:33.253  INFO 10992 --- [    Test worker] .b.t.a.w.s.WebMvcTestContextBootstrapper : Using TestExecutionListeners: [org.springframework.test.context.web.ServletTestExecutionListener@741b8747, org.springframework.test.context.support.DirtiesContextBeforeModesTestExecutionListener@2ed518b4, org.springframework.test.context.event.ApplicationEventsTestExecutionListener@72cd99c, org.springframework.boot.test.mock.mockito.MockitoTestExecutionListener@173c2a44, org.springframework.boot.test.autoconfigure.SpringBootDependencyInjectionTestExecutionListener@3f35b65b, org.springframework.test.context.support.DirtiesContextTestExecutionListener@392319b1, org.springframework.test.context.transaction.TransactionalTestExecutionListener@5822c730, org.springframework.test.context.jdbc.SqlScriptsTestExecutionListener@2ebab87a, org.springframework.test.context.event.EventPublishingTestExecutionListener@3caf5498, org.springframework.boot.test.autoconfigure.restdocs.RestDocsTestExecutionListener@1d603c2d, org.springframework.boot.test.autoconfigure.web.client.MockRestServiceServerResetTestExecutionListener@53b573f6, org.springframework.boot.test.autoconfigure.web.servlet.MockMvcPrintOnlyOnFailureTestExecutionListener@28376892, org.springframework.boot.test.autoconfigure.web.servlet.WebDriverTestExecutionListener@6efae298, org.springframework.boot.test.autoconfigure.webservices.client.MockWebServiceServerTestExecutionListener@72e73a3e, org.springframework.boot.test.mock.mockito.ResetMocksTestExecutionListener@a35cd57]
]]></system-out>
  <system-err><![CDATA[]]></system-err>
</testsuite>
