<?xml version="1.0" encoding="UTF-8"?>
<testsuite name="com.ceiba.scotter.controlador.ComandoControladorScotterTest" tests="3" skipped="0" failures="0" errors="0" timestamp="2021-08-18T13:35:10" hostname="LUZP-ZAPATA" time="0.044">
  <properties/>
  <testcase name="eliminarScotterTest" classname="com.ceiba.scotter.controlador.ComandoControladorScotterTest" time="0.013"/>
  <testcase name="crearScotterTest" classname="com.ceiba.scotter.controlador.ComandoControladorScotterTest" time="0.017"/>
  <testcase name="actualizarScotterTest" classname="com.ceiba.scotter.controlador.ComandoControladorScotterTest" time="0.011"/>
  <system-out><![CDATA[2021-08-18 08:35:10.586  INFO 15364 --- [    Test worker] o.s.t.c.support.AbstractContextLoader    : Could not detect default resource locations for test class [com.ceiba.scotter.controlador.ComandoControladorScotterTest]: no resource found for suffixes {-context.xml, Context.groovy}.
2021-08-18 08:35:10.591  INFO 15364 --- [    Test worker] .b.t.a.w.s.WebMvcTestContextBootstrapper : Loaded default TestExecutionListener class names from location [META-INF/spring.factories]: [org.springframework.boot.test.autoconfigure.restdocs.RestDocsTestExecutionListener, org.springframework.boot.test.autoconfigure.web.client.MockRestServiceServerResetTestExecutionListener, org.springframework.boot.test.autoconfigure.web.servlet.MockMvcPrintOnlyOnFailureTestExecutionListener, org.springframework.boot.test.autoconfigure.web.servlet.WebDriverTestExecutionListener, org.springframework.boot.test.autoconfigure.webservices.client.MockWebServiceServerTestExecutionListener, org.springframework.boot.test.mock.mockito.MockitoTestExecutionListener, org.springframework.boot.test.mock.mockito.ResetMocksTestExecutionListener, org.springframework.test.context.web.ServletTestExecutionListener, org.springframework.test.context.support.DirtiesContextBeforeModesTestExecutionListener, org.springframework.test.context.event.ApplicationEventsTestExecutionListener, org.springframework.test.context.support.DependencyInjectionTestExecutionListener, org.springframework.test.context.support.DirtiesContextTestExecutionListener, org.springframework.test.context.transaction.TransactionalTestExecutionListener, org.springframework.test.context.jdbc.SqlScriptsTestExecutionListener, org.springframework.test.context.event.EventPublishingTestExecutionListener]
2021-08-18 08:35:10.592  INFO 15364 --- [    Test worker] .b.t.a.w.s.WebMvcTestContextBootstrapper : Using TestExecutionListeners: [org.springframework.test.context.web.ServletTestExecutionListener@6aa0cd2f, org.springframework.test.context.support.DirtiesContextBeforeModesTestExecutionListener@18b0fe01, org.springframework.test.context.event.ApplicationEventsTestExecutionListener@4ce467dc, org.springframework.boot.test.mock.mockito.MockitoTestExecutionListener@54d58173, org.springframework.boot.test.autoconfigure.SpringBootDependencyInjectionTestExecutionListener@38f0f773, org.springframework.test.context.support.DirtiesContextTestExecutionListener@27af569a, org.springframework.test.context.transaction.TransactionalTestExecutionListener@481a1f34, org.springframework.test.context.jdbc.SqlScriptsTestExecutionListener@303cc15d, org.springframework.test.context.event.EventPublishingTestExecutionListener@f48e346, org.springframework.boot.test.autoconfigure.restdocs.RestDocsTestExecutionListener@528e7fb3, org.springframework.boot.test.autoconfigure.web.client.MockRestServiceServerResetTestExecutionListener@4a753969, org.springframework.boot.test.autoconfigure.web.servlet.MockMvcPrintOnlyOnFailureTestExecutionListener@1c953f53, org.springframework.boot.test.autoconfigure.web.servlet.WebDriverTestExecutionListener@548fbd54, org.springframework.boot.test.autoconfigure.webservices.client.MockWebServiceServerTestExecutionListener@755d2391, org.springframework.boot.test.mock.mockito.ResetMocksTestExecutionListener@1680f222]
]]></system-out>
  <system-err><![CDATA[]]></system-err>
</testsuite>
