<?xml version="1.0" encoding="UTF-8"?>
<testsuite name="com.ceiba.scotter.controlador.ComandoControladorScotterTest" tests="3" skipped="0" failures="0" errors="0" timestamp="2021-08-03T15:35:41" hostname="LUZP-ZAPATA" time="0.049">
  <properties/>
  <testcase name="eliminarScotterTest" classname="com.ceiba.scotter.controlador.ComandoControladorScotterTest" time="0.017"/>
  <testcase name="crearScotterTest" classname="com.ceiba.scotter.controlador.ComandoControladorScotterTest" time="0.017"/>
  <testcase name="actualizarScotterTest" classname="com.ceiba.scotter.controlador.ComandoControladorScotterTest" time="0.012"/>
  <system-out><![CDATA[2021-08-03 10:35:41.329  INFO 9996 --- [    Test worker] o.s.t.c.support.AbstractContextLoader    : Could not detect default resource locations for test class [com.ceiba.scotter.controlador.ComandoControladorScotterTest]: no resource found for suffixes {-context.xml, Context.groovy}.
2021-08-03 10:35:41.333  INFO 9996 --- [    Test worker] .b.t.a.w.s.WebMvcTestContextBootstrapper : Loaded default TestExecutionListener class names from location [META-INF/spring.factories]: [org.springframework.boot.test.autoconfigure.restdocs.RestDocsTestExecutionListener, org.springframework.boot.test.autoconfigure.web.client.MockRestServiceServerResetTestExecutionListener, org.springframework.boot.test.autoconfigure.web.servlet.MockMvcPrintOnlyOnFailureTestExecutionListener, org.springframework.boot.test.autoconfigure.web.servlet.WebDriverTestExecutionListener, org.springframework.boot.test.autoconfigure.webservices.client.MockWebServiceServerTestExecutionListener, org.springframework.boot.test.mock.mockito.MockitoTestExecutionListener, org.springframework.boot.test.mock.mockito.ResetMocksTestExecutionListener, org.springframework.test.context.web.ServletTestExecutionListener, org.springframework.test.context.support.DirtiesContextBeforeModesTestExecutionListener, org.springframework.test.context.event.ApplicationEventsTestExecutionListener, org.springframework.test.context.support.DependencyInjectionTestExecutionListener, org.springframework.test.context.support.DirtiesContextTestExecutionListener, org.springframework.test.context.transaction.TransactionalTestExecutionListener, org.springframework.test.context.jdbc.SqlScriptsTestExecutionListener, org.springframework.test.context.event.EventPublishingTestExecutionListener]
2021-08-03 10:35:41.335  INFO 9996 --- [    Test worker] .b.t.a.w.s.WebMvcTestContextBootstrapper : Using TestExecutionListeners: [org.springframework.test.context.web.ServletTestExecutionListener@5cfbe13b, org.springframework.test.context.support.DirtiesContextBeforeModesTestExecutionListener@7afbd37b, org.springframework.test.context.event.ApplicationEventsTestExecutionListener@1fe4fda7, org.springframework.boot.test.mock.mockito.MockitoTestExecutionListener@24612541, org.springframework.boot.test.autoconfigure.SpringBootDependencyInjectionTestExecutionListener@2790facf, org.springframework.test.context.support.DirtiesContextTestExecutionListener@354854d, org.springframework.test.context.transaction.TransactionalTestExecutionListener@3b654945, org.springframework.test.context.jdbc.SqlScriptsTestExecutionListener@16832845, org.springframework.test.context.event.EventPublishingTestExecutionListener@36e5fed8, org.springframework.boot.test.autoconfigure.restdocs.RestDocsTestExecutionListener@113c7ba4, org.springframework.boot.test.autoconfigure.web.client.MockRestServiceServerResetTestExecutionListener@237a7, org.springframework.boot.test.autoconfigure.web.servlet.MockMvcPrintOnlyOnFailureTestExecutionListener@f4cf6e2, org.springframework.boot.test.autoconfigure.web.servlet.WebDriverTestExecutionListener@16c6caed, org.springframework.boot.test.autoconfigure.webservices.client.MockWebServiceServerTestExecutionListener@64d572ca, org.springframework.boot.test.mock.mockito.ResetMocksTestExecutionListener@757bdef8]
]]></system-out>
  <system-err><![CDATA[]]></system-err>
</testsuite>
