<?xml version="1.0" encoding="UTF-8"?>
<testsuite name="com.ceiba.scotter.controlador.ComandoControladorScotterTest" tests="3" skipped="0" failures="0" errors="0" timestamp="2021-08-20T14:24:12" hostname="LUZP-ZAPATA" time="0.054">
  <properties/>
  <testcase name="eliminarScotterTest" classname="com.ceiba.scotter.controlador.ComandoControladorScotterTest" time="0.014"/>
  <testcase name="crearScotterTest" classname="com.ceiba.scotter.controlador.ComandoControladorScotterTest" time="0.023"/>
  <testcase name="actualizarScotterTest" classname="com.ceiba.scotter.controlador.ComandoControladorScotterTest" time="0.015"/>
  <system-out><![CDATA[2021-08-20 09:24:12.076  INFO 12424 --- [    Test worker] o.s.t.c.support.AbstractContextLoader    : Could not detect default resource locations for test class [com.ceiba.scotter.controlador.ComandoControladorScotterTest]: no resource found for suffixes {-context.xml, Context.groovy}.
2021-08-20 09:24:12.080  INFO 12424 --- [    Test worker] .b.t.a.w.s.WebMvcTestContextBootstrapper : Loaded default TestExecutionListener class names from location [META-INF/spring.factories]: [org.springframework.boot.test.autoconfigure.restdocs.RestDocsTestExecutionListener, org.springframework.boot.test.autoconfigure.web.client.MockRestServiceServerResetTestExecutionListener, org.springframework.boot.test.autoconfigure.web.servlet.MockMvcPrintOnlyOnFailureTestExecutionListener, org.springframework.boot.test.autoconfigure.web.servlet.WebDriverTestExecutionListener, org.springframework.boot.test.autoconfigure.webservices.client.MockWebServiceServerTestExecutionListener, org.springframework.boot.test.mock.mockito.MockitoTestExecutionListener, org.springframework.boot.test.mock.mockito.ResetMocksTestExecutionListener, org.springframework.test.context.web.ServletTestExecutionListener, org.springframework.test.context.support.DirtiesContextBeforeModesTestExecutionListener, org.springframework.test.context.event.ApplicationEventsTestExecutionListener, org.springframework.test.context.support.DependencyInjectionTestExecutionListener, org.springframework.test.context.support.DirtiesContextTestExecutionListener, org.springframework.test.context.transaction.TransactionalTestExecutionListener, org.springframework.test.context.jdbc.SqlScriptsTestExecutionListener, org.springframework.test.context.event.EventPublishingTestExecutionListener]
2021-08-20 09:24:12.081  INFO 12424 --- [    Test worker] .b.t.a.w.s.WebMvcTestContextBootstrapper : Using TestExecutionListeners: [org.springframework.test.context.web.ServletTestExecutionListener@6482335d, org.springframework.test.context.support.DirtiesContextBeforeModesTestExecutionListener@59e2a433, org.springframework.test.context.event.ApplicationEventsTestExecutionListener@3519a7c7, org.springframework.boot.test.mock.mockito.MockitoTestExecutionListener@281792bd, org.springframework.boot.test.autoconfigure.SpringBootDependencyInjectionTestExecutionListener@5d7a4439, org.springframework.test.context.support.DirtiesContextTestExecutionListener@1175a099, org.springframework.test.context.transaction.TransactionalTestExecutionListener@692a1aef, org.springframework.test.context.jdbc.SqlScriptsTestExecutionListener@7dbcef0d, org.springframework.test.context.event.EventPublishingTestExecutionListener@72e8370f, org.springframework.boot.test.autoconfigure.restdocs.RestDocsTestExecutionListener@4e2520a3, org.springframework.boot.test.autoconfigure.web.client.MockRestServiceServerResetTestExecutionListener@77e1a6ea, org.springframework.boot.test.autoconfigure.web.servlet.MockMvcPrintOnlyOnFailureTestExecutionListener@6dbffb9c, org.springframework.boot.test.autoconfigure.web.servlet.WebDriverTestExecutionListener@5edce96b, org.springframework.boot.test.autoconfigure.webservices.client.MockWebServiceServerTestExecutionListener@391bfa2b, org.springframework.boot.test.mock.mockito.ResetMocksTestExecutionListener@4337cd14]
]]></system-out>
  <system-err><![CDATA[]]></system-err>
</testsuite>
