<?xml version="1.0" encoding="UTF-8"?>
<testsuite name="com.ceiba.compra.controlador.ConsultaControladorCompraTest" tests="1" skipped="0" failures="0" errors="0" timestamp="2021-08-20T12:54:24" hostname="LUZP-ZAPATA" time="0.155">
  <properties/>
  <testcase name="listarCompraTest" classname="com.ceiba.compra.controlador.ConsultaControladorCompraTest" time="0.155"/>
  <system-out><![CDATA[2021-08-20 07:54:22.496  INFO 15560 --- [    Test worker] o.s.t.c.support.AbstractContextLoader    : Could not detect default resource locations for test class [com.ceiba.compra.controlador.ConsultaControladorCompraTest]: no resource found for suffixes {-context.xml, Context.groovy}.
2021-08-20 07:54:22.503  INFO 15560 --- [    Test worker] .b.t.a.w.s.WebMvcTestContextBootstrapper : Loaded default TestExecutionListener class names from location [META-INF/spring.factories]: [org.springframework.boot.test.autoconfigure.restdocs.RestDocsTestExecutionListener, org.springframework.boot.test.autoconfigure.web.client.MockRestServiceServerResetTestExecutionListener, org.springframework.boot.test.autoconfigure.web.servlet.MockMvcPrintOnlyOnFailureTestExecutionListener, org.springframework.boot.test.autoconfigure.web.servlet.WebDriverTestExecutionListener, org.springframework.boot.test.autoconfigure.webservices.client.MockWebServiceServerTestExecutionListener, org.springframework.boot.test.mock.mockito.MockitoTestExecutionListener, org.springframework.boot.test.mock.mockito.ResetMocksTestExecutionListener, org.springframework.test.context.web.ServletTestExecutionListener, org.springframework.test.context.support.DirtiesContextBeforeModesTestExecutionListener, org.springframework.test.context.event.ApplicationEventsTestExecutionListener, org.springframework.test.context.support.DependencyInjectionTestExecutionListener, org.springframework.test.context.support.DirtiesContextTestExecutionListener, org.springframework.test.context.transaction.TransactionalTestExecutionListener, org.springframework.test.context.jdbc.SqlScriptsTestExecutionListener, org.springframework.test.context.event.EventPublishingTestExecutionListener]
2021-08-20 07:54:22.505  INFO 15560 --- [    Test worker] .b.t.a.w.s.WebMvcTestContextBootstrapper : Using TestExecutionListeners: [org.springframework.test.context.web.ServletTestExecutionListener@24ac5494, org.springframework.test.context.support.DirtiesContextBeforeModesTestExecutionListener@4502b81c, org.springframework.test.context.event.ApplicationEventsTestExecutionListener@4b534355, org.springframework.boot.test.mock.mockito.MockitoTestExecutionListener@51dcefd4, org.springframework.boot.test.autoconfigure.SpringBootDependencyInjectionTestExecutionListener@1792198f, org.springframework.test.context.support.DirtiesContextTestExecutionListener@47008139, org.springframework.test.context.transaction.TransactionalTestExecutionListener@16982b67, org.springframework.test.context.jdbc.SqlScriptsTestExecutionListener@208cd42f, org.springframework.test.context.event.EventPublishingTestExecutionListener@2755efd0, org.springframework.boot.test.autoconfigure.restdocs.RestDocsTestExecutionListener@641fbb4a, org.springframework.boot.test.autoconfigure.web.client.MockRestServiceServerResetTestExecutionListener@338b77bd, org.springframework.boot.test.autoconfigure.web.servlet.MockMvcPrintOnlyOnFailureTestExecutionListener@75e0e04f, org.springframework.boot.test.autoconfigure.web.servlet.WebDriverTestExecutionListener@7dc3ba4c, org.springframework.boot.test.autoconfigure.webservices.client.MockWebServiceServerTestExecutionListener@641f8b55, org.springframework.boot.test.mock.mockito.ResetMocksTestExecutionListener@cc13ef4]

  .   ____          _            __ _ _
 /\\ / ___'_ __ _ _(_)_ __  __ _ \ \ \ \
( ( )\___ | '_ | '_| | '_ \/ _` | \ \ \ \
 \\/  ___)| |_)| | | | | || (_| |  ) ) ) )
  '  |____| .__|_| |_|_| |_\__, | / / / /
 =========|_|==============|___/=/_/_/_/
 :: Spring Boot ::                (v2.5.2)

2021-08-20 07:54:22.572  INFO 15560 --- [    Test worker] c.c.c.c.ConsultaControladorCompraTest    : Starting ConsultaControladorCompraTest using Java 11.0.10 on LUZP-ZAPATA with PID 15560 (started by luz.zapata in C:\marketplace\java-arquitectura-hexagonal\microservicio\infraestructura)
2021-08-20 07:54:22.574  INFO 15560 --- [    Test worker] c.c.c.c.ConsultaControladorCompraTest    : No active profile set, falling back to default profiles: default
2021-08-20 07:54:23.146  INFO 15560 --- [    Test worker] com.zaxxer.hikari.HikariDataSource       : pool - Starting...
2021-08-20 07:54:23.147  INFO 15560 --- [    Test worker] com.zaxxer.hikari.HikariDataSource       : pool - Start completed.
2021-08-20 07:54:23.929  INFO 15560 --- [    Test worker] pertySourcedRequestMappingHandlerMapping : Mapped URL path [/v2/api-docs] onto method [springfox.documentation.swagger2.web.Swagger2Controller#getDocumentation(String, HttpServletRequest)]
2021-08-20 07:54:23.935  INFO 15560 --- [    Test worker] o.s.j.d.e.EmbeddedDatabaseFactory        : Starting embedded database: url='jdbc:h2:mem:testdb;DB_CLOSE_DELAY=-1;DB_CLOSE_ON_EXIT=false', username='sa'
2021-08-20 07:54:23.947  INFO 15560 --- [    Test worker] o.f.c.internal.database.DatabaseFactory  : Database: jdbc:h2:mem:testdb (H2 1.4)
2021-08-20 07:54:23.967  INFO 15560 --- [    Test worker] o.f.core.internal.command.DbValidate     : Successfully validated 2 migrations (execution time 00:00.008s)
2021-08-20 07:54:23.974  INFO 15560 --- [    Test worker] o.f.core.internal.command.DbMigrate      : Current version of schema "PUBLIC": 1.1
2021-08-20 07:54:23.975  INFO 15560 --- [    Test worker] o.f.core.internal.command.DbMigrate      : Schema "PUBLIC" is up to date. No migration necessary.
2021-08-20 07:54:24.371  INFO 15560 --- [    Test worker] o.s.b.t.m.w.SpringBootMockServletContext : Initializing Spring TestDispatcherServlet ''
2021-08-20 07:54:24.372  INFO 15560 --- [    Test worker] o.s.t.web.servlet.TestDispatcherServlet  : Initializing Servlet ''
2021-08-20 07:54:24.373  INFO 15560 --- [    Test worker] o.s.t.web.servlet.TestDispatcherServlet  : Completed initialization in 1 ms
2021-08-20 07:54:24.401  INFO 15560 --- [    Test worker] d.s.w.p.DocumentationPluginsBootstrapper : Context refreshed
2021-08-20 07:54:24.402  INFO 15560 --- [    Test worker] d.s.w.p.DocumentationPluginsBootstrapper : Found 1 custom documentation plugin(s)
2021-08-20 07:54:24.422  INFO 15560 --- [    Test worker] s.d.s.w.s.ApiListingReferenceScanner     : Scanning for api listing references
2021-08-20 07:54:24.451  INFO 15560 --- [    Test worker] .d.s.w.r.o.CachingOperationNameGenerator : Generating unique operation named: actualizarUsingPUT_1
2021-08-20 07:54:24.454  INFO 15560 --- [    Test worker] .d.s.w.r.o.CachingOperationNameGenerator : Generating unique operation named: crearUsingPOST_1
2021-08-20 07:54:24.457  INFO 15560 --- [    Test worker] .d.s.w.r.o.CachingOperationNameGenerator : Generating unique operation named: eliminarUsingDELETE_1
2021-08-20 07:54:24.466  INFO 15560 --- [    Test worker] .d.s.w.r.o.CachingOperationNameGenerator : Generating unique operation named: actualizarUsingPUT_2
2021-08-20 07:54:24.469  INFO 15560 --- [    Test worker] .d.s.w.r.o.CachingOperationNameGenerator : Generating unique operation named: crearUsingPOST_2
2021-08-20 07:54:24.472  INFO 15560 --- [    Test worker] .d.s.w.r.o.CachingOperationNameGenerator : Generating unique operation named: eliminarUsingDELETE_2
2021-08-20 07:54:24.489  INFO 15560 --- [    Test worker] .d.s.w.r.o.CachingOperationNameGenerator : Generating unique operation named: listarUsingGET_1
2021-08-20 07:54:24.492  INFO 15560 --- [    Test worker] .d.s.w.r.o.CachingOperationNameGenerator : Generating unique operation named: listarUsingGET_2
2021-08-20 07:54:24.497  INFO 15560 --- [    Test worker] .d.s.w.r.o.CachingOperationNameGenerator : Generating unique operation named: listarUsingGET_3
2021-08-20 07:54:24.516  INFO 15560 --- [    Test worker] .d.s.w.r.o.CachingOperationNameGenerator : Generating unique operation named: listarUsingGET_4
2021-08-20 07:54:24.521  INFO 15560 --- [    Test worker] .d.s.w.r.o.CachingOperationNameGenerator : Generating unique operation named: listarUsingGET_5
2021-08-20 07:54:24.525  INFO 15560 --- [    Test worker] .d.s.w.r.o.CachingOperationNameGenerator : Generating unique operation named: listarUsingGET_6
2021-08-20 07:54:24.528  INFO 15560 --- [    Test worker] .d.s.w.r.o.CachingOperationNameGenerator : Generating unique operation named: listarUsingGET_7
2021-08-20 07:54:24.535  INFO 15560 --- [    Test worker] c.c.c.c.ConsultaControladorCompraTest    : Started ConsultaControladorCompraTest in 2.025 seconds (JVM running for 14.522)
]]></system-out>
  <system-err><![CDATA[]]></system-err>
</testsuite>
