<?xml version="1.0" encoding="UTF-8"?>
<testsuite name="com.ceiba.persona.controlador.ConsultaControladorPersonaTest" tests="3" skipped="0" failures="0" errors="0" timestamp="2021-08-20T21:01:07" hostname="LUZP-ZAPATA" time="0.038">
  <properties/>
  <testcase name="listarIdTest" classname="com.ceiba.persona.controlador.ConsultaControladorPersonaTest" time="0.016"/>
  <testcase name="listarUsernameTest" classname="com.ceiba.persona.controlador.ConsultaControladorPersonaTest" time="0.009"/>
  <testcase name="listarTest" classname="com.ceiba.persona.controlador.ConsultaControladorPersonaTest" time="0.01"/>
  <system-out><![CDATA[2021-08-20 16:01:05.410  INFO 15044 --- [    Test worker] o.s.t.c.support.AbstractContextLoader    : Could not detect default resource locations for test class [com.ceiba.persona.controlador.ConsultaControladorPersonaTest]: no resource found for suffixes {-context.xml, Context.groovy}.
2021-08-20 16:01:05.416  INFO 15044 --- [    Test worker] .b.t.a.w.s.WebMvcTestContextBootstrapper : Loaded default TestExecutionListener class names from location [META-INF/spring.factories]: [org.springframework.boot.test.autoconfigure.restdocs.RestDocsTestExecutionListener, org.springframework.boot.test.autoconfigure.web.client.MockRestServiceServerResetTestExecutionListener, org.springframework.boot.test.autoconfigure.web.servlet.MockMvcPrintOnlyOnFailureTestExecutionListener, org.springframework.boot.test.autoconfigure.web.servlet.WebDriverTestExecutionListener, org.springframework.boot.test.autoconfigure.webservices.client.MockWebServiceServerTestExecutionListener, org.springframework.boot.test.mock.mockito.MockitoTestExecutionListener, org.springframework.boot.test.mock.mockito.ResetMocksTestExecutionListener, org.springframework.test.context.web.ServletTestExecutionListener, org.springframework.test.context.support.DirtiesContextBeforeModesTestExecutionListener, org.springframework.test.context.event.ApplicationEventsTestExecutionListener, org.springframework.test.context.support.DependencyInjectionTestExecutionListener, org.springframework.test.context.support.DirtiesContextTestExecutionListener, org.springframework.test.context.transaction.TransactionalTestExecutionListener, org.springframework.test.context.jdbc.SqlScriptsTestExecutionListener, org.springframework.test.context.event.EventPublishingTestExecutionListener]
2021-08-20 16:01:05.417  INFO 15044 --- [    Test worker] .b.t.a.w.s.WebMvcTestContextBootstrapper : Using TestExecutionListeners: [org.springframework.test.context.web.ServletTestExecutionListener@5c90e29a, org.springframework.test.context.support.DirtiesContextBeforeModesTestExecutionListener@1a68be68, org.springframework.test.context.event.ApplicationEventsTestExecutionListener@6d61e161, org.springframework.boot.test.mock.mockito.MockitoTestExecutionListener@4f8d5eff, org.springframework.boot.test.autoconfigure.SpringBootDependencyInjectionTestExecutionListener@14d2e1a6, org.springframework.test.context.support.DirtiesContextTestExecutionListener@4b1696aa, org.springframework.test.context.transaction.TransactionalTestExecutionListener@299e0c40, org.springframework.test.context.jdbc.SqlScriptsTestExecutionListener@cc1d52a, org.springframework.test.context.event.EventPublishingTestExecutionListener@f1ddac5, org.springframework.boot.test.autoconfigure.restdocs.RestDocsTestExecutionListener@70c1be4a, org.springframework.boot.test.autoconfigure.web.client.MockRestServiceServerResetTestExecutionListener@29e4401e, org.springframework.boot.test.autoconfigure.web.servlet.MockMvcPrintOnlyOnFailureTestExecutionListener@2b8eb88d, org.springframework.boot.test.autoconfigure.web.servlet.WebDriverTestExecutionListener@4aa494cb, org.springframework.boot.test.autoconfigure.webservices.client.MockWebServiceServerTestExecutionListener@37ea403b, org.springframework.boot.test.mock.mockito.ResetMocksTestExecutionListener@3c851268]

  .   ____          _            __ _ _
 /\\ / ___'_ __ _ _(_)_ __  __ _ \ \ \ \
( ( )\___ | '_ | '_| | '_ \/ _` | \ \ \ \
 \\/  ___)| |_)| | | | | || (_| |  ) ) ) )
  '  |____| .__|_| |_|_| |_\__, | / / / /
 =========|_|==============|___/=/_/_/_/
 :: Spring Boot ::                (v2.5.2)

2021-08-20 16:01:05.476  INFO 15044 --- [    Test worker] c.c.p.c.ConsultaControladorPersonaTest   : Starting ConsultaControladorPersonaTest using Java 11.0.10 on LUZP-ZAPATA with PID 15044 (started by luz.zapata in C:\marketplace\java-arquitectura-hexagonal\microservicio\infraestructura)
2021-08-20 16:01:05.477  INFO 15044 --- [    Test worker] c.c.p.c.ConsultaControladorPersonaTest   : No active profile set, falling back to default profiles: default
2021-08-20 16:01:05.992  INFO 15044 --- [    Test worker] com.zaxxer.hikari.HikariDataSource       : pool - Starting...
2021-08-20 16:01:05.994  INFO 15044 --- [    Test worker] com.zaxxer.hikari.HikariDataSource       : pool - Start completed.
2021-08-20 16:01:06.748  INFO 15044 --- [    Test worker] pertySourcedRequestMappingHandlerMapping : Mapped URL path [/v2/api-docs] onto method [springfox.documentation.swagger2.web.Swagger2Controller#getDocumentation(String, HttpServletRequest)]
2021-08-20 16:01:06.752  INFO 15044 --- [    Test worker] o.s.j.d.e.EmbeddedDatabaseFactory        : Starting embedded database: url='jdbc:h2:mem:testdb;DB_CLOSE_DELAY=-1;DB_CLOSE_ON_EXIT=false', username='sa'
2021-08-20 16:01:06.762  INFO 15044 --- [    Test worker] o.f.c.internal.database.DatabaseFactory  : Database: jdbc:h2:mem:testdb (H2 1.4)
2021-08-20 16:01:06.777  INFO 15044 --- [    Test worker] o.f.core.internal.command.DbValidate     : Successfully validated 2 migrations (execution time 00:00.005s)
2021-08-20 16:01:06.782  INFO 15044 --- [    Test worker] o.f.core.internal.command.DbMigrate      : Current version of schema "PUBLIC": 1.1
2021-08-20 16:01:06.783  INFO 15044 --- [    Test worker] o.f.core.internal.command.DbMigrate      : Schema "PUBLIC" is up to date. No migration necessary.
2021-08-20 16:01:07.164  INFO 15044 --- [    Test worker] o.s.b.t.m.w.SpringBootMockServletContext : Initializing Spring TestDispatcherServlet ''
2021-08-20 16:01:07.165  INFO 15044 --- [    Test worker] o.s.t.web.servlet.TestDispatcherServlet  : Initializing Servlet ''
2021-08-20 16:01:07.167  INFO 15044 --- [    Test worker] o.s.t.web.servlet.TestDispatcherServlet  : Completed initialization in 1 ms
2021-08-20 16:01:07.192  INFO 15044 --- [    Test worker] d.s.w.p.DocumentationPluginsBootstrapper : Context refreshed
2021-08-20 16:01:07.194  INFO 15044 --- [    Test worker] d.s.w.p.DocumentationPluginsBootstrapper : Found 1 custom documentation plugin(s)
2021-08-20 16:01:07.217  INFO 15044 --- [    Test worker] s.d.s.w.s.ApiListingReferenceScanner     : Scanning for api listing references
2021-08-20 16:01:07.236  INFO 15044 --- [    Test worker] .d.s.w.r.o.CachingOperationNameGenerator : Generating unique operation named: crearUsingPOST_1
2021-08-20 16:01:07.238  INFO 15044 --- [    Test worker] .d.s.w.r.o.CachingOperationNameGenerator : Generating unique operation named: eliminarUsingDELETE_1
2021-08-20 16:01:07.245  INFO 15044 --- [    Test worker] .d.s.w.r.o.CachingOperationNameGenerator : Generating unique operation named: actualizarUsingPUT_1
2021-08-20 16:01:07.248  INFO 15044 --- [    Test worker] .d.s.w.r.o.CachingOperationNameGenerator : Generating unique operation named: crearUsingPOST_2
2021-08-20 16:01:07.250  INFO 15044 --- [    Test worker] .d.s.w.r.o.CachingOperationNameGenerator : Generating unique operation named: eliminarUsingDELETE_2
2021-08-20 16:01:07.264  INFO 15044 --- [    Test worker] .d.s.w.r.o.CachingOperationNameGenerator : Generating unique operation named: listarUsingGET_1
2021-08-20 16:01:07.267  INFO 15044 --- [    Test worker] .d.s.w.r.o.CachingOperationNameGenerator : Generating unique operation named: listarUsingGET_2
2021-08-20 16:01:07.270  INFO 15044 --- [    Test worker] .d.s.w.r.o.CachingOperationNameGenerator : Generating unique operation named: listarUsingGET_3
2021-08-20 16:01:07.278  INFO 15044 --- [    Test worker] .d.s.w.r.o.CachingOperationNameGenerator : Generating unique operation named: listarUsingGET_4
2021-08-20 16:01:07.282  INFO 15044 --- [    Test worker] .d.s.w.r.o.CachingOperationNameGenerator : Generating unique operation named: listarUsingGET_5
2021-08-20 16:01:07.285  INFO 15044 --- [    Test worker] .d.s.w.r.o.CachingOperationNameGenerator : Generating unique operation named: listarUsingGET_6
2021-08-20 16:01:07.288  INFO 15044 --- [    Test worker] .d.s.w.r.o.CachingOperationNameGenerator : Generating unique operation named: listarUsingGET_7
2021-08-20 16:01:07.294  INFO 15044 --- [    Test worker] c.c.p.c.ConsultaControladorPersonaTest   : Started ConsultaControladorPersonaTest in 1.873 seconds (JVM running for 19.024)
]]></system-out>
  <system-err><![CDATA[]]></system-err>
</testsuite>
