<?xml version="1.0" encoding="UTF-8"?>
<testsuite name="com.ceiba.persona.controlador.ComandoControladorPersonaTest" tests="3" skipped="0" failures="0" errors="0" timestamp="2021-08-03T15:35:39" hostname="LUZP-ZAPATA" time="0.041">
  <properties/>
  <testcase name="actualizarPersonaTest" classname="com.ceiba.persona.controlador.ComandoControladorPersonaTest" time="0.019"/>
  <testcase name="eliminarPersonaTest" classname="com.ceiba.persona.controlador.ComandoControladorPersonaTest" time="0.009"/>
  <testcase name="crearPersonaTest" classname="com.ceiba.persona.controlador.ComandoControladorPersonaTest" time="0.012"/>
  <system-out><![CDATA[2021-08-03 10:35:37.621  INFO 9996 --- [    Test worker] o.s.t.c.support.AbstractContextLoader    : Could not detect default resource locations for test class [com.ceiba.persona.controlador.ComandoControladorPersonaTest]: no resource found for suffixes {-context.xml, Context.groovy}.
2021-08-03 10:35:37.626  INFO 9996 --- [    Test worker] .b.t.a.w.s.WebMvcTestContextBootstrapper : Loaded default TestExecutionListener class names from location [META-INF/spring.factories]: [org.springframework.boot.test.autoconfigure.restdocs.RestDocsTestExecutionListener, org.springframework.boot.test.autoconfigure.web.client.MockRestServiceServerResetTestExecutionListener, org.springframework.boot.test.autoconfigure.web.servlet.MockMvcPrintOnlyOnFailureTestExecutionListener, org.springframework.boot.test.autoconfigure.web.servlet.WebDriverTestExecutionListener, org.springframework.boot.test.autoconfigure.webservices.client.MockWebServiceServerTestExecutionListener, org.springframework.boot.test.mock.mockito.MockitoTestExecutionListener, org.springframework.boot.test.mock.mockito.ResetMocksTestExecutionListener, org.springframework.test.context.web.ServletTestExecutionListener, org.springframework.test.context.support.DirtiesContextBeforeModesTestExecutionListener, org.springframework.test.context.event.ApplicationEventsTestExecutionListener, org.springframework.test.context.support.DependencyInjectionTestExecutionListener, org.springframework.test.context.support.DirtiesContextTestExecutionListener, org.springframework.test.context.transaction.TransactionalTestExecutionListener, org.springframework.test.context.jdbc.SqlScriptsTestExecutionListener, org.springframework.test.context.event.EventPublishingTestExecutionListener]
2021-08-03 10:35:37.627  INFO 9996 --- [    Test worker] .b.t.a.w.s.WebMvcTestContextBootstrapper : Using TestExecutionListeners: [org.springframework.test.context.web.ServletTestExecutionListener@3dd60675, org.springframework.test.context.support.DirtiesContextBeforeModesTestExecutionListener@76234212, org.springframework.test.context.event.ApplicationEventsTestExecutionListener@71ec5faa, org.springframework.boot.test.mock.mockito.MockitoTestExecutionListener@5a1172dc, org.springframework.boot.test.autoconfigure.SpringBootDependencyInjectionTestExecutionListener@57792245, org.springframework.test.context.support.DirtiesContextTestExecutionListener@3ba6c96a, org.springframework.test.context.transaction.TransactionalTestExecutionListener@28a4c0bb, org.springframework.test.context.jdbc.SqlScriptsTestExecutionListener@7972c0e1, org.springframework.test.context.event.EventPublishingTestExecutionListener@6787be80, org.springframework.boot.test.autoconfigure.restdocs.RestDocsTestExecutionListener@6ae7c683, org.springframework.boot.test.autoconfigure.web.client.MockRestServiceServerResetTestExecutionListener@64c8627c, org.springframework.boot.test.autoconfigure.web.servlet.MockMvcPrintOnlyOnFailureTestExecutionListener@bd2d3cc, org.springframework.boot.test.autoconfigure.web.servlet.WebDriverTestExecutionListener@51fb1f88, org.springframework.boot.test.autoconfigure.webservices.client.MockWebServiceServerTestExecutionListener@5fc18ea, org.springframework.boot.test.mock.mockito.ResetMocksTestExecutionListener@220051ab]

  .   ____          _            __ _ _
 /\\ / ___'_ __ _ _(_)_ __  __ _ \ \ \ \
( ( )\___ | '_ | '_| | '_ \/ _` | \ \ \ \
 \\/  ___)| |_)| | | | | || (_| |  ) ) ) )
  '  |____| .__|_| |_|_| |_\__, | / / / /
 =========|_|==============|___/=/_/_/_/
 :: Spring Boot ::                (v2.5.2)

2021-08-03 10:35:37.692  INFO 9996 --- [    Test worker] c.c.p.c.ComandoControladorPersonaTest    : Starting ComandoControladorPersonaTest using Java 11.0.10 on LUZP-ZAPATA with PID 9996 (started by luz.zapata in C:\marketplace\java-arquitectura-hexagonal\microservicio\infraestructura)
2021-08-03 10:35:37.693  INFO 9996 --- [    Test worker] c.c.p.c.ComandoControladorPersonaTest    : No active profile set, falling back to default profiles: default
2021-08-03 10:35:38.218  INFO 9996 --- [    Test worker] com.zaxxer.hikari.HikariDataSource       : pool - Starting...
2021-08-03 10:35:38.220  INFO 9996 --- [    Test worker] com.zaxxer.hikari.HikariDataSource       : pool - Start completed.
2021-08-03 10:35:38.971  INFO 9996 --- [    Test worker] pertySourcedRequestMappingHandlerMapping : Mapped URL path [/v2/api-docs] onto method [springfox.documentation.swagger2.web.Swagger2Controller#getDocumentation(String, HttpServletRequest)]
2021-08-03 10:35:38.975  INFO 9996 --- [    Test worker] o.s.j.d.e.EmbeddedDatabaseFactory        : Starting embedded database: url='jdbc:h2:mem:testdb;DB_CLOSE_DELAY=-1;DB_CLOSE_ON_EXIT=false', username='sa'
2021-08-03 10:35:38.985  INFO 9996 --- [    Test worker] o.f.c.internal.database.DatabaseFactory  : Database: jdbc:h2:mem:testdb (H2 1.4)
2021-08-03 10:35:39.000  INFO 9996 --- [    Test worker] o.f.core.internal.command.DbValidate     : Successfully validated 2 migrations (execution time 00:00.006s)
2021-08-03 10:35:39.005  INFO 9996 --- [    Test worker] o.f.core.internal.command.DbMigrate      : Current version of schema "PUBLIC": 1.1
2021-08-03 10:35:39.006  INFO 9996 --- [    Test worker] o.f.core.internal.command.DbMigrate      : Schema "PUBLIC" is up to date. No migration necessary.
2021-08-03 10:35:39.341  INFO 9996 --- [    Test worker] o.s.b.t.m.w.SpringBootMockServletContext : Initializing Spring TestDispatcherServlet ''
2021-08-03 10:35:39.342  INFO 9996 --- [    Test worker] o.s.t.web.servlet.TestDispatcherServlet  : Initializing Servlet ''
2021-08-03 10:35:39.343  INFO 9996 --- [    Test worker] o.s.t.web.servlet.TestDispatcherServlet  : Completed initialization in 1 ms
2021-08-03 10:35:39.364  INFO 9996 --- [    Test worker] d.s.w.p.DocumentationPluginsBootstrapper : Context refreshed
2021-08-03 10:35:39.365  INFO 9996 --- [    Test worker] d.s.w.p.DocumentationPluginsBootstrapper : Found 1 custom documentation plugin(s)
2021-08-03 10:35:39.381  INFO 9996 --- [    Test worker] s.d.s.w.s.ApiListingReferenceScanner     : Scanning for api listing references
2021-08-03 10:35:39.406  INFO 9996 --- [    Test worker] .d.s.w.r.o.CachingOperationNameGenerator : Generating unique operation named: actualizarUsingPUT_1
2021-08-03 10:35:39.409  INFO 9996 --- [    Test worker] .d.s.w.r.o.CachingOperationNameGenerator : Generating unique operation named: crearUsingPOST_1
2021-08-03 10:35:39.411  INFO 9996 --- [    Test worker] .d.s.w.r.o.CachingOperationNameGenerator : Generating unique operation named: eliminarUsingDELETE_1
2021-08-03 10:35:39.417  INFO 9996 --- [    Test worker] .d.s.w.r.o.CachingOperationNameGenerator : Generating unique operation named: actualizarUsingPUT_2
2021-08-03 10:35:39.421  INFO 9996 --- [    Test worker] .d.s.w.r.o.CachingOperationNameGenerator : Generating unique operation named: crearUsingPOST_2
2021-08-03 10:35:39.423  INFO 9996 --- [    Test worker] .d.s.w.r.o.CachingOperationNameGenerator : Generating unique operation named: eliminarUsingDELETE_2
2021-08-03 10:35:39.435  INFO 9996 --- [    Test worker] .d.s.w.r.o.CachingOperationNameGenerator : Generating unique operation named: listarUsingGET_1
2021-08-03 10:35:39.439  INFO 9996 --- [    Test worker] .d.s.w.r.o.CachingOperationNameGenerator : Generating unique operation named: listarUsingGET_2
2021-08-03 10:35:39.442  INFO 9996 --- [    Test worker] .d.s.w.r.o.CachingOperationNameGenerator : Generating unique operation named: listarUsingGET_3
2021-08-03 10:35:39.449  INFO 9996 --- [    Test worker] .d.s.w.r.o.CachingOperationNameGenerator : Generating unique operation named: listarUsingGET_4
2021-08-03 10:35:39.452  INFO 9996 --- [    Test worker] .d.s.w.r.o.CachingOperationNameGenerator : Generating unique operation named: listarUsingGET_5
2021-08-03 10:35:39.455  INFO 9996 --- [    Test worker] .d.s.w.r.o.CachingOperationNameGenerator : Generating unique operation named: listarUsingGET_6
2021-08-03 10:35:39.458  INFO 9996 --- [    Test worker] .d.s.w.r.o.CachingOperationNameGenerator : Generating unique operation named: listarUsingGET_7
2021-08-03 10:35:39.465  INFO 9996 --- [    Test worker] c.c.p.c.ComandoControladorPersonaTest    : Started ComandoControladorPersonaTest in 1.833 seconds (JVM running for 15.786)
]]></system-out>
  <system-err><![CDATA[]]></system-err>
</testsuite>
