<?xml version="1.0" encoding="UTF-8"?>
<testsuite name="com.ceiba.scotter.controlador.ConsultaControladorScotterTest" tests="4" skipped="0" failures="0" errors="0" timestamp="2021-08-20T21:17:04" hostname="LUZP-ZAPATA" time="0.079">
  <properties/>
  <testcase name="buscarPrecioTest" classname="com.ceiba.scotter.controlador.ConsultaControladorScotterTest" time="0.044"/>
  <testcase name="buscarCiudadTest" classname="com.ceiba.scotter.controlador.ConsultaControladorScotterTest" time="0.01"/>
  <testcase name="listarTest" classname="com.ceiba.scotter.controlador.ConsultaControladorScotterTest" time="0.009"/>
  <testcase name="buscarIdTest" classname="com.ceiba.scotter.controlador.ConsultaControladorScotterTest" time="0.012"/>
  <system-out><![CDATA[2021-08-20 16:17:02.280  INFO 13444 --- [    Test worker] o.s.t.c.support.AbstractContextLoader    : Could not detect default resource locations for test class [com.ceiba.scotter.controlador.ConsultaControladorScotterTest]: no resource found for suffixes {-context.xml, Context.groovy}.
2021-08-20 16:17:02.284  INFO 13444 --- [    Test worker] .b.t.a.w.s.WebMvcTestContextBootstrapper : Loaded default TestExecutionListener class names from location [META-INF/spring.factories]: [org.springframework.boot.test.autoconfigure.restdocs.RestDocsTestExecutionListener, org.springframework.boot.test.autoconfigure.web.client.MockRestServiceServerResetTestExecutionListener, org.springframework.boot.test.autoconfigure.web.servlet.MockMvcPrintOnlyOnFailureTestExecutionListener, org.springframework.boot.test.autoconfigure.web.servlet.WebDriverTestExecutionListener, org.springframework.boot.test.autoconfigure.webservices.client.MockWebServiceServerTestExecutionListener, org.springframework.boot.test.mock.mockito.MockitoTestExecutionListener, org.springframework.boot.test.mock.mockito.ResetMocksTestExecutionListener, org.springframework.test.context.web.ServletTestExecutionListener, org.springframework.test.context.support.DirtiesContextBeforeModesTestExecutionListener, org.springframework.test.context.event.ApplicationEventsTestExecutionListener, org.springframework.test.context.support.DependencyInjectionTestExecutionListener, org.springframework.test.context.support.DirtiesContextTestExecutionListener, org.springframework.test.context.transaction.TransactionalTestExecutionListener, org.springframework.test.context.jdbc.SqlScriptsTestExecutionListener, org.springframework.test.context.event.EventPublishingTestExecutionListener]
2021-08-20 16:17:02.284  INFO 13444 --- [    Test worker] .b.t.a.w.s.WebMvcTestContextBootstrapper : Using TestExecutionListeners: [org.springframework.test.context.web.ServletTestExecutionListener@68ea8750, org.springframework.test.context.support.DirtiesContextBeforeModesTestExecutionListener@74d9363f, org.springframework.test.context.event.ApplicationEventsTestExecutionListener@35f73f78, org.springframework.boot.test.mock.mockito.MockitoTestExecutionListener@13f4d3ee, org.springframework.boot.test.autoconfigure.SpringBootDependencyInjectionTestExecutionListener@2f1816c7, org.springframework.test.context.support.DirtiesContextTestExecutionListener@12cda5d5, org.springframework.test.context.transaction.TransactionalTestExecutionListener@1e4d540b, org.springframework.test.context.jdbc.SqlScriptsTestExecutionListener@2b138f8f, org.springframework.test.context.event.EventPublishingTestExecutionListener@44d21a04, org.springframework.boot.test.autoconfigure.restdocs.RestDocsTestExecutionListener@3b4eec46, org.springframework.boot.test.autoconfigure.web.client.MockRestServiceServerResetTestExecutionListener@4f571a28, org.springframework.boot.test.autoconfigure.web.servlet.MockMvcPrintOnlyOnFailureTestExecutionListener@780f8bba, org.springframework.boot.test.autoconfigure.web.servlet.WebDriverTestExecutionListener@2c59bc85, org.springframework.boot.test.autoconfigure.webservices.client.MockWebServiceServerTestExecutionListener@60b94994, org.springframework.boot.test.mock.mockito.ResetMocksTestExecutionListener@17c889f1]

  .   ____          _            __ _ _
 /\\ / ___'_ __ _ _(_)_ __  __ _ \ \ \ \
( ( )\___ | '_ | '_| | '_ \/ _` | \ \ \ \
 \\/  ___)| |_)| | | | | || (_| |  ) ) ) )
  '  |____| .__|_| |_|_| |_\__, | / / / /
 =========|_|==============|___/=/_/_/_/
 :: Spring Boot ::                (v2.5.2)

2021-08-20 16:17:02.343  INFO 13444 --- [    Test worker] c.c.s.c.ConsultaControladorScotterTest   : Starting ConsultaControladorScotterTest using Java 11.0.10 on LUZP-ZAPATA with PID 13444 (started by luz.zapata in C:\marketplace\java-arquitectura-hexagonal\microservicio\infraestructura)
2021-08-20 16:17:02.345  INFO 13444 --- [    Test worker] c.c.s.c.ConsultaControladorScotterTest   : No active profile set, falling back to default profiles: default
2021-08-20 16:17:02.835  INFO 13444 --- [    Test worker] com.zaxxer.hikari.HikariDataSource       : pool - Starting...
2021-08-20 16:17:02.836  INFO 13444 --- [    Test worker] com.zaxxer.hikari.HikariDataSource       : pool - Start completed.
2021-08-20 16:17:03.531  INFO 13444 --- [    Test worker] pertySourcedRequestMappingHandlerMapping : Mapped URL path [/v2/api-docs] onto method [springfox.documentation.swagger2.web.Swagger2Controller#getDocumentation(String, HttpServletRequest)]
2021-08-20 16:17:03.536  INFO 13444 --- [    Test worker] o.s.j.d.e.EmbeddedDatabaseFactory        : Starting embedded database: url='jdbc:h2:mem:testdb;DB_CLOSE_DELAY=-1;DB_CLOSE_ON_EXIT=false', username='sa'
2021-08-20 16:17:03.544  INFO 13444 --- [    Test worker] o.f.c.internal.database.DatabaseFactory  : Database: jdbc:h2:mem:testdb (H2 1.4)
2021-08-20 16:17:03.557  INFO 13444 --- [    Test worker] o.f.core.internal.command.DbValidate     : Successfully validated 2 migrations (execution time 00:00.004s)
2021-08-20 16:17:03.562  INFO 13444 --- [    Test worker] o.f.core.internal.command.DbMigrate      : Current version of schema "PUBLIC": 1.1
2021-08-20 16:17:03.563  INFO 13444 --- [    Test worker] o.f.core.internal.command.DbMigrate      : Schema "PUBLIC" is up to date. No migration necessary.
2021-08-20 16:17:03.924  INFO 13444 --- [    Test worker] o.s.b.t.m.w.SpringBootMockServletContext : Initializing Spring TestDispatcherServlet ''
2021-08-20 16:17:03.924  INFO 13444 --- [    Test worker] o.s.t.web.servlet.TestDispatcherServlet  : Initializing Servlet ''
2021-08-20 16:17:03.925  INFO 13444 --- [    Test worker] o.s.t.web.servlet.TestDispatcherServlet  : Completed initialization in 1 ms
2021-08-20 16:17:03.950  INFO 13444 --- [    Test worker] d.s.w.p.DocumentationPluginsBootstrapper : Context refreshed
2021-08-20 16:17:03.951  INFO 13444 --- [    Test worker] d.s.w.p.DocumentationPluginsBootstrapper : Found 1 custom documentation plugin(s)
2021-08-20 16:17:03.966  INFO 13444 --- [    Test worker] s.d.s.w.s.ApiListingReferenceScanner     : Scanning for api listing references
2021-08-20 16:17:03.986  INFO 13444 --- [    Test worker] .d.s.w.r.o.CachingOperationNameGenerator : Generating unique operation named: crearUsingPOST_1
2021-08-20 16:17:03.988  INFO 13444 --- [    Test worker] .d.s.w.r.o.CachingOperationNameGenerator : Generating unique operation named: eliminarUsingDELETE_1
2021-08-20 16:17:03.994  INFO 13444 --- [    Test worker] .d.s.w.r.o.CachingOperationNameGenerator : Generating unique operation named: actualizarUsingPUT_1
2021-08-20 16:17:03.996  INFO 13444 --- [    Test worker] .d.s.w.r.o.CachingOperationNameGenerator : Generating unique operation named: crearUsingPOST_2
2021-08-20 16:17:04.000  INFO 13444 --- [    Test worker] .d.s.w.r.o.CachingOperationNameGenerator : Generating unique operation named: eliminarUsingDELETE_2
2021-08-20 16:17:04.012  INFO 13444 --- [    Test worker] .d.s.w.r.o.CachingOperationNameGenerator : Generating unique operation named: listarUsingGET_1
2021-08-20 16:17:04.014  INFO 13444 --- [    Test worker] .d.s.w.r.o.CachingOperationNameGenerator : Generating unique operation named: listarUsingGET_2
2021-08-20 16:17:04.017  INFO 13444 --- [    Test worker] .d.s.w.r.o.CachingOperationNameGenerator : Generating unique operation named: listarUsingGET_3
2021-08-20 16:17:04.025  INFO 13444 --- [    Test worker] .d.s.w.r.o.CachingOperationNameGenerator : Generating unique operation named: listarUsingGET_4
2021-08-20 16:17:04.028  INFO 13444 --- [    Test worker] .d.s.w.r.o.CachingOperationNameGenerator : Generating unique operation named: listarUsingGET_5
2021-08-20 16:17:04.031  INFO 13444 --- [    Test worker] .d.s.w.r.o.CachingOperationNameGenerator : Generating unique operation named: listarUsingGET_6
2021-08-20 16:17:04.033  INFO 13444 --- [    Test worker] .d.s.w.r.o.CachingOperationNameGenerator : Generating unique operation named: listarUsingGET_7
2021-08-20 16:17:04.040  INFO 13444 --- [    Test worker] c.c.s.c.ConsultaControladorScotterTest   : Started ConsultaControladorScotterTest in 1.751 seconds (JVM running for 23.546)
]]></system-out>
  <system-err><![CDATA[]]></system-err>
</testsuite>
