<?xml version="1.0" encoding="UTF-8"?>
<testsuite name="com.ceiba.scotter.controlador.ComandoControladorScotterTest" tests="3" skipped="0" failures="0" errors="0" timestamp="2021-08-20T12:54:28" hostname="LUZP-ZAPATA" time="0.05">
  <properties/>
  <testcase name="eliminarScotterTest" classname="com.ceiba.scotter.controlador.ComandoControladorScotterTest" time="0.014"/>
  <testcase name="crearScotterTest" classname="com.ceiba.scotter.controlador.ComandoControladorScotterTest" time="0.02"/>
  <testcase name="actualizarScotterTest" classname="com.ceiba.scotter.controlador.ComandoControladorScotterTest" time="0.013"/>
  <system-out><![CDATA[2021-08-20 07:54:28.424  INFO 15560 --- [    Test worker] o.s.t.c.support.AbstractContextLoader    : Could not detect default resource locations for test class [com.ceiba.scotter.controlador.ComandoControladorScotterTest]: no resource found for suffixes {-context.xml, Context.groovy}.
2021-08-20 07:54:28.428  INFO 15560 --- [    Test worker] .b.t.a.w.s.WebMvcTestContextBootstrapper : Loaded default TestExecutionListener class names from location [META-INF/spring.factories]: [org.springframework.boot.test.autoconfigure.restdocs.RestDocsTestExecutionListener, org.springframework.boot.test.autoconfigure.web.client.MockRestServiceServerResetTestExecutionListener, org.springframework.boot.test.autoconfigure.web.servlet.MockMvcPrintOnlyOnFailureTestExecutionListener, org.springframework.boot.test.autoconfigure.web.servlet.WebDriverTestExecutionListener, org.springframework.boot.test.autoconfigure.webservices.client.MockWebServiceServerTestExecutionListener, org.springframework.boot.test.mock.mockito.MockitoTestExecutionListener, org.springframework.boot.test.mock.mockito.ResetMocksTestExecutionListener, org.springframework.test.context.web.ServletTestExecutionListener, org.springframework.test.context.support.DirtiesContextBeforeModesTestExecutionListener, org.springframework.test.context.event.ApplicationEventsTestExecutionListener, org.springframework.test.context.support.DependencyInjectionTestExecutionListener, org.springframework.test.context.support.DirtiesContextTestExecutionListener, org.springframework.test.context.transaction.TransactionalTestExecutionListener, org.springframework.test.context.jdbc.SqlScriptsTestExecutionListener, org.springframework.test.context.event.EventPublishingTestExecutionListener]
2021-08-20 07:54:28.428  INFO 15560 --- [    Test worker] .b.t.a.w.s.WebMvcTestContextBootstrapper : Using TestExecutionListeners: [org.springframework.test.context.web.ServletTestExecutionListener@2ed76925, org.springframework.test.context.support.DirtiesContextBeforeModesTestExecutionListener@17ba44ea, org.springframework.test.context.event.ApplicationEventsTestExecutionListener@2ae7a896, org.springframework.boot.test.mock.mockito.MockitoTestExecutionListener@6698e410, org.springframework.boot.test.autoconfigure.SpringBootDependencyInjectionTestExecutionListener@731327a7, org.springframework.test.context.support.DirtiesContextTestExecutionListener@36cbb03b, org.springframework.test.context.transaction.TransactionalTestExecutionListener@21ff1d6c, org.springframework.test.context.jdbc.SqlScriptsTestExecutionListener@66c527, org.springframework.test.context.event.EventPublishingTestExecutionListener@6a22f493, org.springframework.boot.test.autoconfigure.restdocs.RestDocsTestExecutionListener@183db84, org.springframework.boot.test.autoconfigure.web.client.MockRestServiceServerResetTestExecutionListener@584ea2a5, org.springframework.boot.test.autoconfigure.web.servlet.MockMvcPrintOnlyOnFailureTestExecutionListener@6e371b76, org.springframework.boot.test.autoconfigure.web.servlet.WebDriverTestExecutionListener@13ccfc4f, org.springframework.boot.test.autoconfigure.webservices.client.MockWebServiceServerTestExecutionListener@c0c5a49, org.springframework.boot.test.mock.mockito.ResetMocksTestExecutionListener@217a9ae7]
]]></system-out>
  <system-err><![CDATA[]]></system-err>
</testsuite>
