<?xml version="1.0" encoding="UTF-8"?>
<testsuite name="com.ceiba.persona.controlador.ComandoControladorPersonaTest" tests="3" skipped="0" failures="0" errors="0" timestamp="2021-07-29T21:40:43" hostname="LUZP-ZAPATA" time="0.088">
  <properties/>
  <testcase name="actualizarPersonaTest" classname="com.ceiba.persona.controlador.ComandoControladorPersonaTest" time="0.051"/>
  <testcase name="eliminarPersonaTest" classname="com.ceiba.persona.controlador.ComandoControladorPersonaTest" time="0.013"/>
  <testcase name="crearPersonaTest" classname="com.ceiba.persona.controlador.ComandoControladorPersonaTest" time="0.022"/>
  <system-out><![CDATA[2021-07-29 16:40:43.930  INFO 15964 --- [    Test worker] o.s.t.c.support.AbstractContextLoader    : Could not detect default resource locations for test class [com.ceiba.persona.controlador.ComandoControladorPersonaTest]: no resource found for suffixes {-context.xml, Context.groovy}.
2021-07-29 16:40:43.935  INFO 15964 --- [    Test worker] .b.t.a.w.s.WebMvcTestContextBootstrapper : Loaded default TestExecutionListener class names from location [META-INF/spring.factories]: [org.springframework.boot.test.autoconfigure.restdocs.RestDocsTestExecutionListener, org.springframework.boot.test.autoconfigure.web.client.MockRestServiceServerResetTestExecutionListener, org.springframework.boot.test.autoconfigure.web.servlet.MockMvcPrintOnlyOnFailureTestExecutionListener, org.springframework.boot.test.autoconfigure.web.servlet.WebDriverTestExecutionListener, org.springframework.boot.test.autoconfigure.webservices.client.MockWebServiceServerTestExecutionListener, org.springframework.boot.test.mock.mockito.MockitoTestExecutionListener, org.springframework.boot.test.mock.mockito.ResetMocksTestExecutionListener, org.springframework.test.context.web.ServletTestExecutionListener, org.springframework.test.context.support.DirtiesContextBeforeModesTestExecutionListener, org.springframework.test.context.event.ApplicationEventsTestExecutionListener, org.springframework.test.context.support.DependencyInjectionTestExecutionListener, org.springframework.test.context.support.DirtiesContextTestExecutionListener, org.springframework.test.context.transaction.TransactionalTestExecutionListener, org.springframework.test.context.jdbc.SqlScriptsTestExecutionListener, org.springframework.test.context.event.EventPublishingTestExecutionListener]
2021-07-29 16:40:43.936  INFO 15964 --- [    Test worker] .b.t.a.w.s.WebMvcTestContextBootstrapper : Using TestExecutionListeners: [org.springframework.test.context.web.ServletTestExecutionListener@2e580d5, org.springframework.test.context.support.DirtiesContextBeforeModesTestExecutionListener@1bb0ed6f, org.springframework.test.context.event.ApplicationEventsTestExecutionListener@7740dbcc, org.springframework.boot.test.mock.mockito.MockitoTestExecutionListener@6b2bb4ce, org.springframework.boot.test.autoconfigure.SpringBootDependencyInjectionTestExecutionListener@45667256, org.springframework.test.context.support.DirtiesContextTestExecutionListener@59212400, org.springframework.test.context.transaction.TransactionalTestExecutionListener@28ce0a53, org.springframework.test.context.jdbc.SqlScriptsTestExecutionListener@1e754640, org.springframework.test.context.event.EventPublishingTestExecutionListener@6877731a, org.springframework.boot.test.autoconfigure.restdocs.RestDocsTestExecutionListener@38264b30, org.springframework.boot.test.autoconfigure.web.client.MockRestServiceServerResetTestExecutionListener@60e252f5, org.springframework.boot.test.autoconfigure.web.servlet.MockMvcPrintOnlyOnFailureTestExecutionListener@54114fef, org.springframework.boot.test.autoconfigure.web.servlet.WebDriverTestExecutionListener@7ad09d4, org.springframework.boot.test.autoconfigure.webservices.client.MockWebServiceServerTestExecutionListener@d58bdda, org.springframework.boot.test.mock.mockito.ResetMocksTestExecutionListener@7fdf237e]
]]></system-out>
  <system-err><![CDATA[]]></system-err>
</testsuite>
