<?xml version="1.0" encoding="UTF-8"?>
<testsuite name="com.ceiba.scotter.controlador.ComandoControladorScotterTest" tests="3" skipped="0" failures="0" errors="0" timestamp="2021-08-20T21:17:02" hostname="LUZP-ZAPATA" time="0.048">
  <properties/>
  <testcase name="eliminarScotterTest" classname="com.ceiba.scotter.controlador.ComandoControladorScotterTest" time="0.013"/>
  <testcase name="crearScotterTest" classname="com.ceiba.scotter.controlador.ComandoControladorScotterTest" time="0.018"/>
  <testcase name="actualizarScotterTest" classname="com.ceiba.scotter.controlador.ComandoControladorScotterTest" time="0.015"/>
  <system-out><![CDATA[2021-08-20 16:17:02.214  INFO 13444 --- [    Test worker] o.s.t.c.support.AbstractContextLoader    : Could not detect default resource locations for test class [com.ceiba.scotter.controlador.ComandoControladorScotterTest]: no resource found for suffixes {-context.xml, Context.groovy}.
2021-08-20 16:17:02.218  INFO 13444 --- [    Test worker] .b.t.a.w.s.WebMvcTestContextBootstrapper : Loaded default TestExecutionListener class names from location [META-INF/spring.factories]: [org.springframework.boot.test.autoconfigure.restdocs.RestDocsTestExecutionListener, org.springframework.boot.test.autoconfigure.web.client.MockRestServiceServerResetTestExecutionListener, org.springframework.boot.test.autoconfigure.web.servlet.MockMvcPrintOnlyOnFailureTestExecutionListener, org.springframework.boot.test.autoconfigure.web.servlet.WebDriverTestExecutionListener, org.springframework.boot.test.autoconfigure.webservices.client.MockWebServiceServerTestExecutionListener, org.springframework.boot.test.mock.mockito.MockitoTestExecutionListener, org.springframework.boot.test.mock.mockito.ResetMocksTestExecutionListener, org.springframework.test.context.web.ServletTestExecutionListener, org.springframework.test.context.support.DirtiesContextBeforeModesTestExecutionListener, org.springframework.test.context.event.ApplicationEventsTestExecutionListener, org.springframework.test.context.support.DependencyInjectionTestExecutionListener, org.springframework.test.context.support.DirtiesContextTestExecutionListener, org.springframework.test.context.transaction.TransactionalTestExecutionListener, org.springframework.test.context.jdbc.SqlScriptsTestExecutionListener, org.springframework.test.context.event.EventPublishingTestExecutionListener]
2021-08-20 16:17:02.219  INFO 13444 --- [    Test worker] .b.t.a.w.s.WebMvcTestContextBootstrapper : Using TestExecutionListeners: [org.springframework.test.context.web.ServletTestExecutionListener@3519a7c7, org.springframework.test.context.support.DirtiesContextBeforeModesTestExecutionListener@281792bd, org.springframework.test.context.event.ApplicationEventsTestExecutionListener@5d7a4439, org.springframework.boot.test.mock.mockito.MockitoTestExecutionListener@1175a099, org.springframework.boot.test.autoconfigure.SpringBootDependencyInjectionTestExecutionListener@692a1aef, org.springframework.test.context.support.DirtiesContextTestExecutionListener@7dbcef0d, org.springframework.test.context.transaction.TransactionalTestExecutionListener@72e8370f, org.springframework.test.context.jdbc.SqlScriptsTestExecutionListener@4e2520a3, org.springframework.test.context.event.EventPublishingTestExecutionListener@77e1a6ea, org.springframework.boot.test.autoconfigure.restdocs.RestDocsTestExecutionListener@6dbffb9c, org.springframework.boot.test.autoconfigure.web.client.MockRestServiceServerResetTestExecutionListener@5edce96b, org.springframework.boot.test.autoconfigure.web.servlet.MockMvcPrintOnlyOnFailureTestExecutionListener@391bfa2b, org.springframework.boot.test.autoconfigure.web.servlet.WebDriverTestExecutionListener@4337cd14, org.springframework.boot.test.autoconfigure.webservices.client.MockWebServiceServerTestExecutionListener@51c6bdf5, org.springframework.boot.test.mock.mockito.ResetMocksTestExecutionListener@68e88117]
]]></system-out>
  <system-err><![CDATA[]]></system-err>
</testsuite>
