<?xml version="1.0" encoding="UTF-8"?>
<testsuite name="com.ceiba.persona.controlador.ConsultaControladorPersonaTest" tests="3" skipped="0" failures="0" errors="0" timestamp="2021-09-13T02:06:54" hostname="LUZP-ZAPATA" time="0.042">
  <properties/>
  <testcase name="listarIdTest" classname="com.ceiba.persona.controlador.ConsultaControladorPersonaTest" time="0.018"/>
  <testcase name="listarUsernameTest" classname="com.ceiba.persona.controlador.ConsultaControladorPersonaTest" time="0.011"/>
  <testcase name="listarTest" classname="com.ceiba.persona.controlador.ConsultaControladorPersonaTest" time="0.012"/>
  <system-out><![CDATA[2021-09-12 21:06:52.774  INFO 22988 --- [    Test worker] o.s.t.c.support.AbstractContextLoader    : Could not detect default resource locations for test class [com.ceiba.persona.controlador.ConsultaControladorPersonaTest]: no resource found for suffixes {-context.xml, Context.groovy}.
2021-09-12 21:06:52.780  INFO 22988 --- [    Test worker] .b.t.a.w.s.WebMvcTestContextBootstrapper : Loaded default TestExecutionListener class names from location [META-INF/spring.factories]: [org.springframework.boot.test.autoconfigure.restdocs.RestDocsTestExecutionListener, org.springframework.boot.test.autoconfigure.web.client.MockRestServiceServerResetTestExecutionListener, org.springframework.boot.test.autoconfigure.web.servlet.MockMvcPrintOnlyOnFailureTestExecutionListener, org.springframework.boot.test.autoconfigure.web.servlet.WebDriverTestExecutionListener, org.springframework.boot.test.autoconfigure.webservices.client.MockWebServiceServerTestExecutionListener, org.springframework.boot.test.mock.mockito.MockitoTestExecutionListener, org.springframework.boot.test.mock.mockito.ResetMocksTestExecutionListener, org.springframework.test.context.web.ServletTestExecutionListener, org.springframework.test.context.support.DirtiesContextBeforeModesTestExecutionListener, org.springframework.test.context.event.ApplicationEventsTestExecutionListener, org.springframework.test.context.support.DependencyInjectionTestExecutionListener, org.springframework.test.context.support.DirtiesContextTestExecutionListener, org.springframework.test.context.transaction.TransactionalTestExecutionListener, org.springframework.test.context.jdbc.SqlScriptsTestExecutionListener, org.springframework.test.context.event.EventPublishingTestExecutionListener]
2021-09-12 21:06:52.780  INFO 22988 --- [    Test worker] .b.t.a.w.s.WebMvcTestContextBootstrapper : Using TestExecutionListeners: [org.springframework.test.context.web.ServletTestExecutionListener@6fe4d37, org.springframework.test.context.support.DirtiesContextBeforeModesTestExecutionListener@fd9d1bc, org.springframework.test.context.event.ApplicationEventsTestExecutionListener@3d662fd5, org.springframework.boot.test.mock.mockito.MockitoTestExecutionListener@29e6cd13, org.springframework.boot.test.autoconfigure.SpringBootDependencyInjectionTestExecutionListener@5d05aaed, org.springframework.test.context.support.DirtiesContextTestExecutionListener@1c10c4c0, org.springframework.test.context.transaction.TransactionalTestExecutionListener@10045810, org.springframework.test.context.jdbc.SqlScriptsTestExecutionListener@f958156, org.springframework.test.context.event.EventPublishingTestExecutionListener@7fb7108b, org.springframework.boot.test.autoconfigure.restdocs.RestDocsTestExecutionListener@651bed79, org.springframework.boot.test.autoconfigure.web.client.MockRestServiceServerResetTestExecutionListener@57eded12, org.springframework.boot.test.autoconfigure.web.servlet.MockMvcPrintOnlyOnFailureTestExecutionListener@74d15988, org.springframework.boot.test.autoconfigure.web.servlet.WebDriverTestExecutionListener@33252cd1, org.springframework.boot.test.autoconfigure.webservices.client.MockWebServiceServerTestExecutionListener@96f6fe9, org.springframework.boot.test.mock.mockito.ResetMocksTestExecutionListener@315286ab]

  .   ____          _            __ _ _
 /\\ / ___'_ __ _ _(_)_ __  __ _ \ \ \ \
( ( )\___ | '_ | '_| | '_ \/ _` | \ \ \ \
 \\/  ___)| |_)| | | | | || (_| |  ) ) ) )
  '  |____| .__|_| |_|_| |_\__, | / / / /
 =========|_|==============|___/=/_/_/_/
 :: Spring Boot ::                (v2.5.2)

2021-09-12 21:06:52.846  INFO 22988 --- [    Test worker] c.c.p.c.ConsultaControladorPersonaTest   : Starting ConsultaControladorPersonaTest using Java 11.0.10 on LUZP-ZAPATA with PID 22988 (started by luz.zapata in C:\marketplace\java-arquitectura-hexagonal\microservicio\infraestructura)
2021-09-12 21:06:52.847  INFO 22988 --- [    Test worker] c.c.p.c.ConsultaControladorPersonaTest   : No active profile set, falling back to default profiles: default
2021-09-12 21:06:53.350  INFO 22988 --- [    Test worker] com.zaxxer.hikari.HikariDataSource       : pool - Starting...
2021-09-12 21:06:53.352  INFO 22988 --- [    Test worker] com.zaxxer.hikari.HikariDataSource       : pool - Start completed.
2021-09-12 21:06:54.064  INFO 22988 --- [    Test worker] pertySourcedRequestMappingHandlerMapping : Mapped URL path [/v2/api-docs] onto method [springfox.documentation.swagger2.web.Swagger2Controller#getDocumentation(String, HttpServletRequest)]
2021-09-12 21:06:54.069  INFO 22988 --- [    Test worker] o.s.j.d.e.EmbeddedDatabaseFactory        : Starting embedded database: url='jdbc:h2:mem:testdb;DB_CLOSE_DELAY=-1;DB_CLOSE_ON_EXIT=false', username='sa'
2021-09-12 21:06:54.077  INFO 22988 --- [    Test worker] o.f.c.internal.database.DatabaseFactory  : Database: jdbc:h2:mem:testdb (H2 1.4)
2021-09-12 21:06:54.097  INFO 22988 --- [    Test worker] o.f.core.internal.command.DbValidate     : Successfully validated 2 migrations (execution time 00:00.010s)
2021-09-12 21:06:54.102  INFO 22988 --- [    Test worker] o.f.core.internal.command.DbMigrate      : Current version of schema "PUBLIC": 1.1
2021-09-12 21:06:54.103  INFO 22988 --- [    Test worker] o.f.core.internal.command.DbMigrate      : Schema "PUBLIC" is up to date. No migration necessary.
2021-09-12 21:06:54.478  INFO 22988 --- [    Test worker] o.s.b.t.m.w.SpringBootMockServletContext : Initializing Spring TestDispatcherServlet ''
2021-09-12 21:06:54.479  INFO 22988 --- [    Test worker] o.s.t.web.servlet.TestDispatcherServlet  : Initializing Servlet ''
2021-09-12 21:06:54.480  INFO 22988 --- [    Test worker] o.s.t.web.servlet.TestDispatcherServlet  : Completed initialization in 1 ms
2021-09-12 21:06:54.507  INFO 22988 --- [    Test worker] d.s.w.p.DocumentationPluginsBootstrapper : Context refreshed
2021-09-12 21:06:54.508  INFO 22988 --- [    Test worker] d.s.w.p.DocumentationPluginsBootstrapper : Found 1 custom documentation plugin(s)
2021-09-12 21:06:54.524  INFO 22988 --- [    Test worker] s.d.s.w.s.ApiListingReferenceScanner     : Scanning for api listing references
2021-09-12 21:06:54.548  INFO 22988 --- [    Test worker] .d.s.w.r.o.CachingOperationNameGenerator : Generating unique operation named: crearUsingPOST_1
2021-09-12 21:06:54.550  INFO 22988 --- [    Test worker] .d.s.w.r.o.CachingOperationNameGenerator : Generating unique operation named: eliminarUsingDELETE_1
2021-09-12 21:06:54.558  INFO 22988 --- [    Test worker] .d.s.w.r.o.CachingOperationNameGenerator : Generating unique operation named: actualizarUsingPUT_1
2021-09-12 21:06:54.561  INFO 22988 --- [    Test worker] .d.s.w.r.o.CachingOperationNameGenerator : Generating unique operation named: crearUsingPOST_2
2021-09-12 21:06:54.563  INFO 22988 --- [    Test worker] .d.s.w.r.o.CachingOperationNameGenerator : Generating unique operation named: eliminarUsingDELETE_2
2021-09-12 21:06:54.573  INFO 22988 --- [    Test worker] .d.s.w.r.o.CachingOperationNameGenerator : Generating unique operation named: listarUsingGET_1
2021-09-12 21:06:54.577  INFO 22988 --- [    Test worker] .d.s.w.r.o.CachingOperationNameGenerator : Generating unique operation named: listarUsingGET_2
2021-09-12 21:06:54.580  INFO 22988 --- [    Test worker] .d.s.w.r.o.CachingOperationNameGenerator : Generating unique operation named: listarUsingGET_3
2021-09-12 21:06:54.590  INFO 22988 --- [    Test worker] .d.s.w.r.o.CachingOperationNameGenerator : Generating unique operation named: listarUsingGET_4
2021-09-12 21:06:54.594  INFO 22988 --- [    Test worker] .d.s.w.r.o.CachingOperationNameGenerator : Generating unique operation named: listarUsingGET_5
2021-09-12 21:06:54.598  INFO 22988 --- [    Test worker] .d.s.w.r.o.CachingOperationNameGenerator : Generating unique operation named: listarUsingGET_6
2021-09-12 21:06:54.601  INFO 22988 --- [    Test worker] .d.s.w.r.o.CachingOperationNameGenerator : Generating unique operation named: listarUsingGET_7
2021-09-12 21:06:54.610  INFO 22988 --- [    Test worker] c.c.p.c.ConsultaControladorPersonaTest   : Started ConsultaControladorPersonaTest in 1.824 seconds (JVM running for 19.173)
]]></system-out>
  <system-err><![CDATA[]]></system-err>
</testsuite>
