<?xml version="1.0" encoding="UTF-8"?>
<testsuite name="com.ceiba.compra.controlador.ConsultaControladorCompraTest" tests="1" skipped="0" failures="0" errors="0" timestamp="2021-08-20T14:24:08" hostname="LUZP-ZAPATA" time="0.151">
  <properties/>
  <testcase name="listarCompraTest" classname="com.ceiba.compra.controlador.ConsultaControladorCompraTest" time="0.151"/>
  <system-out><![CDATA[2021-08-20 09:24:06.046  INFO 12424 --- [    Test worker] o.s.t.c.support.AbstractContextLoader    : Could not detect default resource locations for test class [com.ceiba.compra.controlador.ConsultaControladorCompraTest]: no resource found for suffixes {-context.xml, Context.groovy}.
2021-08-20 09:24:06.054  INFO 12424 --- [    Test worker] .b.t.a.w.s.WebMvcTestContextBootstrapper : Loaded default TestExecutionListener class names from location [META-INF/spring.factories]: [org.springframework.boot.test.autoconfigure.restdocs.RestDocsTestExecutionListener, org.springframework.boot.test.autoconfigure.web.client.MockRestServiceServerResetTestExecutionListener, org.springframework.boot.test.autoconfigure.web.servlet.MockMvcPrintOnlyOnFailureTestExecutionListener, org.springframework.boot.test.autoconfigure.web.servlet.WebDriverTestExecutionListener, org.springframework.boot.test.autoconfigure.webservices.client.MockWebServiceServerTestExecutionListener, org.springframework.boot.test.mock.mockito.MockitoTestExecutionListener, org.springframework.boot.test.mock.mockito.ResetMocksTestExecutionListener, org.springframework.test.context.web.ServletTestExecutionListener, org.springframework.test.context.support.DirtiesContextBeforeModesTestExecutionListener, org.springframework.test.context.event.ApplicationEventsTestExecutionListener, org.springframework.test.context.support.DependencyInjectionTestExecutionListener, org.springframework.test.context.support.DirtiesContextTestExecutionListener, org.springframework.test.context.transaction.TransactionalTestExecutionListener, org.springframework.test.context.jdbc.SqlScriptsTestExecutionListener, org.springframework.test.context.event.EventPublishingTestExecutionListener]
2021-08-20 09:24:06.055  INFO 12424 --- [    Test worker] .b.t.a.w.s.WebMvcTestContextBootstrapper : Using TestExecutionListeners: [org.springframework.test.context.web.ServletTestExecutionListener@6e995a5f, org.springframework.test.context.support.DirtiesContextBeforeModesTestExecutionListener@3520cbf4, org.springframework.test.context.event.ApplicationEventsTestExecutionListener@2e1f8e8a, org.springframework.boot.test.mock.mockito.MockitoTestExecutionListener@20f3faa9, org.springframework.boot.test.autoconfigure.SpringBootDependencyInjectionTestExecutionListener@41c174a, org.springframework.test.context.support.DirtiesContextTestExecutionListener@37d01356, org.springframework.test.context.transaction.TransactionalTestExecutionListener@6569a0f8, org.springframework.test.context.jdbc.SqlScriptsTestExecutionListener@5af0284e, org.springframework.test.context.event.EventPublishingTestExecutionListener@3e32c21d, org.springframework.boot.test.autoconfigure.restdocs.RestDocsTestExecutionListener@9cf2c2e, org.springframework.boot.test.autoconfigure.web.client.MockRestServiceServerResetTestExecutionListener@2109338f, org.springframework.boot.test.autoconfigure.web.servlet.MockMvcPrintOnlyOnFailureTestExecutionListener@7a60ddb8, org.springframework.boot.test.autoconfigure.web.servlet.WebDriverTestExecutionListener@52eacac3, org.springframework.boot.test.autoconfigure.webservices.client.MockWebServiceServerTestExecutionListener@22b432ec, org.springframework.boot.test.mock.mockito.ResetMocksTestExecutionListener@4a49f87e]

  .   ____          _            __ _ _
 /\\ / ___'_ __ _ _(_)_ __  __ _ \ \ \ \
( ( )\___ | '_ | '_| | '_ \/ _` | \ \ \ \
 \\/  ___)| |_)| | | | | || (_| |  ) ) ) )
  '  |____| .__|_| |_|_| |_\__, | / / / /
 =========|_|==============|___/=/_/_/_/
 :: Spring Boot ::                (v2.5.2)

2021-08-20 09:24:06.127  INFO 12424 --- [    Test worker] c.c.c.c.ConsultaControladorCompraTest    : Starting ConsultaControladorCompraTest using Java 11.0.10 on LUZP-ZAPATA with PID 12424 (started by luz.zapata in C:\marketplace\java-arquitectura-hexagonal\microservicio\infraestructura)
2021-08-20 09:24:06.129  INFO 12424 --- [    Test worker] c.c.c.c.ConsultaControladorCompraTest    : No active profile set, falling back to default profiles: default
2021-08-20 09:24:06.719  INFO 12424 --- [    Test worker] com.zaxxer.hikari.HikariDataSource       : pool - Starting...
2021-08-20 09:24:06.721  INFO 12424 --- [    Test worker] com.zaxxer.hikari.HikariDataSource       : pool - Start completed.
2021-08-20 09:24:07.524  INFO 12424 --- [    Test worker] pertySourcedRequestMappingHandlerMapping : Mapped URL path [/v2/api-docs] onto method [springfox.documentation.swagger2.web.Swagger2Controller#getDocumentation(String, HttpServletRequest)]
2021-08-20 09:24:07.529  INFO 12424 --- [    Test worker] o.s.j.d.e.EmbeddedDatabaseFactory        : Starting embedded database: url='jdbc:h2:mem:testdb;DB_CLOSE_DELAY=-1;DB_CLOSE_ON_EXIT=false', username='sa'
2021-08-20 09:24:07.541  INFO 12424 --- [    Test worker] o.f.c.internal.database.DatabaseFactory  : Database: jdbc:h2:mem:testdb (H2 1.4)
2021-08-20 09:24:07.564  INFO 12424 --- [    Test worker] o.f.core.internal.command.DbValidate     : Successfully validated 2 migrations (execution time 00:00.008s)
2021-08-20 09:24:07.570  INFO 12424 --- [    Test worker] o.f.core.internal.command.DbMigrate      : Current version of schema "PUBLIC": 1.1
2021-08-20 09:24:07.570  INFO 12424 --- [    Test worker] o.f.core.internal.command.DbMigrate      : Schema "PUBLIC" is up to date. No migration necessary.
2021-08-20 09:24:07.976  INFO 12424 --- [    Test worker] o.s.b.t.m.w.SpringBootMockServletContext : Initializing Spring TestDispatcherServlet ''
2021-08-20 09:24:07.977  INFO 12424 --- [    Test worker] o.s.t.web.servlet.TestDispatcherServlet  : Initializing Servlet ''
2021-08-20 09:24:07.979  INFO 12424 --- [    Test worker] o.s.t.web.servlet.TestDispatcherServlet  : Completed initialization in 1 ms
2021-08-20 09:24:08.011  INFO 12424 --- [    Test worker] d.s.w.p.DocumentationPluginsBootstrapper : Context refreshed
2021-08-20 09:24:08.012  INFO 12424 --- [    Test worker] d.s.w.p.DocumentationPluginsBootstrapper : Found 1 custom documentation plugin(s)
2021-08-20 09:24:08.030  INFO 12424 --- [    Test worker] s.d.s.w.s.ApiListingReferenceScanner     : Scanning for api listing references
2021-08-20 09:24:08.061  INFO 12424 --- [    Test worker] .d.s.w.r.o.CachingOperationNameGenerator : Generating unique operation named: crearUsingPOST_1
2021-08-20 09:24:08.063  INFO 12424 --- [    Test worker] .d.s.w.r.o.CachingOperationNameGenerator : Generating unique operation named: eliminarUsingDELETE_1
2021-08-20 09:24:08.072  INFO 12424 --- [    Test worker] .d.s.w.r.o.CachingOperationNameGenerator : Generating unique operation named: actualizarUsingPUT_1
2021-08-20 09:24:08.077  INFO 12424 --- [    Test worker] .d.s.w.r.o.CachingOperationNameGenerator : Generating unique operation named: crearUsingPOST_2
2021-08-20 09:24:08.080  INFO 12424 --- [    Test worker] .d.s.w.r.o.CachingOperationNameGenerator : Generating unique operation named: eliminarUsingDELETE_2
2021-08-20 09:24:08.096  INFO 12424 --- [    Test worker] .d.s.w.r.o.CachingOperationNameGenerator : Generating unique operation named: listarUsingGET_1
2021-08-20 09:24:08.100  INFO 12424 --- [    Test worker] .d.s.w.r.o.CachingOperationNameGenerator : Generating unique operation named: listarUsingGET_2
2021-08-20 09:24:08.104  INFO 12424 --- [    Test worker] .d.s.w.r.o.CachingOperationNameGenerator : Generating unique operation named: listarUsingGET_3
2021-08-20 09:24:08.113  INFO 12424 --- [    Test worker] .d.s.w.r.o.CachingOperationNameGenerator : Generating unique operation named: listarUsingGET_4
2021-08-20 09:24:08.118  INFO 12424 --- [    Test worker] .d.s.w.r.o.CachingOperationNameGenerator : Generating unique operation named: listarUsingGET_5
2021-08-20 09:24:08.122  INFO 12424 --- [    Test worker] .d.s.w.r.o.CachingOperationNameGenerator : Generating unique operation named: listarUsingGET_6
2021-08-20 09:24:08.125  INFO 12424 --- [    Test worker] .d.s.w.r.o.CachingOperationNameGenerator : Generating unique operation named: listarUsingGET_7
2021-08-20 09:24:08.132  INFO 12424 --- [    Test worker] c.c.c.c.ConsultaControladorCompraTest    : Started ConsultaControladorCompraTest in 2.071 seconds (JVM running for 14.583)
]]></system-out>
  <system-err><![CDATA[]]></system-err>
</testsuite>
