<?xml version="1.0" encoding="UTF-8"?>
<testsuite name="com.ceiba.compra.controlador.ComandoControladorCompraTest" tests="1" skipped="0" failures="0" errors="0" timestamp="2021-08-18T13:35:06" hostname="LUZP-ZAPATA" time="0.171">
  <properties/>
  <testcase name="crearCompraTest" classname="com.ceiba.compra.controlador.ComandoControladorCompraTest" time="0.171"/>
  <system-out><![CDATA[2021-08-18 08:35:04.795  INFO 15364 --- [    Test worker] o.s.t.c.support.AbstractContextLoader    : Could not detect default resource locations for test class [com.ceiba.compra.controlador.ComandoControladorCompraTest]: no resource found for suffixes {-context.xml, Context.groovy}.
2021-08-18 08:35:04.800  INFO 15364 --- [    Test worker] .b.t.a.w.s.WebMvcTestContextBootstrapper : Loaded default TestExecutionListener class names from location [META-INF/spring.factories]: [org.springframework.boot.test.autoconfigure.restdocs.RestDocsTestExecutionListener, org.springframework.boot.test.autoconfigure.web.client.MockRestServiceServerResetTestExecutionListener, org.springframework.boot.test.autoconfigure.web.servlet.MockMvcPrintOnlyOnFailureTestExecutionListener, org.springframework.boot.test.autoconfigure.web.servlet.WebDriverTestExecutionListener, org.springframework.boot.test.autoconfigure.webservices.client.MockWebServiceServerTestExecutionListener, org.springframework.boot.test.mock.mockito.MockitoTestExecutionListener, org.springframework.boot.test.mock.mockito.ResetMocksTestExecutionListener, org.springframework.test.context.web.ServletTestExecutionListener, org.springframework.test.context.support.DirtiesContextBeforeModesTestExecutionListener, org.springframework.test.context.event.ApplicationEventsTestExecutionListener, org.springframework.test.context.support.DependencyInjectionTestExecutionListener, org.springframework.test.context.support.DirtiesContextTestExecutionListener, org.springframework.test.context.transaction.TransactionalTestExecutionListener, org.springframework.test.context.jdbc.SqlScriptsTestExecutionListener, org.springframework.test.context.event.EventPublishingTestExecutionListener]
2021-08-18 08:35:04.800  INFO 15364 --- [    Test worker] .b.t.a.w.s.WebMvcTestContextBootstrapper : Using TestExecutionListeners: [org.springframework.test.context.web.ServletTestExecutionListener@63b95a64, org.springframework.test.context.support.DirtiesContextBeforeModesTestExecutionListener@677cfec, org.springframework.test.context.event.ApplicationEventsTestExecutionListener@51544258, org.springframework.boot.test.mock.mockito.MockitoTestExecutionListener@43be982f, org.springframework.boot.test.autoconfigure.SpringBootDependencyInjectionTestExecutionListener@6a7d8046, org.springframework.test.context.support.DirtiesContextTestExecutionListener@52cd3a4a, org.springframework.test.context.transaction.TransactionalTestExecutionListener@2178f4c9, org.springframework.test.context.jdbc.SqlScriptsTestExecutionListener@16b07f29, org.springframework.test.context.event.EventPublishingTestExecutionListener@10c9b209, org.springframework.boot.test.autoconfigure.restdocs.RestDocsTestExecutionListener@2bedc530, org.springframework.boot.test.autoconfigure.web.client.MockRestServiceServerResetTestExecutionListener@4d55a238, org.springframework.boot.test.autoconfigure.web.servlet.MockMvcPrintOnlyOnFailureTestExecutionListener@5889d58c, org.springframework.boot.test.autoconfigure.web.servlet.WebDriverTestExecutionListener@58d6d6e, org.springframework.boot.test.autoconfigure.webservices.client.MockWebServiceServerTestExecutionListener@400cfcaa, org.springframework.boot.test.mock.mockito.ResetMocksTestExecutionListener@20a8c2f1]

  .   ____          _            __ _ _
 /\\ / ___'_ __ _ _(_)_ __  __ _ \ \ \ \
( ( )\___ | '_ | '_| | '_ \/ _` | \ \ \ \
 \\/  ___)| |_)| | | | | || (_| |  ) ) ) )
  '  |____| .__|_| |_|_| |_\__, | / / / /
 =========|_|==============|___/=/_/_/_/
 :: Spring Boot ::                (v2.5.2)

2021-08-18 08:35:04.860  INFO 15364 --- [    Test worker] c.c.c.c.ComandoControladorCompraTest     : Starting ComandoControladorCompraTest using Java 11.0.10 on LUZP-ZAPATA with PID 15364 (started by luz.zapata in C:\marketplace\java-arquitectura-hexagonal\microservicio\infraestructura)
2021-08-18 08:35:04.861  INFO 15364 --- [    Test worker] c.c.c.c.ComandoControladorCompraTest     : No active profile set, falling back to default profiles: default
2021-08-18 08:35:05.422  INFO 15364 --- [    Test worker] com.zaxxer.hikari.HikariDataSource       : pool - Starting...
2021-08-18 08:35:05.424  INFO 15364 --- [    Test worker] com.zaxxer.hikari.HikariDataSource       : pool - Start completed.
2021-08-18 08:35:06.155  INFO 15364 --- [    Test worker] pertySourcedRequestMappingHandlerMapping : Mapped URL path [/v2/api-docs] onto method [springfox.documentation.swagger2.web.Swagger2Controller#getDocumentation(String, HttpServletRequest)]
2021-08-18 08:35:06.159  INFO 15364 --- [    Test worker] o.s.j.d.e.EmbeddedDatabaseFactory        : Starting embedded database: url='jdbc:h2:mem:testdb;DB_CLOSE_DELAY=-1;DB_CLOSE_ON_EXIT=false', username='sa'
2021-08-18 08:35:06.169  INFO 15364 --- [    Test worker] o.f.c.internal.database.DatabaseFactory  : Database: jdbc:h2:mem:testdb (H2 1.4)
2021-08-18 08:35:06.188  INFO 15364 --- [    Test worker] o.f.core.internal.command.DbValidate     : Successfully validated 2 migrations (execution time 00:00.009s)
2021-08-18 08:35:06.194  INFO 15364 --- [    Test worker] o.f.core.internal.command.DbMigrate      : Current version of schema "PUBLIC": 1.1
2021-08-18 08:35:06.195  INFO 15364 --- [    Test worker] o.f.core.internal.command.DbMigrate      : Schema "PUBLIC" is up to date. No migration necessary.
2021-08-18 08:35:06.608  INFO 15364 --- [    Test worker] o.s.b.t.m.w.SpringBootMockServletContext : Initializing Spring TestDispatcherServlet ''
2021-08-18 08:35:06.608  INFO 15364 --- [    Test worker] o.s.t.web.servlet.TestDispatcherServlet  : Initializing Servlet ''
2021-08-18 08:35:06.609  INFO 15364 --- [    Test worker] o.s.t.web.servlet.TestDispatcherServlet  : Completed initialization in 1 ms
2021-08-18 08:35:06.633  INFO 15364 --- [    Test worker] d.s.w.p.DocumentationPluginsBootstrapper : Context refreshed
2021-08-18 08:35:06.634  INFO 15364 --- [    Test worker] d.s.w.p.DocumentationPluginsBootstrapper : Found 1 custom documentation plugin(s)
2021-08-18 08:35:06.650  INFO 15364 --- [    Test worker] s.d.s.w.s.ApiListingReferenceScanner     : Scanning for api listing references
2021-08-18 08:35:06.677  INFO 15364 --- [    Test worker] .d.s.w.r.o.CachingOperationNameGenerator : Generating unique operation named: actualizarUsingPUT_1
2021-08-18 08:35:06.680  INFO 15364 --- [    Test worker] .d.s.w.r.o.CachingOperationNameGenerator : Generating unique operation named: crearUsingPOST_1
2021-08-18 08:35:06.683  INFO 15364 --- [    Test worker] .d.s.w.r.o.CachingOperationNameGenerator : Generating unique operation named: eliminarUsingDELETE_1
2021-08-18 08:35:06.691  INFO 15364 --- [    Test worker] .d.s.w.r.o.CachingOperationNameGenerator : Generating unique operation named: actualizarUsingPUT_2
2021-08-18 08:35:06.694  INFO 15364 --- [    Test worker] .d.s.w.r.o.CachingOperationNameGenerator : Generating unique operation named: crearUsingPOST_2
2021-08-18 08:35:06.697  INFO 15364 --- [    Test worker] .d.s.w.r.o.CachingOperationNameGenerator : Generating unique operation named: eliminarUsingDELETE_2
2021-08-18 08:35:06.710  INFO 15364 --- [    Test worker] .d.s.w.r.o.CachingOperationNameGenerator : Generating unique operation named: listarUsingGET_1
2021-08-18 08:35:06.713  INFO 15364 --- [    Test worker] .d.s.w.r.o.CachingOperationNameGenerator : Generating unique operation named: listarUsingGET_2
2021-08-18 08:35:06.717  INFO 15364 --- [    Test worker] .d.s.w.r.o.CachingOperationNameGenerator : Generating unique operation named: listarUsingGET_3
2021-08-18 08:35:06.729  INFO 15364 --- [    Test worker] .d.s.w.r.o.CachingOperationNameGenerator : Generating unique operation named: listarUsingGET_4
2021-08-18 08:35:06.732  INFO 15364 --- [    Test worker] .d.s.w.r.o.CachingOperationNameGenerator : Generating unique operation named: listarUsingGET_5
2021-08-18 08:35:06.735  INFO 15364 --- [    Test worker] .d.s.w.r.o.CachingOperationNameGenerator : Generating unique operation named: listarUsingGET_6
2021-08-18 08:35:06.743  INFO 15364 --- [    Test worker] .d.s.w.r.o.CachingOperationNameGenerator : Generating unique operation named: listarUsingGET_7
2021-08-18 08:35:06.755  INFO 15364 --- [    Test worker] c.c.c.c.ComandoControladorCompraTest     : Started ComandoControladorCompraTest in 1.95 seconds (JVM running for 16.677)
]]></system-out>
  <system-err><![CDATA[]]></system-err>
</testsuite>
