<?xml version="1.0" encoding="UTF-8"?>
<testsuite name="com.ceiba.compra.controlador.ConsultaControladorCompraTest" tests="1" skipped="0" failures="0" errors="0" timestamp="2021-09-13T01:40:12" hostname="LUZP-ZAPATA" time="0.017">
  <properties/>
  <testcase name="listarCompraTest" classname="com.ceiba.compra.controlador.ConsultaControladorCompraTest" time="0.017"/>
  <system-out><![CDATA[2021-09-12 20:40:10.583  INFO 15592 --- [    Test worker] o.s.t.c.support.AbstractContextLoader    : Could not detect default resource locations for test class [com.ceiba.compra.controlador.ConsultaControladorCompraTest]: no resource found for suffixes {-context.xml, Context.groovy}.
2021-09-12 20:40:10.589  INFO 15592 --- [    Test worker] .b.t.a.w.s.WebMvcTestContextBootstrapper : Loaded default TestExecutionListener class names from location [META-INF/spring.factories]: [org.springframework.boot.test.autoconfigure.restdocs.RestDocsTestExecutionListener, org.springframework.boot.test.autoconfigure.web.client.MockRestServiceServerResetTestExecutionListener, org.springframework.boot.test.autoconfigure.web.servlet.MockMvcPrintOnlyOnFailureTestExecutionListener, org.springframework.boot.test.autoconfigure.web.servlet.WebDriverTestExecutionListener, org.springframework.boot.test.autoconfigure.webservices.client.MockWebServiceServerTestExecutionListener, org.springframework.boot.test.mock.mockito.MockitoTestExecutionListener, org.springframework.boot.test.mock.mockito.ResetMocksTestExecutionListener, org.springframework.test.context.web.ServletTestExecutionListener, org.springframework.test.context.support.DirtiesContextBeforeModesTestExecutionListener, org.springframework.test.context.event.ApplicationEventsTestExecutionListener, org.springframework.test.context.support.DependencyInjectionTestExecutionListener, org.springframework.test.context.support.DirtiesContextTestExecutionListener, org.springframework.test.context.transaction.TransactionalTestExecutionListener, org.springframework.test.context.jdbc.SqlScriptsTestExecutionListener, org.springframework.test.context.event.EventPublishingTestExecutionListener]
2021-09-12 20:40:10.589  INFO 15592 --- [    Test worker] .b.t.a.w.s.WebMvcTestContextBootstrapper : Using TestExecutionListeners: [org.springframework.test.context.web.ServletTestExecutionListener@324438f5, org.springframework.test.context.support.DirtiesContextBeforeModesTestExecutionListener@1a989ee1, org.springframework.test.context.event.ApplicationEventsTestExecutionListener@59cc4ce5, org.springframework.boot.test.mock.mockito.MockitoTestExecutionListener@62893a87, org.springframework.boot.test.autoconfigure.SpringBootDependencyInjectionTestExecutionListener@711925b3, org.springframework.test.context.support.DirtiesContextTestExecutionListener@2fa8d2e7, org.springframework.test.context.transaction.TransactionalTestExecutionListener@14b80893, org.springframework.test.context.jdbc.SqlScriptsTestExecutionListener@3fce5581, org.springframework.test.context.event.EventPublishingTestExecutionListener@742db76, org.springframework.boot.test.autoconfigure.restdocs.RestDocsTestExecutionListener@6e941e93, org.springframework.boot.test.autoconfigure.web.client.MockRestServiceServerResetTestExecutionListener@3abc7f42, org.springframework.boot.test.autoconfigure.web.servlet.MockMvcPrintOnlyOnFailureTestExecutionListener@779357c9, org.springframework.boot.test.autoconfigure.web.servlet.WebDriverTestExecutionListener@669bbb26, org.springframework.boot.test.autoconfigure.webservices.client.MockWebServiceServerTestExecutionListener@283551e0, org.springframework.boot.test.mock.mockito.ResetMocksTestExecutionListener@712a6dcb]

  .   ____          _            __ _ _
 /\\ / ___'_ __ _ _(_)_ __  __ _ \ \ \ \
( ( )\___ | '_ | '_| | '_ \/ _` | \ \ \ \
 \\/  ___)| |_)| | | | | || (_| |  ) ) ) )
  '  |____| .__|_| |_|_| |_\__, | / / / /
 =========|_|==============|___/=/_/_/_/
 :: Spring Boot ::                (v2.5.2)

2021-09-12 20:40:10.653  INFO 15592 --- [    Test worker] c.c.c.c.ConsultaControladorCompraTest    : Starting ConsultaControladorCompraTest using Java 11.0.10 on LUZP-ZAPATA with PID 15592 (started by luz.zapata in C:\marketplace\java-arquitectura-hexagonal\microservicio\infraestructura)
2021-09-12 20:40:10.654  INFO 15592 --- [    Test worker] c.c.c.c.ConsultaControladorCompraTest    : No active profile set, falling back to default profiles: default
2021-09-12 20:40:11.180  INFO 15592 --- [    Test worker] com.zaxxer.hikari.HikariDataSource       : pool - Starting...
2021-09-12 20:40:11.182  INFO 15592 --- [    Test worker] com.zaxxer.hikari.HikariDataSource       : pool - Start completed.
2021-09-12 20:40:11.921  INFO 15592 --- [    Test worker] pertySourcedRequestMappingHandlerMapping : Mapped URL path [/v2/api-docs] onto method [springfox.documentation.swagger2.web.Swagger2Controller#getDocumentation(String, HttpServletRequest)]
2021-09-12 20:40:11.926  INFO 15592 --- [    Test worker] o.s.j.d.e.EmbeddedDatabaseFactory        : Starting embedded database: url='jdbc:h2:mem:testdb;DB_CLOSE_DELAY=-1;DB_CLOSE_ON_EXIT=false', username='sa'
2021-09-12 20:40:11.934  INFO 15592 --- [    Test worker] o.f.c.internal.database.DatabaseFactory  : Database: jdbc:h2:mem:testdb (H2 1.4)
2021-09-12 20:40:11.950  INFO 15592 --- [    Test worker] o.f.core.internal.command.DbValidate     : Successfully validated 2 migrations (execution time 00:00.006s)
2021-09-12 20:40:11.955  INFO 15592 --- [    Test worker] o.f.core.internal.command.DbMigrate      : Current version of schema "PUBLIC": 1.1
2021-09-12 20:40:11.956  INFO 15592 --- [    Test worker] o.f.core.internal.command.DbMigrate      : Schema "PUBLIC" is up to date. No migration necessary.
2021-09-12 20:40:12.287  INFO 15592 --- [    Test worker] o.s.b.t.m.w.SpringBootMockServletContext : Initializing Spring TestDispatcherServlet ''
2021-09-12 20:40:12.287  INFO 15592 --- [    Test worker] o.s.t.web.servlet.TestDispatcherServlet  : Initializing Servlet ''
2021-09-12 20:40:12.288  INFO 15592 --- [    Test worker] o.s.t.web.servlet.TestDispatcherServlet  : Completed initialization in 1 ms
2021-09-12 20:40:12.313  INFO 15592 --- [    Test worker] d.s.w.p.DocumentationPluginsBootstrapper : Context refreshed
2021-09-12 20:40:12.314  INFO 15592 --- [    Test worker] d.s.w.p.DocumentationPluginsBootstrapper : Found 1 custom documentation plugin(s)
2021-09-12 20:40:12.328  INFO 15592 --- [    Test worker] s.d.s.w.s.ApiListingReferenceScanner     : Scanning for api listing references
2021-09-12 20:40:12.352  INFO 15592 --- [    Test worker] .d.s.w.r.o.CachingOperationNameGenerator : Generating unique operation named: crearUsingPOST_1
2021-09-12 20:40:12.355  INFO 15592 --- [    Test worker] .d.s.w.r.o.CachingOperationNameGenerator : Generating unique operation named: eliminarUsingDELETE_1
2021-09-12 20:40:12.363  INFO 15592 --- [    Test worker] .d.s.w.r.o.CachingOperationNameGenerator : Generating unique operation named: actualizarUsingPUT_1
2021-09-12 20:40:12.366  INFO 15592 --- [    Test worker] .d.s.w.r.o.CachingOperationNameGenerator : Generating unique operation named: crearUsingPOST_2
2021-09-12 20:40:12.369  INFO 15592 --- [    Test worker] .d.s.w.r.o.CachingOperationNameGenerator : Generating unique operation named: eliminarUsingDELETE_2
2021-09-12 20:40:12.382  INFO 15592 --- [    Test worker] .d.s.w.r.o.CachingOperationNameGenerator : Generating unique operation named: listarUsingGET_1
2021-09-12 20:40:12.384  INFO 15592 --- [    Test worker] .d.s.w.r.o.CachingOperationNameGenerator : Generating unique operation named: listarUsingGET_2
2021-09-12 20:40:12.389  INFO 15592 --- [    Test worker] .d.s.w.r.o.CachingOperationNameGenerator : Generating unique operation named: listarUsingGET_3
2021-09-12 20:40:12.398  INFO 15592 --- [    Test worker] .d.s.w.r.o.CachingOperationNameGenerator : Generating unique operation named: listarUsingGET_4
2021-09-12 20:40:12.402  INFO 15592 --- [    Test worker] .d.s.w.r.o.CachingOperationNameGenerator : Generating unique operation named: listarUsingGET_5
2021-09-12 20:40:12.405  INFO 15592 --- [    Test worker] .d.s.w.r.o.CachingOperationNameGenerator : Generating unique operation named: listarUsingGET_6
2021-09-12 20:40:12.409  INFO 15592 --- [    Test worker] .d.s.w.r.o.CachingOperationNameGenerator : Generating unique operation named: listarUsingGET_7
2021-09-12 20:40:12.417  INFO 15592 --- [    Test worker] c.c.c.c.ConsultaControladorCompraTest    : Started ConsultaControladorCompraTest in 1.82 seconds (JVM running for 16.078)
]]></system-out>
  <system-err><![CDATA[]]></system-err>
</testsuite>
