<?xml version="1.0" encoding="UTF-8"?>
<testsuite name="com.ceiba.persona.controlador.ConsultaControladorPersonaTest" tests="3" skipped="0" failures="0" errors="0" timestamp="2021-08-03T14:38:30" hostname="LUZP-ZAPATA" time="0.036">
  <properties/>
  <testcase name="listarIdTest" classname="com.ceiba.persona.controlador.ConsultaControladorPersonaTest" time="0.014"/>
  <testcase name="listarUsernameTest" classname="com.ceiba.persona.controlador.ConsultaControladorPersonaTest" time="0.011"/>
  <testcase name="listarTest" classname="com.ceiba.persona.controlador.ConsultaControladorPersonaTest" time="0.009"/>
  <system-out><![CDATA[2021-08-03 09:38:29.156  INFO 11948 --- [    Test worker] o.s.t.c.support.AbstractContextLoader    : Could not detect default resource locations for test class [com.ceiba.persona.controlador.ConsultaControladorPersonaTest]: no resource found for suffixes {-context.xml, Context.groovy}.
2021-08-03 09:38:29.161  INFO 11948 --- [    Test worker] .b.t.a.w.s.WebMvcTestContextBootstrapper : Loaded default TestExecutionListener class names from location [META-INF/spring.factories]: [org.springframework.boot.test.autoconfigure.restdocs.RestDocsTestExecutionListener, org.springframework.boot.test.autoconfigure.web.client.MockRestServiceServerResetTestExecutionListener, org.springframework.boot.test.autoconfigure.web.servlet.MockMvcPrintOnlyOnFailureTestExecutionListener, org.springframework.boot.test.autoconfigure.web.servlet.WebDriverTestExecutionListener, org.springframework.boot.test.autoconfigure.webservices.client.MockWebServiceServerTestExecutionListener, org.springframework.boot.test.mock.mockito.MockitoTestExecutionListener, org.springframework.boot.test.mock.mockito.ResetMocksTestExecutionListener, org.springframework.test.context.web.ServletTestExecutionListener, org.springframework.test.context.support.DirtiesContextBeforeModesTestExecutionListener, org.springframework.test.context.event.ApplicationEventsTestExecutionListener, org.springframework.test.context.support.DependencyInjectionTestExecutionListener, org.springframework.test.context.support.DirtiesContextTestExecutionListener, org.springframework.test.context.transaction.TransactionalTestExecutionListener, org.springframework.test.context.jdbc.SqlScriptsTestExecutionListener, org.springframework.test.context.event.EventPublishingTestExecutionListener]
2021-08-03 09:38:29.161  INFO 11948 --- [    Test worker] .b.t.a.w.s.WebMvcTestContextBootstrapper : Using TestExecutionListeners: [org.springframework.test.context.web.ServletTestExecutionListener@dc2c2a9, org.springframework.test.context.support.DirtiesContextBeforeModesTestExecutionListener@52fcf2e6, org.springframework.test.context.event.ApplicationEventsTestExecutionListener@c95b8f9, org.springframework.boot.test.mock.mockito.MockitoTestExecutionListener@49d2a608, org.springframework.boot.test.autoconfigure.SpringBootDependencyInjectionTestExecutionListener@521ee211, org.springframework.test.context.support.DirtiesContextTestExecutionListener@67405176, org.springframework.test.context.transaction.TransactionalTestExecutionListener@46336f17, org.springframework.test.context.jdbc.SqlScriptsTestExecutionListener@1a8d733f, org.springframework.test.context.event.EventPublishingTestExecutionListener@3fa60415, org.springframework.boot.test.autoconfigure.restdocs.RestDocsTestExecutionListener@5a883976, org.springframework.boot.test.autoconfigure.web.client.MockRestServiceServerResetTestExecutionListener@79eaee7, org.springframework.boot.test.autoconfigure.web.servlet.MockMvcPrintOnlyOnFailureTestExecutionListener@767b31a0, org.springframework.boot.test.autoconfigure.web.servlet.WebDriverTestExecutionListener@797205d6, org.springframework.boot.test.autoconfigure.webservices.client.MockWebServiceServerTestExecutionListener@622ac007, org.springframework.boot.test.mock.mockito.ResetMocksTestExecutionListener@1031b333]

  .   ____          _            __ _ _
 /\\ / ___'_ __ _ _(_)_ __  __ _ \ \ \ \
( ( )\___ | '_ | '_| | '_ \/ _` | \ \ \ \
 \\/  ___)| |_)| | | | | || (_| |  ) ) ) )
  '  |____| .__|_| |_|_| |_\__, | / / / /
 =========|_|==============|___/=/_/_/_/
 :: Spring Boot ::                (v2.5.2)

2021-08-03 09:38:29.220  INFO 11948 --- [    Test worker] c.c.p.c.ConsultaControladorPersonaTest   : Starting ConsultaControladorPersonaTest using Java 11.0.10 on LUZP-ZAPATA with PID 11948 (started by luz.zapata in C:\marketplace\java-arquitectura-hexagonal\microservicio\infraestructura)
2021-08-03 09:38:29.221  INFO 11948 --- [    Test worker] c.c.p.c.ConsultaControladorPersonaTest   : No active profile set, falling back to default profiles: default
2021-08-03 09:38:29.676  INFO 11948 --- [    Test worker] com.zaxxer.hikari.HikariDataSource       : pool - Starting...
2021-08-03 09:38:29.678  INFO 11948 --- [    Test worker] com.zaxxer.hikari.HikariDataSource       : pool - Start completed.
2021-08-03 09:38:30.321  INFO 11948 --- [    Test worker] pertySourcedRequestMappingHandlerMapping : Mapped URL path [/v2/api-docs] onto method [springfox.documentation.swagger2.web.Swagger2Controller#getDocumentation(String, HttpServletRequest)]
2021-08-03 09:38:30.326  INFO 11948 --- [    Test worker] o.s.j.d.e.EmbeddedDatabaseFactory        : Starting embedded database: url='jdbc:h2:mem:testdb;DB_CLOSE_DELAY=-1;DB_CLOSE_ON_EXIT=false', username='sa'
2021-08-03 09:38:30.334  INFO 11948 --- [    Test worker] o.f.c.internal.database.DatabaseFactory  : Database: jdbc:h2:mem:testdb (H2 1.4)
2021-08-03 09:38:30.348  INFO 11948 --- [    Test worker] o.f.core.internal.command.DbValidate     : Successfully validated 2 migrations (execution time 00:00.006s)
2021-08-03 09:38:30.353  INFO 11948 --- [    Test worker] o.f.core.internal.command.DbMigrate      : Current version of schema "PUBLIC": 1.1
2021-08-03 09:38:30.355  INFO 11948 --- [    Test worker] o.f.core.internal.command.DbMigrate      : Schema "PUBLIC" is up to date. No migration necessary.
2021-08-03 09:38:30.678  INFO 11948 --- [    Test worker] o.s.b.t.m.w.SpringBootMockServletContext : Initializing Spring TestDispatcherServlet ''
2021-08-03 09:38:30.678  INFO 11948 --- [    Test worker] o.s.t.web.servlet.TestDispatcherServlet  : Initializing Servlet ''
2021-08-03 09:38:30.680  INFO 11948 --- [    Test worker] o.s.t.web.servlet.TestDispatcherServlet  : Completed initialization in 1 ms
2021-08-03 09:38:30.708  INFO 11948 --- [    Test worker] d.s.w.p.DocumentationPluginsBootstrapper : Context refreshed
2021-08-03 09:38:30.708  INFO 11948 --- [    Test worker] d.s.w.p.DocumentationPluginsBootstrapper : Found 1 custom documentation plugin(s)
2021-08-03 09:38:30.726  INFO 11948 --- [    Test worker] s.d.s.w.s.ApiListingReferenceScanner     : Scanning for api listing references
2021-08-03 09:38:30.747  INFO 11948 --- [    Test worker] .d.s.w.r.o.CachingOperationNameGenerator : Generating unique operation named: actualizarUsingPUT_1
2021-08-03 09:38:30.750  INFO 11948 --- [    Test worker] .d.s.w.r.o.CachingOperationNameGenerator : Generating unique operation named: crearUsingPOST_1
2021-08-03 09:38:30.752  INFO 11948 --- [    Test worker] .d.s.w.r.o.CachingOperationNameGenerator : Generating unique operation named: eliminarUsingDELETE_1
2021-08-03 09:38:30.759  INFO 11948 --- [    Test worker] .d.s.w.r.o.CachingOperationNameGenerator : Generating unique operation named: actualizarUsingPUT_2
2021-08-03 09:38:30.762  INFO 11948 --- [    Test worker] .d.s.w.r.o.CachingOperationNameGenerator : Generating unique operation named: crearUsingPOST_2
2021-08-03 09:38:30.764  INFO 11948 --- [    Test worker] .d.s.w.r.o.CachingOperationNameGenerator : Generating unique operation named: eliminarUsingDELETE_2
2021-08-03 09:38:30.776  INFO 11948 --- [    Test worker] .d.s.w.r.o.CachingOperationNameGenerator : Generating unique operation named: listarUsingGET_1
2021-08-03 09:38:30.779  INFO 11948 --- [    Test worker] .d.s.w.r.o.CachingOperationNameGenerator : Generating unique operation named: listarUsingGET_2
2021-08-03 09:38:30.782  INFO 11948 --- [    Test worker] .d.s.w.r.o.CachingOperationNameGenerator : Generating unique operation named: listarUsingGET_3
2021-08-03 09:38:30.790  INFO 11948 --- [    Test worker] .d.s.w.r.o.CachingOperationNameGenerator : Generating unique operation named: listarUsingGET_4
2021-08-03 09:38:30.793  INFO 11948 --- [    Test worker] .d.s.w.r.o.CachingOperationNameGenerator : Generating unique operation named: listarUsingGET_5
2021-08-03 09:38:30.796  INFO 11948 --- [    Test worker] .d.s.w.r.o.CachingOperationNameGenerator : Generating unique operation named: listarUsingGET_6
2021-08-03 09:38:30.799  INFO 11948 --- [    Test worker] .d.s.w.r.o.CachingOperationNameGenerator : Generating unique operation named: listarUsingGET_7
2021-08-03 09:38:30.805  INFO 11948 --- [    Test worker] c.c.p.c.ConsultaControladorPersonaTest   : Started ConsultaControladorPersonaTest in 1.64 seconds (JVM running for 17.809)
]]></system-out>
  <system-err><![CDATA[]]></system-err>
</testsuite>
