<?xml version="1.0" encoding="UTF-8"?>
<testsuite name="com.ceiba.pedido.controlador.ComandoControladorPedidoTest" tests="3" skipped="0" failures="0" errors="0" timestamp="2021-07-29T21:40:40" hostname="LUZP-ZAPATA" time="0.116">
  <properties/>
  <testcase name="eliminarPedidoTest" classname="com.ceiba.pedido.controlador.ComandoControladorPedidoTest" time="0.019"/>
  <testcase name="actualizarPedidoTest" classname="com.ceiba.pedido.controlador.ComandoControladorPedidoTest" time="0.077"/>
  <testcase name="crearPedidoTest" classname="com.ceiba.pedido.controlador.ComandoControladorPedidoTest" time="0.018"/>
  <system-out><![CDATA[2021-07-29 16:40:36.460  INFO 15964 --- [    Test worker] o.s.t.c.support.AbstractContextLoader    : Could not detect default resource locations for test class [com.ceiba.pedido.controlador.ComandoControladorPedidoTest]: no resource found for suffixes {-context.xml, Context.groovy}.
2021-07-29 16:40:36.469  INFO 15964 --- [    Test worker] .b.t.a.w.s.WebMvcTestContextBootstrapper : Loaded default TestExecutionListener class names from location [META-INF/spring.factories]: [org.springframework.boot.test.autoconfigure.restdocs.RestDocsTestExecutionListener, org.springframework.boot.test.autoconfigure.web.client.MockRestServiceServerResetTestExecutionListener, org.springframework.boot.test.autoconfigure.web.servlet.MockMvcPrintOnlyOnFailureTestExecutionListener, org.springframework.boot.test.autoconfigure.web.servlet.WebDriverTestExecutionListener, org.springframework.boot.test.autoconfigure.webservices.client.MockWebServiceServerTestExecutionListener, org.springframework.boot.test.mock.mockito.MockitoTestExecutionListener, org.springframework.boot.test.mock.mockito.ResetMocksTestExecutionListener, org.springframework.test.context.web.ServletTestExecutionListener, org.springframework.test.context.support.DirtiesContextBeforeModesTestExecutionListener, org.springframework.test.context.event.ApplicationEventsTestExecutionListener, org.springframework.test.context.support.DependencyInjectionTestExecutionListener, org.springframework.test.context.support.DirtiesContextTestExecutionListener, org.springframework.test.context.transaction.TransactionalTestExecutionListener, org.springframework.test.context.jdbc.SqlScriptsTestExecutionListener, org.springframework.test.context.event.EventPublishingTestExecutionListener]
2021-07-29 16:40:36.470  INFO 15964 --- [    Test worker] .b.t.a.w.s.WebMvcTestContextBootstrapper : Using TestExecutionListeners: [org.springframework.test.context.web.ServletTestExecutionListener@3886e331, org.springframework.test.context.support.DirtiesContextBeforeModesTestExecutionListener@1a566c5, org.springframework.test.context.event.ApplicationEventsTestExecutionListener@4d3a89aa, org.springframework.boot.test.mock.mockito.MockitoTestExecutionListener@6ec919d0, org.springframework.boot.test.autoconfigure.SpringBootDependencyInjectionTestExecutionListener@61d9f053, org.springframework.test.context.support.DirtiesContextTestExecutionListener@4b6021e3, org.springframework.test.context.transaction.TransactionalTestExecutionListener@520e86fc, org.springframework.test.context.jdbc.SqlScriptsTestExecutionListener@74af12f4, org.springframework.test.context.event.EventPublishingTestExecutionListener@5a5a3f5a, org.springframework.boot.test.autoconfigure.restdocs.RestDocsTestExecutionListener@107f62cb, org.springframework.boot.test.autoconfigure.web.client.MockRestServiceServerResetTestExecutionListener@36603f5e, org.springframework.boot.test.autoconfigure.web.servlet.MockMvcPrintOnlyOnFailureTestExecutionListener@3ad4b3d4, org.springframework.boot.test.autoconfigure.web.servlet.WebDriverTestExecutionListener@31ffeb3b, org.springframework.boot.test.autoconfigure.webservices.client.MockWebServiceServerTestExecutionListener@5a7dbef5, org.springframework.boot.test.mock.mockito.ResetMocksTestExecutionListener@6dd0f02b]

  .   ____          _            __ _ _
 /\\ / ___'_ __ _ _(_)_ __  __ _ \ \ \ \
( ( )\___ | '_ | '_| | '_ \/ _` | \ \ \ \
 \\/  ___)| |_)| | | | | || (_| |  ) ) ) )
  '  |____| .__|_| |_|_| |_\__, | / / / /
 =========|_|==============|___/=/_/_/_/
 :: Spring Boot ::                (v2.5.2)

2021-07-29 16:40:36.606  INFO 15964 --- [    Test worker] c.c.p.c.ComandoControladorPedidoTest     : Starting ComandoControladorPedidoTest using Java 11.0.10 on LUZP-ZAPATA with PID 15964 (started by luz.zapata in C:\marketplace\java-arquitectura-hexagonal\microservicio\infraestructura)
2021-07-29 16:40:36.607  INFO 15964 --- [    Test worker] c.c.p.c.ComandoControladorPedidoTest     : No active profile set, falling back to default profiles: default
2021-07-29 16:40:37.787  INFO 15964 --- [    Test worker] com.zaxxer.hikari.HikariDataSource       : pool - Starting...
2021-07-29 16:40:37.797  INFO 15964 --- [    Test worker] com.zaxxer.hikari.HikariDataSource       : pool - Start completed.
2021-07-29 16:40:39.069  INFO 15964 --- [    Test worker] pertySourcedRequestMappingHandlerMapping : Mapped URL path [/v2/api-docs] onto method [springfox.documentation.swagger2.web.Swagger2Controller#getDocumentation(String, HttpServletRequest)]
2021-07-29 16:40:39.080  INFO 15964 --- [    Test worker] o.s.j.d.e.EmbeddedDatabaseFactory        : Starting embedded database: url='jdbc:h2:mem:testdb;DB_CLOSE_DELAY=-1;DB_CLOSE_ON_EXIT=false', username='sa'
2021-07-29 16:40:39.096  INFO 15964 --- [    Test worker] o.f.c.internal.database.DatabaseFactory  : Database: jdbc:h2:mem:testdb (H2 1.4)
2021-07-29 16:40:39.141  INFO 15964 --- [    Test worker] o.f.core.internal.command.DbValidate     : Successfully validated 2 migrations (execution time 00:00.032s)
2021-07-29 16:40:39.164  INFO 15964 --- [    Test worker] o.f.core.internal.command.DbMigrate      : Current version of schema "PUBLIC": 1.1
2021-07-29 16:40:39.168  INFO 15964 --- [    Test worker] o.f.core.internal.command.DbMigrate      : Schema "PUBLIC" is up to date. No migration necessary.
2021-07-29 16:40:39.802  INFO 15964 --- [    Test worker] o.s.b.t.m.w.SpringBootMockServletContext : Initializing Spring TestDispatcherServlet ''
2021-07-29 16:40:39.803  INFO 15964 --- [    Test worker] o.s.t.web.servlet.TestDispatcherServlet  : Initializing Servlet ''
2021-07-29 16:40:39.805  INFO 15964 --- [    Test worker] o.s.t.web.servlet.TestDispatcherServlet  : Completed initialization in 2 ms
2021-07-29 16:40:39.844  INFO 15964 --- [    Test worker] d.s.w.p.DocumentationPluginsBootstrapper : Context refreshed
2021-07-29 16:40:39.846  INFO 15964 --- [    Test worker] d.s.w.p.DocumentationPluginsBootstrapper : Found 1 custom documentation plugin(s)
2021-07-29 16:40:39.902  INFO 15964 --- [    Test worker] s.d.s.w.s.ApiListingReferenceScanner     : Scanning for api listing references
2021-07-29 16:40:39.994  INFO 15964 --- [    Test worker] .d.s.w.r.o.CachingOperationNameGenerator : Generating unique operation named: actualizarUsingPUT_1
2021-07-29 16:40:40.002  INFO 15964 --- [    Test worker] .d.s.w.r.o.CachingOperationNameGenerator : Generating unique operation named: crearUsingPOST_1
2021-07-29 16:40:40.020  INFO 15964 --- [    Test worker] .d.s.w.r.o.CachingOperationNameGenerator : Generating unique operation named: eliminarUsingDELETE_1
2021-07-29 16:40:40.045  INFO 15964 --- [    Test worker] .d.s.w.r.o.CachingOperationNameGenerator : Generating unique operation named: actualizarUsingPUT_2
2021-07-29 16:40:40.049  INFO 15964 --- [    Test worker] .d.s.w.r.o.CachingOperationNameGenerator : Generating unique operation named: crearUsingPOST_2
2021-07-29 16:40:40.052  INFO 15964 --- [    Test worker] .d.s.w.r.o.CachingOperationNameGenerator : Generating unique operation named: eliminarUsingDELETE_2
2021-07-29 16:40:40.070  INFO 15964 --- [    Test worker] .d.s.w.r.o.CachingOperationNameGenerator : Generating unique operation named: listarUsingGET_1
2021-07-29 16:40:40.082  INFO 15964 --- [    Test worker] .d.s.w.r.o.CachingOperationNameGenerator : Generating unique operation named: listarUsingGET_2
2021-07-29 16:40:40.097  INFO 15964 --- [    Test worker] .d.s.w.r.o.CachingOperationNameGenerator : Generating unique operation named: listarUsingGET_3
2021-07-29 16:40:40.111  INFO 15964 --- [    Test worker] .d.s.w.r.o.CachingOperationNameGenerator : Generating unique operation named: listarUsingGET_4
2021-07-29 16:40:40.117  INFO 15964 --- [    Test worker] .d.s.w.r.o.CachingOperationNameGenerator : Generating unique operation named: listarUsingGET_5
2021-07-29 16:40:40.122  INFO 15964 --- [    Test worker] .d.s.w.r.o.CachingOperationNameGenerator : Generating unique operation named: listarUsingGET_6
2021-07-29 16:40:40.126  INFO 15964 --- [    Test worker] .d.s.w.r.o.CachingOperationNameGenerator : Generating unique operation named: listarUsingGET_7
2021-07-29 16:40:40.134  INFO 15964 --- [    Test worker] c.c.p.c.ComandoControladorPedidoTest     : Started ComandoControladorPedidoTest in 3.658 seconds (JVM running for 30.108)
]]></system-out>
  <system-err><![CDATA[]]></system-err>
</testsuite>
