<?xml version="1.0" encoding="UTF-8"?>
<testsuite name="com.ceiba.scotter.controlador.ComandoControladorScotterTest" tests="3" skipped="0" failures="0" errors="0" timestamp="2021-08-19T16:31:16" hostname="LUZP-ZAPATA" time="0.046">
  <properties/>
  <testcase name="eliminarScotterTest" classname="com.ceiba.scotter.controlador.ComandoControladorScotterTest" time="0.011"/>
  <testcase name="crearScotterTest" classname="com.ceiba.scotter.controlador.ComandoControladorScotterTest" time="0.016"/>
  <testcase name="actualizarScotterTest" classname="com.ceiba.scotter.controlador.ComandoControladorScotterTest" time="0.013"/>
  <system-out><![CDATA[2021-08-19 11:31:16.655  INFO 11200 --- [    Test worker] o.s.t.c.support.AbstractContextLoader    : Could not detect default resource locations for test class [com.ceiba.scotter.controlador.ComandoControladorScotterTest]: no resource found for suffixes {-context.xml, Context.groovy}.
2021-08-19 11:31:16.658  INFO 11200 --- [    Test worker] .b.t.a.w.s.WebMvcTestContextBootstrapper : Loaded default TestExecutionListener class names from location [META-INF/spring.factories]: [org.springframework.boot.test.autoconfigure.restdocs.RestDocsTestExecutionListener, org.springframework.boot.test.autoconfigure.web.client.MockRestServiceServerResetTestExecutionListener, org.springframework.boot.test.autoconfigure.web.servlet.MockMvcPrintOnlyOnFailureTestExecutionListener, org.springframework.boot.test.autoconfigure.web.servlet.WebDriverTestExecutionListener, org.springframework.boot.test.autoconfigure.webservices.client.MockWebServiceServerTestExecutionListener, org.springframework.boot.test.mock.mockito.MockitoTestExecutionListener, org.springframework.boot.test.mock.mockito.ResetMocksTestExecutionListener, org.springframework.test.context.web.ServletTestExecutionListener, org.springframework.test.context.support.DirtiesContextBeforeModesTestExecutionListener, org.springframework.test.context.event.ApplicationEventsTestExecutionListener, org.springframework.test.context.support.DependencyInjectionTestExecutionListener, org.springframework.test.context.support.DirtiesContextTestExecutionListener, org.springframework.test.context.transaction.TransactionalTestExecutionListener, org.springframework.test.context.jdbc.SqlScriptsTestExecutionListener, org.springframework.test.context.event.EventPublishingTestExecutionListener]
2021-08-19 11:31:16.659  INFO 11200 --- [    Test worker] .b.t.a.w.s.WebMvcTestContextBootstrapper : Using TestExecutionListeners: [org.springframework.test.context.web.ServletTestExecutionListener@27eb0ee9, org.springframework.test.context.support.DirtiesContextBeforeModesTestExecutionListener@37960e8a, org.springframework.test.context.event.ApplicationEventsTestExecutionListener@50b476fe, org.springframework.boot.test.mock.mockito.MockitoTestExecutionListener@2e6a2d08, org.springframework.boot.test.autoconfigure.SpringBootDependencyInjectionTestExecutionListener@5109f26a, org.springframework.test.context.support.DirtiesContextTestExecutionListener@56ec549f, org.springframework.test.context.transaction.TransactionalTestExecutionListener@251ccb3a, org.springframework.test.context.jdbc.SqlScriptsTestExecutionListener@5a61a0fc, org.springframework.test.context.event.EventPublishingTestExecutionListener@44659378, org.springframework.boot.test.autoconfigure.restdocs.RestDocsTestExecutionListener@70996fc7, org.springframework.boot.test.autoconfigure.web.client.MockRestServiceServerResetTestExecutionListener@331f3ff5, org.springframework.boot.test.autoconfigure.web.servlet.MockMvcPrintOnlyOnFailureTestExecutionListener@642e0f2a, org.springframework.boot.test.autoconfigure.web.servlet.WebDriverTestExecutionListener@c38be84, org.springframework.boot.test.autoconfigure.webservices.client.MockWebServiceServerTestExecutionListener@37640f93, org.springframework.boot.test.mock.mockito.ResetMocksTestExecutionListener@7dce6e1d]
]]></system-out>
  <system-err><![CDATA[]]></system-err>
</testsuite>
