<?xml version="1.0" encoding="UTF-8"?>
<testsuite name="com.ceiba.persona.controlador.ComandoControladorPersonaTest" tests="3" skipped="0" failures="0" errors="0" timestamp="2021-07-30T13:42:49" hostname="LUZP-ZAPATA" time="0.11">
  <properties/>
  <testcase name="actualizarPersonaTest" classname="com.ceiba.persona.controlador.ComandoControladorPersonaTest" time="0.054"/>
  <testcase name="eliminarPersonaTest" classname="com.ceiba.persona.controlador.ComandoControladorPersonaTest" time="0.015"/>
  <testcase name="crearPersonaTest" classname="com.ceiba.persona.controlador.ComandoControladorPersonaTest" time="0.035"/>
  <system-out><![CDATA[2021-07-30 08:42:49.512  INFO 16704 --- [    Test worker] o.s.t.c.support.AbstractContextLoader    : Could not detect default resource locations for test class [com.ceiba.persona.controlador.ComandoControladorPersonaTest]: no resource found for suffixes {-context.xml, Context.groovy}.
2021-07-30 08:42:49.527  INFO 16704 --- [    Test worker] .b.t.a.w.s.WebMvcTestContextBootstrapper : Loaded default TestExecutionListener class names from location [META-INF/spring.factories]: [org.springframework.boot.test.autoconfigure.restdocs.RestDocsTestExecutionListener, org.springframework.boot.test.autoconfigure.web.client.MockRestServiceServerResetTestExecutionListener, org.springframework.boot.test.autoconfigure.web.servlet.MockMvcPrintOnlyOnFailureTestExecutionListener, org.springframework.boot.test.autoconfigure.web.servlet.WebDriverTestExecutionListener, org.springframework.boot.test.autoconfigure.webservices.client.MockWebServiceServerTestExecutionListener, org.springframework.boot.test.mock.mockito.MockitoTestExecutionListener, org.springframework.boot.test.mock.mockito.ResetMocksTestExecutionListener, org.springframework.test.context.web.ServletTestExecutionListener, org.springframework.test.context.support.DirtiesContextBeforeModesTestExecutionListener, org.springframework.test.context.event.ApplicationEventsTestExecutionListener, org.springframework.test.context.support.DependencyInjectionTestExecutionListener, org.springframework.test.context.support.DirtiesContextTestExecutionListener, org.springframework.test.context.transaction.TransactionalTestExecutionListener, org.springframework.test.context.jdbc.SqlScriptsTestExecutionListener, org.springframework.test.context.event.EventPublishingTestExecutionListener]
2021-07-30 08:42:49.529  INFO 16704 --- [    Test worker] .b.t.a.w.s.WebMvcTestContextBootstrapper : Using TestExecutionListeners: [org.springframework.test.context.web.ServletTestExecutionListener@2a3b5a14, org.springframework.test.context.support.DirtiesContextBeforeModesTestExecutionListener@69f640ec, org.springframework.test.context.event.ApplicationEventsTestExecutionListener@62367af7, org.springframework.boot.test.mock.mockito.MockitoTestExecutionListener@1cf92f33, org.springframework.boot.test.autoconfigure.SpringBootDependencyInjectionTestExecutionListener@6c622d42, org.springframework.test.context.support.DirtiesContextTestExecutionListener@3748e102, org.springframework.test.context.transaction.TransactionalTestExecutionListener@66f8c4de, org.springframework.test.context.jdbc.SqlScriptsTestExecutionListener@332dff85, org.springframework.test.context.event.EventPublishingTestExecutionListener@4ed8cc9f, org.springframework.boot.test.autoconfigure.restdocs.RestDocsTestExecutionListener@3ee864b7, org.springframework.boot.test.autoconfigure.web.client.MockRestServiceServerResetTestExecutionListener@1e969980, org.springframework.boot.test.autoconfigure.web.servlet.MockMvcPrintOnlyOnFailureTestExecutionListener@421b9c00, org.springframework.boot.test.autoconfigure.web.servlet.WebDriverTestExecutionListener@4aaf1ce8, org.springframework.boot.test.autoconfigure.webservices.client.MockWebServiceServerTestExecutionListener@379f04d6, org.springframework.boot.test.mock.mockito.ResetMocksTestExecutionListener@1d6fd13c]
]]></system-out>
  <system-err><![CDATA[]]></system-err>
</testsuite>
