<?xml version="1.0" encoding="UTF-8"?>
<testsuite name="com.ceiba.persona.controlador.ConsultaControladorPersonaTest" tests="3" skipped="0" failures="0" errors="0" timestamp="2021-07-30T13:42:54" hostname="LUZP-ZAPATA" time="0.081">
  <properties/>
  <testcase name="listarIdTest" classname="com.ceiba.persona.controlador.ConsultaControladorPersonaTest" time="0.04"/>
  <testcase name="listarUsernameTest" classname="com.ceiba.persona.controlador.ConsultaControladorPersonaTest" time="0.016"/>
  <testcase name="listarTest" classname="com.ceiba.persona.controlador.ConsultaControladorPersonaTest" time="0.023"/>
  <system-out><![CDATA[2021-07-30 08:42:49.660  INFO 16704 --- [    Test worker] o.s.t.c.support.AbstractContextLoader    : Could not detect default resource locations for test class [com.ceiba.persona.controlador.ConsultaControladorPersonaTest]: no resource found for suffixes {-context.xml, Context.groovy}.
2021-07-30 08:42:49.673  INFO 16704 --- [    Test worker] .b.t.a.w.s.WebMvcTestContextBootstrapper : Loaded default TestExecutionListener class names from location [META-INF/spring.factories]: [org.springframework.boot.test.autoconfigure.restdocs.RestDocsTestExecutionListener, org.springframework.boot.test.autoconfigure.web.client.MockRestServiceServerResetTestExecutionListener, org.springframework.boot.test.autoconfigure.web.servlet.MockMvcPrintOnlyOnFailureTestExecutionListener, org.springframework.boot.test.autoconfigure.web.servlet.WebDriverTestExecutionListener, org.springframework.boot.test.autoconfigure.webservices.client.MockWebServiceServerTestExecutionListener, org.springframework.boot.test.mock.mockito.MockitoTestExecutionListener, org.springframework.boot.test.mock.mockito.ResetMocksTestExecutionListener, org.springframework.test.context.web.ServletTestExecutionListener, org.springframework.test.context.support.DirtiesContextBeforeModesTestExecutionListener, org.springframework.test.context.event.ApplicationEventsTestExecutionListener, org.springframework.test.context.support.DependencyInjectionTestExecutionListener, org.springframework.test.context.support.DirtiesContextTestExecutionListener, org.springframework.test.context.transaction.TransactionalTestExecutionListener, org.springframework.test.context.jdbc.SqlScriptsTestExecutionListener, org.springframework.test.context.event.EventPublishingTestExecutionListener]
2021-07-30 08:42:49.676  INFO 16704 --- [    Test worker] .b.t.a.w.s.WebMvcTestContextBootstrapper : Using TestExecutionListeners: [org.springframework.test.context.web.ServletTestExecutionListener@2c848a71, org.springframework.test.context.support.DirtiesContextBeforeModesTestExecutionListener@55db36f9, org.springframework.test.context.event.ApplicationEventsTestExecutionListener@56a6a550, org.springframework.boot.test.mock.mockito.MockitoTestExecutionListener@2feed45b, org.springframework.boot.test.autoconfigure.SpringBootDependencyInjectionTestExecutionListener@273114d5, org.springframework.test.context.support.DirtiesContextTestExecutionListener@2bd19234, org.springframework.test.context.transaction.TransactionalTestExecutionListener@483e3e3b, org.springframework.test.context.jdbc.SqlScriptsTestExecutionListener@11ab776b, org.springframework.test.context.event.EventPublishingTestExecutionListener@3e134e37, org.springframework.boot.test.autoconfigure.restdocs.RestDocsTestExecutionListener@19f42bf3, org.springframework.boot.test.autoconfigure.web.client.MockRestServiceServerResetTestExecutionListener@20820110, org.springframework.boot.test.autoconfigure.web.servlet.MockMvcPrintOnlyOnFailureTestExecutionListener@6a582a44, org.springframework.boot.test.autoconfigure.web.servlet.WebDriverTestExecutionListener@4e1eb3ce, org.springframework.boot.test.autoconfigure.webservices.client.MockWebServiceServerTestExecutionListener@760da24d, org.springframework.boot.test.mock.mockito.ResetMocksTestExecutionListener@4637b71d]

  .   ____          _            __ _ _
 /\\ / ___'_ __ _ _(_)_ __  __ _ \ \ \ \
( ( )\___ | '_ | '_| | '_ \/ _` | \ \ \ \
 \\/  ___)| |_)| | | | | || (_| |  ) ) ) )
  '  |____| .__|_| |_|_| |_\__, | / / / /
 =========|_|==============|___/=/_/_/_/
 :: Spring Boot ::                (v2.5.2)

2021-07-30 08:42:49.849  INFO 16704 --- [    Test worker] c.c.p.c.ConsultaControladorPersonaTest   : Starting ConsultaControladorPersonaTest using Java 11.0.10 on LUZP-ZAPATA with PID 16704 (started by luz.zapata in C:\marketplace\java-arquitectura-hexagonal\microservicio\infraestructura)
2021-07-30 08:42:49.852  INFO 16704 --- [    Test worker] c.c.p.c.ConsultaControladorPersonaTest   : No active profile set, falling back to default profiles: default
2021-07-30 08:42:51.609  INFO 16704 --- [    Test worker] com.zaxxer.hikari.HikariDataSource       : pool - Starting...
2021-07-30 08:42:51.614  INFO 16704 --- [    Test worker] com.zaxxer.hikari.HikariDataSource       : pool - Start completed.
2021-07-30 08:42:53.386  INFO 16704 --- [    Test worker] pertySourcedRequestMappingHandlerMapping : Mapped URL path [/v2/api-docs] onto method [springfox.documentation.swagger2.web.Swagger2Controller#getDocumentation(String, HttpServletRequest)]
2021-07-30 08:42:53.394  INFO 16704 --- [    Test worker] o.s.j.d.e.EmbeddedDatabaseFactory        : Starting embedded database: url='jdbc:h2:mem:testdb;DB_CLOSE_DELAY=-1;DB_CLOSE_ON_EXIT=false', username='sa'
2021-07-30 08:42:53.406  INFO 16704 --- [    Test worker] o.f.c.internal.database.DatabaseFactory  : Database: jdbc:h2:mem:testdb (H2 1.4)
2021-07-30 08:42:53.435  INFO 16704 --- [    Test worker] o.f.core.internal.command.DbValidate     : Successfully validated 2 migrations (execution time 00:00.013s)
2021-07-30 08:42:53.443  INFO 16704 --- [    Test worker] o.f.core.internal.command.DbMigrate      : Current version of schema "PUBLIC": 1.1
2021-07-30 08:42:53.444  INFO 16704 --- [    Test worker] o.f.core.internal.command.DbMigrate      : Schema "PUBLIC" is up to date. No migration necessary.
2021-07-30 08:42:54.379  INFO 16704 --- [    Test worker] o.s.b.t.m.w.SpringBootMockServletContext : Initializing Spring TestDispatcherServlet ''
2021-07-30 08:42:54.381  INFO 16704 --- [    Test worker] o.s.t.web.servlet.TestDispatcherServlet  : Initializing Servlet ''
2021-07-30 08:42:54.383  INFO 16704 --- [    Test worker] o.s.t.web.servlet.TestDispatcherServlet  : Completed initialization in 1 ms
2021-07-30 08:42:54.442  INFO 16704 --- [    Test worker] d.s.w.p.DocumentationPluginsBootstrapper : Context refreshed
2021-07-30 08:42:54.444  INFO 16704 --- [    Test worker] d.s.w.p.DocumentationPluginsBootstrapper : Found 1 custom documentation plugin(s)
2021-07-30 08:42:54.510  INFO 16704 --- [    Test worker] s.d.s.w.s.ApiListingReferenceScanner     : Scanning for api listing references
2021-07-30 08:42:54.568  INFO 16704 --- [    Test worker] .d.s.w.r.o.CachingOperationNameGenerator : Generating unique operation named: actualizarUsingPUT_1
2021-07-30 08:42:54.577  INFO 16704 --- [    Test worker] .d.s.w.r.o.CachingOperationNameGenerator : Generating unique operation named: crearUsingPOST_1
2021-07-30 08:42:54.583  INFO 16704 --- [    Test worker] .d.s.w.r.o.CachingOperationNameGenerator : Generating unique operation named: eliminarUsingDELETE_1
2021-07-30 08:42:54.604  INFO 16704 --- [    Test worker] .d.s.w.r.o.CachingOperationNameGenerator : Generating unique operation named: actualizarUsingPUT_2
2021-07-30 08:42:54.613  INFO 16704 --- [    Test worker] .d.s.w.r.o.CachingOperationNameGenerator : Generating unique operation named: crearUsingPOST_2
2021-07-30 08:42:54.625  INFO 16704 --- [    Test worker] .d.s.w.r.o.CachingOperationNameGenerator : Generating unique operation named: eliminarUsingDELETE_2
2021-07-30 08:42:54.666  INFO 16704 --- [    Test worker] .d.s.w.r.o.CachingOperationNameGenerator : Generating unique operation named: listarUsingGET_1
2021-07-30 08:42:54.674  INFO 16704 --- [    Test worker] .d.s.w.r.o.CachingOperationNameGenerator : Generating unique operation named: listarUsingGET_2
2021-07-30 08:42:54.687  INFO 16704 --- [    Test worker] .d.s.w.r.o.CachingOperationNameGenerator : Generating unique operation named: listarUsingGET_3
2021-07-30 08:42:54.729  INFO 16704 --- [    Test worker] .d.s.w.r.o.CachingOperationNameGenerator : Generating unique operation named: listarUsingGET_4
2021-07-30 08:42:54.750  INFO 16704 --- [    Test worker] .d.s.w.r.o.CachingOperationNameGenerator : Generating unique operation named: listarUsingGET_5
2021-07-30 08:42:54.765  INFO 16704 --- [    Test worker] .d.s.w.r.o.CachingOperationNameGenerator : Generating unique operation named: listarUsingGET_6
2021-07-30 08:42:54.773  INFO 16704 --- [    Test worker] .d.s.w.r.o.CachingOperationNameGenerator : Generating unique operation named: listarUsingGET_7
2021-07-30 08:42:54.780  INFO 16704 --- [    Test worker] c.c.p.c.ConsultaControladorPersonaTest   : Started ConsultaControladorPersonaTest in 5.088 seconds (JVM running for 40.415)
]]></system-out>
  <system-err><![CDATA[]]></system-err>
</testsuite>
