<?xml version="1.0" encoding="UTF-8"?>
<testsuite name="com.ceiba.compra.servicio.ServicioActualizarCompraTest" tests="1" skipped="0" failures="0" errors="0" timestamp="2021-08-19T15:33:05" hostname="LUZP-ZAPATA" time="0.342">
  <properties/>
  <testcase name="validarActualizacionCompraTest" classname="com.ceiba.compra.servicio.ServicioActualizarCompraTest" time="0.342"/>
  <system-out><![CDATA[]]></system-out>
  <system-err><![CDATA[]]></system-err>
</testsuite>
