<?xml version="1.0" encoding="UTF-8"?>
<testsuite name="com.ceiba.pedido.servicio.ServicioActualizarPedidoTest" tests="1" skipped="0" failures="0" errors="0" timestamp="2021-07-29T21:15:21" hostname="LUZP-ZAPATA" time="0.49">
  <properties/>
  <testcase name="validarActualizacionPedidoTest" classname="com.ceiba.pedido.servicio.ServicioActualizarPedidoTest" time="0.49"/>
  <system-out><![CDATA[]]></system-out>
  <system-err><![CDATA[]]></system-err>
</testsuite>
