<?xml version="1.0" encoding="UTF-8"?>
<testsuite name="com.ceiba.persona.servicio.ServicioCreaPersonaTest" tests="10" skipped="0" failures="0" errors="0" timestamp="2021-08-20T14:22:54" hostname="LUZP-ZAPATA" time="0.016">
  <properties/>
  <testcase name="validarPersonaTest" classname="com.ceiba.persona.servicio.ServicioCreaPersonaTest" time="0.002"/>
  <testcase name="validarCampoCelularBlancoTest" classname="com.ceiba.persona.servicio.ServicioCreaPersonaTest" time="0.001"/>
  <testcase name="validarCampoUsernameBlancoTest" classname="com.ceiba.persona.servicio.ServicioCreaPersonaTest" time="0.0"/>
  <testcase name="validarCampoUsernameVacioTest" classname="com.ceiba.persona.servicio.ServicioCreaPersonaTest" time="0.004"/>
  <testcase name="validarCampoNombreVacioTest" classname="com.ceiba.persona.servicio.ServicioCreaPersonaTest" time="0.001"/>
  <testcase name="validarPersonaExistenciaPreviaTest" classname="com.ceiba.persona.servicio.ServicioCreaPersonaTest" time="0.001"/>
  <testcase name="validarCampoEmailBlancoTest" classname="com.ceiba.persona.servicio.ServicioCreaPersonaTest" time="0.001"/>
  <testcase name="validarCampoEmailVacioTest" classname="com.ceiba.persona.servicio.ServicioCreaPersonaTest" time="0.0"/>
  <testcase name="validarCampoCelularVacioTest" classname="com.ceiba.persona.servicio.ServicioCreaPersonaTest" time="0.001"/>
  <testcase name="validarCampoNombreBlancoTest" classname="com.ceiba.persona.servicio.ServicioCreaPersonaTest" time="0.001"/>
  <system-out><![CDATA[]]></system-out>
  <system-err><![CDATA[]]></system-err>
</testsuite>
