<?xml version="1.0" encoding="UTF-8"?>
<testsuite name="com.ceiba.scotter.servicio.ServicioCrearScotterTest" tests="10" skipped="0" failures="0" errors="0" timestamp="2021-09-13T02:06:32" hostname="LUZP-ZAPATA" time="0.02">
  <properties/>
  <testcase name="validarCampoCiudadVacioTest" classname="com.ceiba.scotter.servicio.ServicioCrearScotterTest" time="0.002"/>
  <testcase name="validarCampoMarcaBlancoTest" classname="com.ceiba.scotter.servicio.ServicioCrearScotterTest" time="0.001"/>
  <testcase name="validarCampoMarcaVacioTest" classname="com.ceiba.scotter.servicio.ServicioCrearScotterTest" time="0.001"/>
  <testcase name="validarCampoFotoVacioTest" classname="com.ceiba.scotter.servicio.ServicioCrearScotterTest" time="0.001"/>
  <testcase name="agregarScotterTest1" classname="com.ceiba.scotter.servicio.ServicioCrearScotterTest" time="0.002"/>
  <testcase name="validarCampoFotoBlancoTest" classname="com.ceiba.scotter.servicio.ServicioCrearScotterTest" time="0.001"/>
  <testcase name="validarCampoModeloBlancoTest" classname="com.ceiba.scotter.servicio.ServicioCrearScotterTest" time="0.001"/>
  <testcase name="validarCampoPrecioCeroTest" classname="com.ceiba.scotter.servicio.ServicioCrearScotterTest" time="0.001"/>
  <testcase name="validarCampoModeloVacioTest" classname="com.ceiba.scotter.servicio.ServicioCrearScotterTest" time="0.004"/>
  <testcase name="validarCampoCiudadBlancoTest" classname="com.ceiba.scotter.servicio.ServicioCrearScotterTest" time="0.001"/>
  <system-out><![CDATA[]]></system-out>
  <system-err><![CDATA[]]></system-err>
</testsuite>
