<?xml version="1.0" encoding="UTF-8"?>
<testsuite name="com.ceiba.compra.servicio.ServicioCrearCompraTest" tests="6" skipped="0" failures="0" errors="0" timestamp="2021-08-20T14:22:53" hostname="LUZP-ZAPATA" time="0.321">
  <properties/>
  <testcase name="validarCalcularValorFleteCiudadOrigenDiferenteCiudadDestinoTest" classname="com.ceiba.compra.servicio.ServicioCrearCompraTest" time="0.294"/>
  <testcase name="validarCalcularValorFleteCiudadoOrigenIgualCiudadDestinoTest" classname="com.ceiba.compra.servicio.ServicioCrearCompraTest" time="0.0"/>
  <testcase name="crearCompraTest" classname="com.ceiba.compra.servicio.ServicioCrearCompraTest" time="0.022"/>
  <testcase name="validarDescuentoPagoTestDiferenteFecha" classname="com.ceiba.compra.servicio.ServicioCrearCompraTest" time="0.0"/>
  <testcase name="validarCalcularValorTotalTest" classname="com.ceiba.compra.servicio.ServicioCrearCompraTest" time="0.001"/>
  <testcase name="validarDescuentoPagoTestMismaFecha" classname="com.ceiba.compra.servicio.ServicioCrearCompraTest" time="0.001"/>
  <system-out><![CDATA[]]></system-out>
  <system-err><![CDATA[]]></system-err>
</testsuite>
