<?xml version="1.0" encoding="UTF-8"?>
<testsuite name="com.ceiba.persona.servicio.ServicioActualizarPersonaTest" tests="2" skipped="0" failures="0" errors="0" timestamp="2021-09-13T01:35:09" hostname="LUZP-ZAPATA" time="0.028">
  <properties/>
  <testcase name="validarPersonaTest" classname="com.ceiba.persona.servicio.ServicioActualizarPersonaTest" time="0.013"/>
  <testcase name="validarPersonaExistenciaPreviaTest" classname="com.ceiba.persona.servicio.ServicioActualizarPersonaTest" time="0.015"/>
  <system-out><![CDATA[]]></system-out>
  <system-err><![CDATA[]]></system-err>
</testsuite>
