<?xml version="1.0" encoding="UTF-8"?>
<testsuite name="com.ceiba.pedido.servicio.ServicioActualizarPedidoTest" tests="1" skipped="0" failures="0" errors="0" timestamp="2021-08-03T15:34:03" hostname="LUZP-ZAPATA" time="0.295">
  <properties/>
  <testcase name="validarActualizacionPedidoTest" classname="com.ceiba.pedido.servicio.ServicioActualizarPedidoTest" time="0.295"/>
  <system-out><![CDATA[]]></system-out>
  <system-err><![CDATA[]]></system-err>
</testsuite>
