<?xml version="1.0" encoding="UTF-8"?>
<testsuite name="com.ceiba.compra.servicio.ServicioEliminarCompraTest" tests="1" skipped="0" failures="0" errors="0" timestamp="2021-08-19T16:29:22" hostname="LUZP-ZAPATA" time="0.001">
  <properties/>
  <testcase name="validarEliminarCompraTest" classname="com.ceiba.compra.servicio.ServicioEliminarCompraTest" time="0.001"/>
  <system-out><![CDATA[]]></system-out>
  <system-err><![CDATA[]]></system-err>
</testsuite>
