<?xml version="1.0" encoding="UTF-8"?>
<testsuite name="com.ceiba.scotter.servicio.ServicioCrearScotterTest" tests="1" skipped="0" failures="0" errors="0" timestamp="2021-07-21T17:04:48" hostname="LUZP-ZAPATA" time="0.385">
  <properties/>
  <testcase name="agregarScotterTest1" classname="com.ceiba.scotter.servicio.ServicioCrearScotterTest" time="0.385"/>
  <system-out><![CDATA[]]></system-out>
  <system-err><![CDATA[]]></system-err>
</testsuite>
