<?xml version="1.0" encoding="UTF-8"?>
<testsuite name="com.ceiba.persona.servicio.ServicioActualizarPersonaTest" tests="2" skipped="0" failures="0" errors="0" timestamp="2021-08-19T15:33:05" hostname="LUZP-ZAPATA" time="0.045">
  <properties/>
  <testcase name="validarPersonaTest" classname="com.ceiba.persona.servicio.ServicioActualizarPersonaTest" time="0.011"/>
  <testcase name="validarPersonaExistenciaPreviaTest" classname="com.ceiba.persona.servicio.ServicioActualizarPersonaTest" time="0.033"/>
  <system-out><![CDATA[]]></system-out>
  <system-err><![CDATA[]]></system-err>
</testsuite>
