<?xml version="1.0" encoding="UTF-8"?>
<testsuite name="com.ceiba.pedido.servicio.ServicioCrearPedidoTest" tests="10" skipped="0" failures="0" errors="0" timestamp="2021-07-30T20:06:41" hostname="LUZP-ZAPATA" time="0.117">
  <properties/>
  <testcase name="validarCampoCiudadVacioTest" classname="com.ceiba.pedido.servicio.ServicioCrearPedidoTest" time="0.104"/>
  <testcase name="validarCampoCompradorVacioTest" classname="com.ceiba.pedido.servicio.ServicioCrearPedidoTest" time="0.002"/>
  <testcase name="validarCalcularValorFleteCiudadIgualTest" classname="com.ceiba.pedido.servicio.ServicioCrearPedidoTest" time="0.001"/>
  <testcase name="validarCampoDestinoVacioTest" classname="com.ceiba.pedido.servicio.ServicioCrearPedidoTest" time="0.002"/>
  <testcase name="validarCalcularValorTotalTest" classname="com.ceiba.pedido.servicio.ServicioCrearPedidoTest" time="0.001"/>
  <testcase name="validarCampoPrecioVacioTest" classname="com.ceiba.pedido.servicio.ServicioCrearPedidoTest" time="0.001"/>
  <testcase name="validarCampoBiciVacioTest" classname="com.ceiba.pedido.servicio.ServicioCrearPedidoTest" time="0.002"/>
  <testcase name="validarCalcularValorFleteCiudadDiferenteTest" classname="com.ceiba.pedido.servicio.ServicioCrearPedidoTest" time="0.0"/>
  <testcase name="agregarPedidoTest" classname="com.ceiba.pedido.servicio.ServicioCrearPedidoTest" time="0.0"/>
  <testcase name="validarDescuentoPagoTest" classname="com.ceiba.pedido.servicio.ServicioCrearPedidoTest" time="0.0"/>
  <system-out><![CDATA[]]></system-out>
  <system-err><![CDATA[]]></system-err>
</testsuite>
