<?xml version="1.0" encoding="UTF-8"?>
<testsuite name="com.ceiba.pedido.servicio.ServicioEliminarPedidoTest" tests="1" skipped="0" failures="0" errors="0" timestamp="2021-08-03T14:26:48" hostname="LUZP-ZAPATA" time="0.002">
  <properties/>
  <testcase name="validarEliminarPedidoTest" classname="com.ceiba.pedido.servicio.ServicioEliminarPedidoTest" time="0.002"/>
  <system-out><![CDATA[]]></system-out>
  <system-err><![CDATA[]]></system-err>
</testsuite>
