<?xml version="1.0" encoding="UTF-8"?>
<testsuite name="com.ceiba.scotter.servicio.ServicioActualizarScotterTest" tests="1" skipped="0" failures="0" errors="0" timestamp="2021-09-13T02:06:32" hostname="LUZP-ZAPATA" time="0.014">
  <properties/>
  <testcase name="validarActualizarScotterTest" classname="com.ceiba.scotter.servicio.ServicioActualizarScotterTest" time="0.014"/>
  <system-out><![CDATA[]]></system-out>
  <system-err><![CDATA[]]></system-err>
</testsuite>
